04-06-2019 18:46:49 INFO [asnconverter]: Starting execution at +:04-Jun-2019 18:46:49
04-06-2019 18:46:50 INFO [asnconverter]: ****************************************************************************************
04-06-2019 18:46:50 INFO [asnconverter]: ****************************************************************************************
04-06-2019 18:46:50 INFO [asnconverter]: $$$$$$$$$$$$$$$$$$$$$ Parsing File SDPOUTPUTCDR_4001_meytvvmsdp01_SUB_8450_20190604-181118.ASN $$$$$$$$$$$$$$$$$$$$$$$$$
04-06-2019 18:46:50 INFO [asnconverter]: ****************************************************************************************
04-06-2019 18:46:50 INFO [asnconverter]: ****************************************************************************************
04-06-2019 18:46:50 INFO [asnconverter]: XXXXXXXXXXXXXXXXXXXXXXX             -E---N---D-             XXXXXXXXXXXXXXXXXXXXXX
04-06-2019 18:46:50 INFO [asnconverter]: ****************************************************************************************
04-06-2019 18:46:50 INFO [asnconverter]: ****************************************************************************************
04-06-2019 18:46:50 INFO [asnconverter]: $$$$$$$$$$$$$$$$$$$$$ Parsing File CHARGINGCDR-meytvvmocc01-190604-1812-03168.ber $$$$$$$$$$$$$$$$$$$$$$$$$
04-06-2019 18:46:50 INFO [asnconverter]: ****************************************************************************************
04-06-2019 18:46:50 INFO [asnconverter]: ****************************************************************************************
04-06-2019 18:46:51 INFO [asnconverter]: subscriptionIDValue = 971520001714
04-06-2019 18:46:51 INFO [asnconverter]: resultCode = 2001
04-06-2019 18:46:51 INFO [asnconverter]: triggerTime = 916040813130304000
04-06-2019 18:46:51 INFO [asnconverter]: nodeName = meytvvmocc01
04-06-2019 18:46:51 INFO [asnconverter]: serviceContextID = SCAP_V.2.0@ericsson.com
04-06-2019 18:46:51 INFO [asnconverter]: chargingContextID = SCAP_V.2.0@ericsson.com
04-06-2019 18:46:51 INFO [asnconverter]: serviceSessionID = -:1001:1
04-06-2019 18:46:51 INFO [asnconverter]: recordIdentificationNumber = 141C
04-06-2019 18:46:51 INFO [asnconverter]: partialSequenceNumber = 0
04-06-2019 18:46:51 INFO [asnconverter]: lastPartialOutput = TRUE
04-06-2019 18:46:51 INFO [asnconverter]: subscriptionIDType = endUserE164
04-06-2019 18:46:51 INFO [asnconverter]: subscriptionIDValue = 971520001714
04-06-2019 18:46:51 INFO [asnconverter]: sessionId = 2531177584804
04-06-2019 18:46:51 INFO [asnconverter]: lastPartialOutput = TRUE
04-06-2019 18:46:51 INFO [asnconverter]: ccRequestNumber = 1
04-06-2019 18:46:51 INFO [asnconverter]: originRealm = 6369732E636F6D
04-06-2019 18:46:51 INFO [asnconverter]: originHost = 31302E39352E3231342E313337
04-06-2019 18:46:51 INFO [asnconverter]: serviceIdentifier = 1001
04-06-2019 18:46:51 INFO [asnconverter]: tariffChangeUsage = before
04-06-2019 18:46:51 INFO [asnconverter]: eventTime = 32303139303630343138313134382B30343030
04-06-2019 18:46:51 INFO [asnconverter]: triggerTime = 32303139303630343138313330332B30343030
04-06-2019 18:46:51 INFO [asnconverter]: serviceScenario = mobileOriginating
04-06-2019 18:46:51 INFO [asnconverter]: roamingPosition = insideHPLMN
04-06-2019 18:46:51 INFO [asnconverter]: servedAccount = 81795102007141
04-06-2019 18:46:51 INFO [asnconverter]: serviceClassID = 1001
04-06-2019 18:46:51 INFO [asnconverter]: accountGroupID = 0
04-06-2019 18:46:51 INFO [asnconverter]: accountValueBefore = 
                        0
                        6
                        784
                     
04-06-2019 18:46:51 INFO [asnconverter]: amount = 0
04-06-2019 18:46:51 INFO [asnconverter]: decimals = 6
04-06-2019 18:46:51 INFO [asnconverter]: currency = 784
04-06-2019 18:46:51 INFO [asnconverter]: accountValueAfter = 
                        0
                        6
                        784
                     
04-06-2019 18:46:51 INFO [asnconverter]: amount = 0
04-06-2019 18:46:51 INFO [asnconverter]: decimals = 6
04-06-2019 18:46:51 INFO [asnconverter]: currency = 784
04-06-2019 18:46:51 INFO [asnconverter]: accumulatorID = 61
04-06-2019 18:46:51 INFO [asnconverter]: accumulatorChange = 0
04-06-2019 18:46:51 INFO [asnconverter]: accumulatorAfter = 1
04-06-2019 18:46:51 INFO [asnconverter]: accumulatorBeforeSession = 1
04-06-2019 18:46:51 INFO [asnconverter]: XXXXXXXXXXXXXXXXXXXXXXX             -E---N---D-             XXXXXXXXXXXXXXXXXXXXXX
04-06-2019 18:46:51 INFO [asnconverter]: ****************************************************************************************
04-06-2019 18:46:51 INFO [asnconverter]: ****************************************************************************************
04-06-2019 18:46:51 INFO [asnconverter]: $$$$$$$$$$$$$$$$$$$$$ Parsing File EDRfile.csv $$$$$$$$$$$$$$$$$$$$$$$$$
04-06-2019 18:46:51 INFO [asnconverter]: ****************************************************************************************
04-06-2019 18:46:51 INFO [asnconverter]: ****************************************************************************************
04-06-2019 18:46:52 INFO [asnconverter]: XXXXXXXXXXXXXXXXXXXXXXX             -E---N---D-             XXXXXXXXXXXXXXXXXXXXXX
