27-05-2019 18:39:31 INFO [asnconverter]: Starting execution at +:27-May-2019 18:39:31
27-05-2019 18:39:32 INFO [asnconverter]: ****************************************************************************************
27-05-2019 18:39:32 INFO [asnconverter]: ****************************************************************************************
27-05-2019 18:39:32 INFO [asnconverter]: $$$$$$$$$$$$$$$$$$$$$ Parsing File SDPOUTPUTCDR_4001_meytvvmsdp01_SUB_6270_20190527-175630.ASN $$$$$$$$$$$$$$$$$$$$$$$$$
27-05-2019 18:39:32 INFO [asnconverter]: ****************************************************************************************
27-05-2019 18:39:32 INFO [asnconverter]: ****************************************************************************************
27-05-2019 18:39:33 INFO [asnconverter]: accountNumber = 971520001159
27-05-2019 18:39:33 INFO [asnconverter]: adjustmentRecordType = refillCDR
27-05-2019 18:39:33 INFO [asnconverter]: sdpID = meytvvmsdp01
27-05-2019 18:39:33 INFO [asnconverter]: cdrID = 148353153998981785
27-05-2019 18:39:33 INFO [asnconverter]: accountNumber = 971520001159
27-05-2019 18:39:33 INFO [asnconverter]: subscriberNumber = 971520001159
27-05-2019 18:39:33 INFO [asnconverter]: adjustmentTimeStamp = 20190527175630+0400
27-05-2019 18:39:33 INFO [asnconverter]: serviceClassId = 1004
27-05-2019 18:39:33 INFO [asnconverter]: currencyType = 0
27-05-2019 18:39:33 INFO [asnconverter]: originNodeType = VOMS
27-05-2019 18:39:33 INFO [asnconverter]: originNodeId = VOMS
27-05-2019 18:39:33 INFO [asnconverter]: origTransactionID = 313701
27-05-2019 18:39:33 INFO [asnconverter]: origTransactionTimeStamp = 20190527175510+0400
27-05-2019 18:39:33 INFO [asnconverter]: originOperatorId = CIS
27-05-2019 18:39:33 INFO [asnconverter]: accountFlagsBefore = 10000000
27-05-2019 18:39:33 INFO [asnconverter]: accountFlagsAfter = 10000000
27-05-2019 18:39:33 INFO [asnconverter]: activationDate = 20190410
27-05-2019 18:39:33 INFO [asnconverter]: offerID = 1001
27-05-2019 18:39:33 INFO [asnconverter]: action = set
27-05-2019 18:39:33 INFO [asnconverter]: offerType = timer
27-05-2019 18:39:33 INFO [asnconverter]: offerDisabledAfter = FALSE
27-05-2019 18:39:33 INFO [asnconverter]: XXXXXXXXXXXXXXXXXXXXXXX             -E---N---D-             XXXXXXXXXXXXXXXXXXXXXX
27-05-2019 18:39:33 INFO [asnconverter]: ****************************************************************************************
27-05-2019 18:39:33 INFO [asnconverter]: ****************************************************************************************
27-05-2019 18:39:33 INFO [asnconverter]: $$$$$$$$$$$$$$$$$$$$$ Parsing File CHARGINGCDR-meytvvmocc01-190527-1757-02333.ber $$$$$$$$$$$$$$$$$$$$$$$$$
27-05-2019 18:39:33 INFO [asnconverter]: ****************************************************************************************
27-05-2019 18:39:33 INFO [asnconverter]: ****************************************************************************************
27-05-2019 18:39:33 INFO [asnconverter]: subscriptionIDValue = 971520001714
27-05-2019 18:39:33 INFO [asnconverter]: triggerTime = 915072718510304000
27-05-2019 18:39:33 INFO [asnconverter]: nodeName = meytvvmocc01
27-05-2019 18:39:33 INFO [asnconverter]: serviceContextID = SCAP_V.2.0@ericsson.com
27-05-2019 18:39:33 INFO [asnconverter]: chargingContextID = SCAP_V.2.0@ericsson.com
27-05-2019 18:39:33 INFO [asnconverter]: serviceSessionID = -:1001:1
27-05-2019 18:39:33 INFO [asnconverter]: recordIdentificationNumber = 0E90
27-05-2019 18:39:33 INFO [asnconverter]: partialSequenceNumber = 0
27-05-2019 18:39:33 INFO [asnconverter]: lastPartialOutput = TRUE
27-05-2019 18:39:33 INFO [asnconverter]: subscriptionIDType = endUserE164
27-05-2019 18:39:33 INFO [asnconverter]: subscriptionIDValue = 971520001714
27-05-2019 18:39:33 INFO [asnconverter]: sessionId = 2530485482998
27-05-2019 18:39:33 INFO [asnconverter]: ccRequestNumber = 1
27-05-2019 18:39:33 INFO [asnconverter]: originRealm = 6369732E636F6D
27-05-2019 18:39:33 INFO [asnconverter]: originHost = 31302E39352E3231342E313337
27-05-2019 18:39:33 INFO [asnconverter]: serviceIdentifier = 1001
27-05-2019 18:39:33 INFO [asnconverter]: tariffChangeUsage = before
27-05-2019 18:39:33 INFO [asnconverter]: amount = 0
27-05-2019 18:39:33 INFO [asnconverter]: decimals = 2
27-05-2019 18:39:33 INFO [asnconverter]: currency = 784
27-05-2019 18:39:33 INFO [asnconverter]: eventTime = 32303139303532373137353731332B30343030
27-05-2019 18:39:33 INFO [asnconverter]: triggerTime = 915072718510304000
27-05-2019 18:39:33 INFO [asnconverter]: serviceScenario = mobileOriginating
27-05-2019 18:39:33 INFO [asnconverter]: roamingPosition = insideHPLMN
27-05-2019 18:39:33 INFO [asnconverter]: servedAccount = 81795102007141
27-05-2019 18:39:33 INFO [asnconverter]: serviceClassID = 1001
27-05-2019 18:39:33 INFO [asnconverter]: accountGroupID = 0
27-05-2019 18:39:33 INFO [asnconverter]: accountValueBefore = 0 6 784
27-05-2019 18:39:33 INFO [asnconverter]: amount = 0
27-05-2019 18:39:33 INFO [asnconverter]: decimals = 6
27-05-2019 18:39:33 INFO [asnconverter]: currency = 784
27-05-2019 18:39:33 INFO [asnconverter]: accountValueAfter = 0 6 784
27-05-2019 18:39:33 INFO [asnconverter]: amount = 0
27-05-2019 18:39:33 INFO [asnconverter]: decimals = 6
27-05-2019 18:39:33 INFO [asnconverter]: currency = 784
27-05-2019 18:39:33 INFO [asnconverter]: XXXXXXXXXXXXXXXXXXXXXXX             -E---N---D-             XXXXXXXXXXXXXXXXXXXXXX
