26-12-2018 12:15:21 INFO [asnconverter]: Starting execution at +:26-Dec-2018 12:15:20
26-12-2018 12:15:22 INFO [asnconverter]: ****************************************************************************************
26-12-2018 12:15:22 INFO [asnconverter]: ****************************************************************************************
26-12-2018 12:15:22 INFO [asnconverter]: $$$$$$$$$$$$$$$$$$$$$ Parsing File meydvvmccn01-CCNCDR44-01-Blk0Blk-0028-20181225072557-2 $$$$$$$$$$$$$$$$$$$$$$$$$
26-12-2018 12:15:22 INFO [asnconverter]: ****************************************************************************************
26-12-2018 12:15:22 INFO [asnconverter]: ****************************************************************************************
26-12-2018 12:15:22 INFO [asnconverter]: subscriptionIDValue = 971520000006
26-12-2018 12:15:22 INFO [asnconverter]: XXXXXXXXXXXXXXXXXXXXXXX             -E---N---D-             XXXXXXXXXXXXXXXXXXXXXX
26-12-2018 12:15:22 INFO [asnconverter]: ****************************************************************************************
26-12-2018 12:15:22 INFO [asnconverter]: ****************************************************************************************
26-12-2018 12:15:22 INFO [asnconverter]: $$$$$$$$$$$$$$$$$$$$$ Parsing File meydvvmccn01-CCNCDR44-01-Blk0Blk-0032-20181225074536-1 $$$$$$$$$$$$$$$$$$$$$$$$$
26-12-2018 12:15:22 INFO [asnconverter]: ****************************************************************************************
26-12-2018 12:15:22 INFO [asnconverter]: ****************************************************************************************
26-12-2018 12:15:23 INFO [asnconverter]: subscriptionIDValue = 971520000006
26-12-2018 12:15:23 INFO [asnconverter]: inidividualPriceFactor = 105
26-12-2018 12:15:23 INFO [asnconverter]: XXXXXXXXXXXXXXXXXXXXXXX             -E---N---D-             XXXXXXXXXXXXXXXXXXXXXX
26-12-2018 12:15:23 INFO [asnconverter]: ****************************************************************************************
26-12-2018 12:15:23 INFO [asnconverter]: ****************************************************************************************
26-12-2018 12:15:23 INFO [asnconverter]: $$$$$$$$$$$$$$$$$$$$$ Parsing File meydvvmccn01-CCNCDR44-02-Blk0Blk-0051-20181225083317-1 $$$$$$$$$$$$$$$$$$$$$$$$$
26-12-2018 12:15:23 INFO [asnconverter]: ****************************************************************************************
26-12-2018 12:15:23 INFO [asnconverter]: ****************************************************************************************
26-12-2018 12:15:23 INFO [asnconverter]: subscriptionIDValue = 971520000038
26-12-2018 12:15:23 INFO [asnconverter]: inidividualPriceFactor = 105
26-12-2018 12:15:23 INFO [asnconverter]: XXXXXXXXXXXXXXXXXXXXXXX             -E---N---D-             XXXXXXXXXXXXXXXXXXXXXX
26-12-2018 12:15:23 INFO [asnconverter]: ****************************************************************************************
26-12-2018 12:15:23 INFO [asnconverter]: ****************************************************************************************
26-12-2018 12:15:23 INFO [asnconverter]: $$$$$$$$$$$$$$$$$$$$$ Parsing File OCC-data1 $$$$$$$$$$$$$$$$$$$$$$$$$
26-12-2018 12:15:23 INFO [asnconverter]: ****************************************************************************************
26-12-2018 12:15:23 INFO [asnconverter]: ****************************************************************************************
26-12-2018 12:15:24 INFO [asnconverter]: subscriptionIDValue = 971552000002
26-12-2018 12:15:24 INFO [asnconverter]: XXXXXXXXXXXXXXXXXXXXXXX             -E---N---D-             XXXXXXXXXXXXXXXXXXXXXX
26-12-2018 12:15:24 INFO [asnconverter]: ****************************************************************************************
26-12-2018 12:15:24 INFO [asnconverter]: ****************************************************************************************
26-12-2018 12:15:24 INFO [asnconverter]: $$$$$$$$$$$$$$$$$$$$$ Parsing File Simulator.CDR $$$$$$$$$$$$$$$$$$$$$$$$$
26-12-2018 12:15:24 INFO [asnconverter]: ****************************************************************************************
26-12-2018 12:15:24 INFO [asnconverter]: ****************************************************************************************
26-12-2018 12:15:24 INFO [asnconverter]: subscriptionIDValue = 971520000035
26-12-2018 12:15:24 INFO [asnconverter]: OfferID = 4501
26-12-2018 12:15:24 INFO [asnconverter]: inidividualPriceFactor = 105
26-12-2018 12:15:24 INFO [asnconverter]: XXXXXXXXXXXXXXXXXXXXXXX             -E---N---D-             XXXXXXXXXXXXXXXXXXXXXX
26-12-2018 12:15:24 INFO [asnconverter]: ****************************************************************************************
26-12-2018 12:15:24 INFO [asnconverter]: ****************************************************************************************
26-12-2018 12:15:24 INFO [asnconverter]: $$$$$$$$$$$$$$$$$$$$$ Parsing File Voice $$$$$$$$$$$$$$$$$$$$$$$$$
26-12-2018 12:15:24 INFO [asnconverter]: ****************************************************************************************
26-12-2018 12:15:24 INFO [asnconverter]: ****************************************************************************************
26-12-2018 12:15:24 INFO [asnconverter]: subscriptionIDValue = 971520000038
26-12-2018 12:15:24 INFO [asnconverter]: XXXXXXXXXXXXXXXXXXXXXXX             -E---N---D-             XXXXXXXXXXXXXXXXXXXXXX
26-12-2018 12:15:24 INFO [asnconverter]: ****************************************************************************************
26-12-2018 12:15:24 INFO [asnconverter]: ****************************************************************************************
26-12-2018 12:15:24 INFO [asnconverter]: $$$$$$$$$$$$$$$$$$$$$ Parsing File AIR_USSD-Recharge.AIR $$$$$$$$$$$$$$$$$$$$$$$$$
26-12-2018 12:15:24 INFO [asnconverter]: ****************************************************************************************
26-12-2018 12:15:24 INFO [asnconverter]: ****************************************************************************************
26-12-2018 12:15:25 INFO [asnconverter]: transactionAmount = 100.000000
26-12-2018 12:15:25 INFO [asnconverter]: accountNumber = 971520000189
26-12-2018 12:15:25 INFO [asnconverter]: accountBalance = 0.000000
26-12-2018 12:15:25 INFO [asnconverter]: accountBalance = 558.010000
26-12-2018 12:15:25 INFO [asnconverter]: accountBalance = 210.000000
26-12-2018 12:15:25 INFO [asnconverter]: XXXXXXXXXXXXXXXXXXXXXXX             -E---N---D-             XXXXXXXXXXXXXXXXXXXXXX
26-12-2018 12:15:25 INFO [asnconverter]: ****************************************************************************************
26-12-2018 12:15:25 INFO [asnconverter]: ****************************************************************************************
26-12-2018 12:15:25 INFO [asnconverter]: $$$$$$$$$$$$$$$$$$$$$ Parsing File SDP-Voucher-Recharge.ASN $$$$$$$$$$$$$$$$$$$$$$$$$
26-12-2018 12:15:25 INFO [asnconverter]: ****************************************************************************************
26-12-2018 12:15:25 INFO [asnconverter]: ****************************************************************************************
26-12-2018 12:15:25 INFO [asnconverter]: accountNumber = 971520000127
26-12-2018 12:15:25 INFO [asnconverter]: accountValueBefore = 0.000000
26-12-2018 12:15:25 INFO [asnconverter]: accountValueAfter = 0.000000
26-12-2018 12:15:25 INFO [asnconverter]: adjustmentAmount = 100.000000
26-12-2018 12:15:25 INFO [asnconverter]: action = create
26-12-2018 12:15:25 INFO [asnconverter]: XXXXXXXXXXXXXXXXXXXXXXX             -E---N---D-             XXXXXXXXXXXXXXXXXXXXXX
