19-05-2019 13:38:45 INFO [asnconverter]: Starting execution at +:19-May-2019 13:38:44
19-05-2019 13:38:45 INFO [asnconverter]: ****************************************************************************************
19-05-2019 13:38:45 INFO [asnconverter]: ****************************************************************************************
19-05-2019 13:38:45 INFO [asnconverter]: $$$$$$$$$$$$$$$$$$$$$ Parsing File CHARGINGCDR-meytvvmocc01-190423-1226-06649.ber $$$$$$$$$$$$$$$$$$$$$$$$$
19-05-2019 13:38:45 INFO [asnconverter]: ****************************************************************************************
19-05-2019 13:38:45 INFO [asnconverter]: ****************************************************************************************
19-05-2019 13:38:46 INFO [asnconverter]: resultcode = 2001
19-05-2019 13:38:46 INFO [asnconverter]: XXXXXXXXXXXXXXXXXXXXXXX             -E---N---D-             XXXXXXXXXXXXXXXXXXXXXX
19-05-2019 13:38:46 INFO [asnconverter]: ****************************************************************************************
19-05-2019 13:38:46 INFO [asnconverter]: ****************************************************************************************
19-05-2019 13:38:46 INFO [asnconverter]: $$$$$$$$$$$$$$$$$$$$$ Parsing File dsdsd.ber $$$$$$$$$$$$$$$$$$$$$$$$$
19-05-2019 13:38:46 INFO [asnconverter]: ****************************************************************************************
19-05-2019 13:38:46 INFO [asnconverter]: ****************************************************************************************
19-05-2019 13:38:47 INFO [asnconverter]: resultcode = 2001
19-05-2019 13:38:47 INFO [asnconverter]: XXXXXXXXXXXXXXXXXXXXXXX             -E---N---D-             XXXXXXXXXXXXXXXXXXXXXX
19-05-2019 13:38:47 INFO [asnconverter]: ****************************************************************************************
19-05-2019 13:38:47 INFO [asnconverter]: ****************************************************************************************
19-05-2019 13:38:47 INFO [asnconverter]: $$$$$$$$$$$$$$$$$$$$$ Parsing File [Ljava.lang.String;@4e25154f.ber $$$$$$$$$$$$$$$$$$$$$$$$$
19-05-2019 13:38:47 INFO [asnconverter]: ****************************************************************************************
19-05-2019 13:38:47 INFO [asnconverter]: ****************************************************************************************
19-05-2019 13:38:47 INFO [asnconverter]: resultcode = 2001
19-05-2019 13:38:47 INFO [asnconverter]: XXXXXXXXXXXXXXXXXXXXXXX             -E---N---D-             XXXXXXXXXXXXXXXXXXXXXX
