03-01-2019 11:47:05 INFO [asnconverter]: Starting execution at +:03-Jan-2019 11:47:03
03-01-2019 11:47:16 INFO [asnconverter]: ****************************************************************************************
03-01-2019 11:47:16 INFO [asnconverter]: ****************************************************************************************
03-01-2019 11:47:16 INFO [asnconverter]: $$$$$$$$$$$$$$$$$$$$$ Parsing File meydvvmccn01-CCNCDR44-01-Blk0Blk-0057-20181226083149-2 $$$$$$$$$$$$$$$$$$$$$$$$$
03-01-2019 11:47:16 INFO [asnconverter]: ****************************************************************************************
03-01-2019 11:47:16 INFO [asnconverter]: ****************************************************************************************
03-01-2019 11:47:16 INFO [asnconverter]: subscriptionIDValue = 971520000035
03-01-2019 11:47:16 INFO [asnconverter]: OfferID = 4501
03-01-2019 11:47:16 INFO [asnconverter]: inidividualPriceFactor = 105
03-01-2019 11:47:16 INFO [asnconverter]: timeUnit = 60
03-01-2019 11:47:16 INFO [asnconverter]: amount = 993116825
03-01-2019 11:47:21 INFO [asnconverter]: XXXXXXXXXXXXXXXXXXXXXXX             -E---N---D-             XXXXXXXXXXXXXXXXXXXXXX
03-01-2019 11:47:21 INFO [asnconverter]: ****************************************************************************************
03-01-2019 11:47:21 INFO [asnconverter]: ****************************************************************************************
03-01-2019 11:47:21 INFO [asnconverter]: $$$$$$$$$$$$$$$$$$$$$ Parsing File AIR_USSD-Recharge.AIR $$$$$$$$$$$$$$$$$$$$$$$$$
03-01-2019 11:47:21 INFO [asnconverter]: ****************************************************************************************
03-01-2019 11:47:21 INFO [asnconverter]: ****************************************************************************************
03-01-2019 11:47:21 INFO [asnconverter]: transactionAmount = 100.000000
03-01-2019 11:47:21 INFO [asnconverter]: accountNumber = 971520000189
03-01-2019 11:47:21 INFO [asnconverter]: accountBalance = 0.000000
03-01-2019 11:47:21 INFO [asnconverter]: accountBalance = 558.010000
03-01-2019 11:47:21 INFO [asnconverter]: accountBalance = 210.000000
03-01-2019 11:47:25 INFO [asnconverter]: XXXXXXXXXXXXXXXXXXXXXXX             -E---N---D-             XXXXXXXXXXXXXXXXXXXXXX
03-01-2019 11:47:25 INFO [asnconverter]: ****************************************************************************************
03-01-2019 11:47:25 INFO [asnconverter]: ****************************************************************************************
03-01-2019 11:47:25 INFO [asnconverter]: $$$$$$$$$$$$$$$$$$$$$ Parsing File SDP-Voucher-Recharge.ASN $$$$$$$$$$$$$$$$$$$$$$$$$
03-01-2019 11:47:25 INFO [asnconverter]: ****************************************************************************************
03-01-2019 11:47:25 INFO [asnconverter]: ****************************************************************************************
03-01-2019 11:47:25 INFO [asnconverter]: accountNumber = 971520000127
03-01-2019 11:47:25 INFO [asnconverter]: accountValueBefore = 0.000000
03-01-2019 11:47:25 INFO [asnconverter]: accountValueAfter = 0.000000
03-01-2019 11:47:25 INFO [asnconverter]: adjustmentAmount = 100.000000
03-01-2019 11:47:25 INFO [asnconverter]: action = create
03-01-2019 11:47:29 INFO [asnconverter]: XXXXXXXXXXXXXXXXXXXXXXX             -E---N---D-             XXXXXXXXXXXXXXXXXXXXXX
03-01-2019 11:47:29 INFO [asnconverter]: ****************************************************************************************
03-01-2019 11:47:29 INFO [asnconverter]: ****************************************************************************************
03-01-2019 11:47:29 INFO [asnconverter]: $$$$$$$$$$$$$$$$$$$$$ Parsing File OCC-data1 $$$$$$$$$$$$$$$$$$$$$$$$$
03-01-2019 11:47:29 INFO [asnconverter]: ****************************************************************************************
03-01-2019 11:47:29 INFO [asnconverter]: ****************************************************************************************
03-01-2019 11:47:33 INFO [asnconverter]: XXXXXXXXXXXXXXXXXXXXXXX             -E---N---D-             XXXXXXXXXXXXXXXXXXXXXX
