25-12-2018 17:38:41 INFO [asnconverter]: Starting execution at +:25-Dec-2018 17:38:41
25-12-2018 17:38:42 INFO [asnconverter]: ****************************************************************************************
25-12-2018 17:38:42 INFO [asnconverter]: ****************************************************************************************
25-12-2018 17:38:42 INFO [asnconverter]: $$$$$$$$$$$$$$$$$$$$$ TC_001 $$$$$$$$$$$$$$$$$$$$$$$$$
25-12-2018 17:38:42 INFO [asnconverter]: ****************************************************************************************
25-12-2018 17:38:42 INFO [asnconverter]: ****************************************************************************************
25-12-2018 17:38:43 INFO [asnconverter]: subscriptionIDValue = 971520000035
25-12-2018 17:38:43 INFO [asnconverter]: OfferID = 4501
25-12-2018 17:38:43 INFO [asnconverter]: inidividualPriceFactor = 105
25-12-2018 17:38:43 INFO [asnconverter]: XXXXXXXXXXXXXXXXXXXXXXX             -E---N---D-             XXXXXXXXXXXXXXXXXXXXXX
25-12-2018 17:38:43 INFO [asnconverter]: ****************************************************************************************
25-12-2018 17:38:43 INFO [asnconverter]: ****************************************************************************************
25-12-2018 17:38:43 INFO [asnconverter]: $$$$$$$$$$$$$$$$$$$$$ TC_002 $$$$$$$$$$$$$$$$$$$$$$$$$
25-12-2018 17:38:43 INFO [asnconverter]: ****************************************************************************************
25-12-2018 17:38:43 INFO [asnconverter]: ****************************************************************************************
25-12-2018 17:38:44 INFO [asnconverter]: transactionAmount = 100.000000
25-12-2018 17:38:44 INFO [asnconverter]: accountNumber = 971520000189
25-12-2018 17:38:44 INFO [asnconverter]: accountBalance = 0.000000
25-12-2018 17:38:45 INFO [asnconverter]: XXXXXXXXXXXXXXXXXXXXXXX             -E---N---D-             XXXXXXXXXXXXXXXXXXXXXX
25-12-2018 17:38:45 INFO [asnconverter]: ****************************************************************************************
25-12-2018 17:38:45 INFO [asnconverter]: ****************************************************************************************
25-12-2018 17:38:45 INFO [asnconverter]: $$$$$$$$$$$$$$$$$$$$$ TC_003 $$$$$$$$$$$$$$$$$$$$$$$$$
25-12-2018 17:38:45 INFO [asnconverter]: ****************************************************************************************
25-12-2018 17:38:45 INFO [asnconverter]: ****************************************************************************************
25-12-2018 17:38:45 INFO [asnconverter]: accountNumber = 971520000127
25-12-2018 17:38:45 INFO [asnconverter]: accountValueBefore = 0.000000
25-12-2018 17:38:45 INFO [asnconverter]: accountValueAfter = 0.000000
25-12-2018 17:38:45 INFO [asnconverter]: adjustmentAmount = 100.000000
25-12-2018 17:38:45 INFO [asnconverter]: action = create
25-12-2018 17:38:45 INFO [asnconverter]: XXXXXXXXXXXXXXXXXXXXXXX             -E---N---D-             XXXXXXXXXXXXXXXXXXXXXX
