26-05-2019 18:20:41 INFO [asnconverter]: Starting execution at +:26-May-2019 18:17:00
26-05-2019 18:20:42 INFO [asnconverter]: ****************************************************************************************
26-05-2019 18:20:42 INFO [asnconverter]: ****************************************************************************************
26-05-2019 18:20:42 INFO [asnconverter]: $$$$$$$$$$$$$$$$$$$$$ Parsing File CHARGINGCDR-meydvvmocc02-190526-1811-02195.ber $$$$$$$$$$$$$$$$$$$$$$$$$
26-05-2019 18:20:42 INFO [asnconverter]: ****************************************************************************************
26-05-2019 18:20:42 INFO [asnconverter]: ****************************************************************************************
26-05-2019 18:20:42 INFO [asnconverter]: subscriptionIDValue = 971573000021
26-05-2019 18:20:42 INFO [asnconverter]: triggerTime = 915062811182304000
26-05-2019 18:20:42 INFO [asnconverter]: nodeName = meydvvmocc02
26-05-2019 18:20:42 INFO [asnconverter]: serviceContextID = SCAP_V.2.0@ericsson.com
26-05-2019 18:20:42 INFO [asnconverter]: chargingContextID = SCAP_V.2.0@ericsson.com
26-05-2019 18:20:42 INFO [asnconverter]: serviceSessionID = -:1002:1
26-05-2019 18:20:43 INFO [asnconverter]: XXXXXXXXXXXXXXXXXXXXXXX             -E---N---D-             XXXXXXXXXXXXXXXXXXXXXX
26-05-2019 18:20:43 INFO [asnconverter]: ****************************************************************************************
26-05-2019 18:20:43 INFO [asnconverter]: ****************************************************************************************
26-05-2019 18:20:43 INFO [asnconverter]: $$$$$$$$$$$$$$$$$$$$$ Parsing File CHARGINGCDR-meytvvmocc01-190526-1808-02224.ber $$$$$$$$$$$$$$$$$$$$$$$$$
26-05-2019 18:20:43 INFO [asnconverter]: ****************************************************************************************
26-05-2019 18:20:43 INFO [asnconverter]: ****************************************************************************************
26-05-2019 18:20:43 INFO [asnconverter]: subscriptionIDValue = 971520002246
26-05-2019 18:20:43 INFO [asnconverter]: triggerTime = 915062819014304000
26-05-2019 18:20:43 INFO [asnconverter]: nodeName = meytvvmocc01
26-05-2019 18:20:43 INFO [asnconverter]: serviceContextID = SCAP_V.2.0@ericsson.com
26-05-2019 18:20:43 INFO [asnconverter]: chargingContextID = SCAP_V.2.0@ericsson.com
26-05-2019 18:20:43 INFO [asnconverter]: serviceSessionID = -:1001:1
26-05-2019 18:20:43 INFO [asnconverter]: XXXXXXXXXXXXXXXXXXXXXXX             -E---N---D-             XXXXXXXXXXXXXXXXXXXXXX
