03-01-2019 11:42:23 INFO [asnconverter]: Starting execution at +:03-Jan-2019 11:42:19
03-01-2019 11:42:35 INFO [asnconverter]: ****************************************************************************************
03-01-2019 11:42:35 INFO [asnconverter]: ****************************************************************************************
03-01-2019 11:42:35 INFO [asnconverter]: $$$$$$$$$$$$$$$$$$$$$ Parsing File meydvvmccn01-CCNCDR44-01-Blk0Blk-0055-20181226082229-1 $$$$$$$$$$$$$$$$$$$$$$$$$
03-01-2019 11:42:35 INFO [asnconverter]: ****************************************************************************************
03-01-2019 11:42:35 INFO [asnconverter]: ****************************************************************************************
03-01-2019 11:42:35 INFO [asnconverter]: subscriptionIDValue = 971520000006
03-01-2019 11:42:40 INFO [asnconverter]: XXXXXXXXXXXXXXXXXXXXXXX             -E---N---D-             XXXXXXXXXXXXXXXXXXXXXX
03-01-2019 11:42:40 INFO [asnconverter]: ****************************************************************************************
03-01-2019 11:42:40 INFO [asnconverter]: ****************************************************************************************
03-01-2019 11:42:40 INFO [asnconverter]: $$$$$$$$$$$$$$$$$$$$$ Parsing File meydvvmccn01-CCNCDR44-01-Blk0Blk-0057-20181226083149-1 $$$$$$$$$$$$$$$$$$$$$$$$$
03-01-2019 11:42:40 INFO [asnconverter]: ****************************************************************************************
03-01-2019 11:42:40 INFO [asnconverter]: ****************************************************************************************
03-01-2019 11:42:40 INFO [asnconverter]: subscriptionIDValue = 971520000245
03-01-2019 11:42:40 INFO [asnconverter]: inidividualPriceFactor = 105
03-01-2019 11:42:45 INFO [asnconverter]: XXXXXXXXXXXXXXXXXXXXXXX             -E---N---D-             XXXXXXXXXXXXXXXXXXXXXX
03-01-2019 11:42:45 INFO [asnconverter]: ****************************************************************************************
03-01-2019 11:42:45 INFO [asnconverter]: ****************************************************************************************
03-01-2019 11:42:45 INFO [asnconverter]: $$$$$$$$$$$$$$$$$$$$$ Parsing File meydvvmccn01-CCNCDR44-01-Blk0Blk-0057-20181226083149-2.CDR $$$$$$$$$$$$$$$$$$$$$$$$$
03-01-2019 11:42:45 INFO [asnconverter]: ****************************************************************************************
03-01-2019 11:42:45 INFO [asnconverter]: ****************************************************************************************
03-01-2019 11:42:45 INFO [asnconverter]: subscriptionIDValue = 971520000035
03-01-2019 11:42:45 INFO [asnconverter]: OfferID = 4501
03-01-2019 11:42:45 INFO [asnconverter]: inidividualPriceFactor = 105
03-01-2019 11:42:49 INFO [asnconverter]: XXXXXXXXXXXXXXXXXXXXXXX             -E---N---D-             XXXXXXXXXXXXXXXXXXXXXX
03-01-2019 11:42:49 INFO [asnconverter]: ****************************************************************************************
03-01-2019 11:42:49 INFO [asnconverter]: ****************************************************************************************
03-01-2019 11:42:49 INFO [asnconverter]: $$$$$$$$$$$$$$$$$$$$$ Parsing File AIR_USSD-Recharge.AIR $$$$$$$$$$$$$$$$$$$$$$$$$
03-01-2019 11:42:49 INFO [asnconverter]: ****************************************************************************************
03-01-2019 11:42:49 INFO [asnconverter]: ****************************************************************************************
03-01-2019 11:42:50 INFO [asnconverter]: transactionAmount = 100.000000
03-01-2019 11:42:50 INFO [asnconverter]: accountNumber = 971520000189
03-01-2019 11:42:50 INFO [asnconverter]: accountBalance = 0.000000
03-01-2019 11:42:50 INFO [asnconverter]: accountBalance = 558.010000
03-01-2019 11:42:50 INFO [asnconverter]: accountBalance = 210.000000
03-01-2019 11:42:54 INFO [asnconverter]: XXXXXXXXXXXXXXXXXXXXXXX             -E---N---D-             XXXXXXXXXXXXXXXXXXXXXX
03-01-2019 11:42:54 INFO [asnconverter]: ****************************************************************************************
03-01-2019 11:42:54 INFO [asnconverter]: ****************************************************************************************
03-01-2019 11:42:54 INFO [asnconverter]: $$$$$$$$$$$$$$$$$$$$$ Parsing File SDP-Voucher-Recharge.ASN $$$$$$$$$$$$$$$$$$$$$$$$$
03-01-2019 11:42:54 INFO [asnconverter]: ****************************************************************************************
03-01-2019 11:42:54 INFO [asnconverter]: ****************************************************************************************
03-01-2019 11:42:54 INFO [asnconverter]: accountNumber = 971520000127
03-01-2019 11:42:54 INFO [asnconverter]: accountValueBefore = 0.000000
03-01-2019 11:42:54 INFO [asnconverter]: accountValueAfter = 0.000000
03-01-2019 11:42:54 INFO [asnconverter]: adjustmentAmount = 100.000000
03-01-2019 11:42:54 INFO [asnconverter]: action = create
03-01-2019 11:42:58 INFO [asnconverter]: XXXXXXXXXXXXXXXXXXXXXXX             -E---N---D-             XXXXXXXXXXXXXXXXXXXXXX
03-01-2019 11:42:58 INFO [asnconverter]: ****************************************************************************************
03-01-2019 11:42:58 INFO [asnconverter]: ****************************************************************************************
03-01-2019 11:42:58 INFO [asnconverter]: $$$$$$$$$$$$$$$$$$$$$ Parsing File OCC-data1 $$$$$$$$$$$$$$$$$$$$$$$$$
03-01-2019 11:42:58 INFO [asnconverter]: ****************************************************************************************
03-01-2019 11:42:58 INFO [asnconverter]: ****************************************************************************************
03-01-2019 11:43:02 INFO [asnconverter]: XXXXXXXXXXXXXXXXXXXXXXX             -E---N---D-             XXXXXXXXXXXXXXXXXXXXXX
