31-12-2018 19:16:28 INFO [asnconverter]: Starting execution at +:31-Dec-2018 19:16:26
31-12-2018 19:16:40 INFO [asnconverter]: ****************************************************************************************
31-12-2018 19:16:40 INFO [asnconverter]: ****************************************************************************************
31-12-2018 19:16:40 INFO [asnconverter]: $$$$$$$$$$$$$$$$$$$$$ Parsing File meydvvmccn01-CCNCDR44-01-Blk0Blk-0055-20181226082229-1 $$$$$$$$$$$$$$$$$$$$$$$$$
31-12-2018 19:16:40 INFO [asnconverter]: ****************************************************************************************
31-12-2018 19:16:40 INFO [asnconverter]: ****************************************************************************************
31-12-2018 19:16:40 INFO [asnconverter]: subscriptionIDValue = 971520000006
31-12-2018 19:16:45 INFO [asnconverter]: XXXXXXXXXXXXXXXXXXXXXXX             -E---N---D-             XXXXXXXXXXXXXXXXXXXXXX
31-12-2018 19:16:45 INFO [asnconverter]: ****************************************************************************************
31-12-2018 19:16:45 INFO [asnconverter]: ****************************************************************************************
31-12-2018 19:16:45 INFO [asnconverter]: $$$$$$$$$$$$$$$$$$$$$ Parsing File meydvvmccn01-CCNCDR44-01-Blk0Blk-0057-20181226083149-1 $$$$$$$$$$$$$$$$$$$$$$$$$
31-12-2018 19:16:45 INFO [asnconverter]: ****************************************************************************************
31-12-2018 19:16:45 INFO [asnconverter]: ****************************************************************************************
31-12-2018 19:16:45 INFO [asnconverter]: subscriptionIDValue = 971520000245
31-12-2018 19:16:45 INFO [asnconverter]: inidividualPriceFactor = 105
31-12-2018 19:16:49 INFO [asnconverter]: XXXXXXXXXXXXXXXXXXXXXXX             -E---N---D-             XXXXXXXXXXXXXXXXXXXXXX
31-12-2018 19:16:49 INFO [asnconverter]: ****************************************************************************************
31-12-2018 19:16:49 INFO [asnconverter]: ****************************************************************************************
31-12-2018 19:16:49 INFO [asnconverter]: $$$$$$$$$$$$$$$$$$$$$ Parsing File AIR_USSD-Recharge.AIR $$$$$$$$$$$$$$$$$$$$$$$$$
31-12-2018 19:16:49 INFO [asnconverter]: ****************************************************************************************
31-12-2018 19:16:49 INFO [asnconverter]: ****************************************************************************************
31-12-2018 19:16:50 INFO [asnconverter]: transactionAmount = 100.000000
31-12-2018 19:16:50 INFO [asnconverter]: accountNumber = 971520000189
31-12-2018 19:16:50 INFO [asnconverter]: accountBalance = 0.000000
31-12-2018 19:16:50 INFO [asnconverter]: accountBalance = 558.010000
31-12-2018 19:16:50 INFO [asnconverter]: accountBalance = 210.000000
31-12-2018 19:16:54 INFO [asnconverter]: XXXXXXXXXXXXXXXXXXXXXXX             -E---N---D-             XXXXXXXXXXXXXXXXXXXXXX
31-12-2018 19:16:54 INFO [asnconverter]: ****************************************************************************************
31-12-2018 19:16:54 INFO [asnconverter]: ****************************************************************************************
31-12-2018 19:16:54 INFO [asnconverter]: $$$$$$$$$$$$$$$$$$$$$ Parsing File SDP-Voucher-Recharge.ASN $$$$$$$$$$$$$$$$$$$$$$$$$
31-12-2018 19:16:54 INFO [asnconverter]: ****************************************************************************************
31-12-2018 19:16:54 INFO [asnconverter]: ****************************************************************************************
31-12-2018 19:16:54 INFO [asnconverter]: accountNumber = 971520000127
31-12-2018 19:16:54 INFO [asnconverter]: accountValueBefore = 0.000000
31-12-2018 19:16:54 INFO [asnconverter]: accountValueAfter = 0.000000
31-12-2018 19:16:54 INFO [asnconverter]: adjustmentAmount = 100.000000
31-12-2018 19:16:54 INFO [asnconverter]: action = create
31-12-2018 19:16:58 INFO [asnconverter]: XXXXXXXXXXXXXXXXXXXXXXX             -E---N---D-             XXXXXXXXXXXXXXXXXXXXXX
31-12-2018 19:16:58 INFO [asnconverter]: ****************************************************************************************
31-12-2018 19:16:58 INFO [asnconverter]: ****************************************************************************************
31-12-2018 19:16:58 INFO [asnconverter]: $$$$$$$$$$$$$$$$$$$$$ Parsing File OCC-data1 $$$$$$$$$$$$$$$$$$$$$$$$$
31-12-2018 19:16:58 INFO [asnconverter]: ****************************************************************************************
31-12-2018 19:16:58 INFO [asnconverter]: ****************************************************************************************
31-12-2018 19:17:02 INFO [asnconverter]: XXXXXXXXXXXXXXXXXXXXXXX             -E---N---D-             XXXXXXXXXXXXXXXXXXXXXX
