13-06-2019 17:25:22 INFO [asnconverter]: Starting execution at +:13-Jun-2019 17:25:21
13-06-2019 17:25:22 INFO [asnconverter]: ****************************************************************************************
13-06-2019 17:25:22 INFO [asnconverter]: ****************************************************************************************
13-06-2019 17:25:22 INFO [asnconverter]: $$$$$$$$$$$$$$$$$$$$$ Parsing File meydvvmccn01-CCNCDR44-01-Blk0Blk-3994-20190530074328-1 $$$$$$$$$$$$$$$$$$$$$$$$$
13-06-2019 17:25:22 INFO [asnconverter]: ****************************************************************************************
13-06-2019 17:25:22 INFO [asnconverter]: ****************************************************************************************
13-06-2019 17:25:23 INFO [asnconverter]: subscriptionIDValue = 971520001714
13-06-2019 17:25:23 INFO [asnconverter]: resultCode = 2001
13-06-2019 17:25:23 INFO [asnconverter]: triggerTime = 915003113184304000
13-06-2019 17:25:23 INFO [asnconverter]: nodeName = meydvvmccn01
13-06-2019 17:25:23 INFO [asnconverter]: serviceContextID = Core_Context_R1A@ericsson.com
13-06-2019 17:25:23 INFO [asnconverter]: chargingContextID = CAPv2_V.1.0@ericsson.com
13-06-2019 17:25:23 INFO [asnconverter]: serviceSessionID = 5-1658634243-03c0dc62
13-06-2019 17:25:23 INFO [asnconverter]: recordIdentificationNumber = 00001773
13-06-2019 17:25:23 INFO [asnconverter]: subscriptionIDType = endUserE164
13-06-2019 17:25:23 INFO [asnconverter]: subscriptionIDValue = 971520001714
13-06-2019 17:25:23 INFO [asnconverter]: subscriptionIDType = endUserIMSI
13-06-2019 17:25:23 INFO [asnconverter]: subscriptionIDValue = 424030046672675
13-06-2019 17:25:23 INFO [asnconverter]: callReference = 401C7004046100
13-06-2019 17:25:23 INFO [asnconverter]: mSCAddress = 91795105395021
13-06-2019 17:25:23 INFO [asnconverter]: serviceScenario = mobileOriginating
13-06-2019 17:25:23 INFO [asnconverter]: roamingPosition = insideHPLMN
13-06-2019 17:25:23 INFO [asnconverter]: lastPartialOutput = TRUE
13-06-2019 17:25:23 INFO [asnconverter]: tariffChangeUsage = before
13-06-2019 17:25:23 INFO [asnconverter]: timeUnit = 5
13-06-2019 17:25:23 INFO [asnconverter]: XXXXXXXXXXXXXXXXXXXXXXX             -E---N---D-             XXXXXXXXXXXXXXXXXXXXXX
13-06-2019 17:25:23 INFO [asnconverter]: ****************************************************************************************
13-06-2019 17:25:23 INFO [asnconverter]: ****************************************************************************************
13-06-2019 17:25:23 INFO [asnconverter]: $$$$$$$$$$$$$$$$$$$$$ Parsing File SDPOUTPUTCDR_4001_meytvvmsdp01_SUB_8772_20190606-143746.ASN $$$$$$$$$$$$$$$$$$$$$$$$$
13-06-2019 17:25:23 INFO [asnconverter]: ****************************************************************************************
13-06-2019 17:25:23 INFO [asnconverter]: ****************************************************************************************
13-06-2019 17:25:24 INFO [asnconverter]: XXXXXXXXXXXXXXXXXXXXXXX             -E---N---D-             XXXXXXXXXXXXXXXXXXXXXX
13-06-2019 17:25:24 INFO [asnconverter]: ****************************************************************************************
13-06-2019 17:25:24 INFO [asnconverter]: ****************************************************************************************
13-06-2019 17:25:24 INFO [asnconverter]: $$$$$$$$$$$$$$$$$$$$$ Parsing File CHARGINGCDR-meydvvmocc02-190528-1634-02448.ber $$$$$$$$$$$$$$$$$$$$$$$$$
13-06-2019 17:25:24 INFO [asnconverter]: ****************************************************************************************
13-06-2019 17:25:24 INFO [asnconverter]: ****************************************************************************************
13-06-2019 17:25:24 INFO [asnconverter]: XXXXXXXXXXXXXXXXXXXXXXX             -E---N---D-             XXXXXXXXXXXXXXXXXXXXXX
13-06-2019 17:25:24 INFO [asnconverter]: ****************************************************************************************
13-06-2019 17:25:24 INFO [asnconverter]: ****************************************************************************************
13-06-2019 17:25:24 INFO [asnconverter]: $$$$$$$$$$$$$$$$$$$$$ Parsing File meydvvmcis03_EDR_CISOnline1.csv $$$$$$$$$$$$$$$$$$$$$$$$$
13-06-2019 17:25:24 INFO [asnconverter]: ****************************************************************************************
13-06-2019 17:25:24 INFO [asnconverter]: ****************************************************************************************
13-06-2019 17:25:25 INFO [asnconverter]: XXXXXXXXXXXXXXXXXXXXXXX             -E---N---D-             XXXXXXXXXXXXXXXXXXXXXX
