27-05-2019 12:45:56 INFO [asnconverter]: Starting execution at +:27-May-2019 12:43:37
27-05-2019 12:45:57 INFO [asnconverter]: ****************************************************************************************
27-05-2019 12:45:57 INFO [asnconverter]: ****************************************************************************************
27-05-2019 12:45:57 INFO [asnconverter]: $$$$$$$$$$$$$$$$$$$$$ Parsing File SDPOUTPUTCDR_4001_meytvvmsdp01_SUB_6081_20190527-113218.ASN $$$$$$$$$$$$$$$$$$$$$$$$$
27-05-2019 12:45:57 INFO [asnconverter]: ****************************************************************************************
27-05-2019 12:45:57 INFO [asnconverter]: ****************************************************************************************
27-05-2019 12:45:58 INFO [asnconverter]: accountNumber = 971520001028
27-05-2019 12:45:58 INFO [asnconverter]: action = set
27-05-2019 12:45:59 INFO [asnconverter]: XXXXXXXXXXXXXXXXXXXXXXX             -E---N---D-             XXXXXXXXXXXXXXXXXXXXXX
27-05-2019 12:45:59 INFO [asnconverter]: ****************************************************************************************
27-05-2019 12:45:59 INFO [asnconverter]: ****************************************************************************************
27-05-2019 12:45:59 INFO [asnconverter]: $$$$$$$$$$$$$$$$$$$$$ Parsing File SDPOUTPUTCDR_4001_meytvvmsdp01_SUB_6093_20190527-120332.ASN $$$$$$$$$$$$$$$$$$$$$$$$$
27-05-2019 12:45:59 INFO [asnconverter]: ****************************************************************************************
27-05-2019 12:45:59 INFO [asnconverter]: ****************************************************************************************
27-05-2019 12:45:59 INFO [asnconverter]: accountNumber = 971520000141
27-05-2019 12:45:59 INFO [asnconverter]: accountValueAfter = 0.000000
27-05-2019 12:45:59 INFO [asnconverter]: action = create
27-05-2019 12:45:59 INFO [asnconverter]: XXXXXXXXXXXXXXXXXXXXXXX             -E---N---D-             XXXXXXXXXXXXXXXXXXXXXX
27-05-2019 12:45:59 INFO [asnconverter]: ****************************************************************************************
27-05-2019 12:45:59 INFO [asnconverter]: ****************************************************************************************
27-05-2019 12:45:59 INFO [asnconverter]: $$$$$$$$$$$$$$$$$$$$$ Parsing File CHARGINGCDR-meydvvmocc02-190527-1150-02235.ber $$$$$$$$$$$$$$$$$$$$$$$$$
27-05-2019 12:45:59 INFO [asnconverter]: ****************************************************************************************
27-05-2019 12:45:59 INFO [asnconverter]: ****************************************************************************************
27-05-2019 12:45:59 INFO [asnconverter]: subscriptionIDValue = 971552000209
27-05-2019 12:45:59 INFO [asnconverter]: triggerTime = 915072110542304000
27-05-2019 12:45:59 INFO [asnconverter]: nodeName = meydvvmocc02
27-05-2019 12:45:59 INFO [asnconverter]: serviceContextID = SCAP_V.2.0@ericsson.com
27-05-2019 12:45:59 INFO [asnconverter]: chargingContextID = SCAP_V.2.0@ericsson.com
27-05-2019 12:45:59 INFO [asnconverter]: serviceSessionID = -:1002:1
27-05-2019 12:45:59 INFO [asnconverter]: XXXXXXXXXXXXXXXXXXXXXXX             -E---N---D-             XXXXXXXXXXXXXXXXXXXXXX
27-05-2019 12:45:59 INFO [asnconverter]: ****************************************************************************************
27-05-2019 12:45:59 INFO [asnconverter]: ****************************************************************************************
27-05-2019 12:45:59 INFO [asnconverter]: $$$$$$$$$$$$$$$$$$$$$ Parsing File CHARGINGCDR-meydvvmocc02-190527-1237-02248.ber $$$$$$$$$$$$$$$$$$$$$$$$$
27-05-2019 12:45:59 INFO [asnconverter]: ****************************************************************************************
27-05-2019 12:45:59 INFO [asnconverter]: ****************************************************************************************
27-05-2019 12:46:00 INFO [asnconverter]: subscriptionIDValue = 971520002168
27-05-2019 12:46:00 INFO [asnconverter]: triggerTime = 915072217202304000
27-05-2019 12:46:00 INFO [asnconverter]: nodeName = meytvvmocc01
27-05-2019 12:46:00 INFO [asnconverter]: serviceContextID = du-service
27-05-2019 12:46:00 INFO [asnconverter]: chargingContextID = Ericsson_OCS_V1_0.0.0.10.32251@3gpp.org
27-05-2019 12:46:00 INFO [asnconverter]: serviceSessionID = 3:-:1
27-05-2019 12:46:01 INFO [asnconverter]: XXXXXXXXXXXXXXXXXXXXXXX             -E---N---D-             XXXXXXXXXXXXXXXXXXXXXX
27-05-2019 12:46:01 INFO [asnconverter]: ****************************************************************************************
27-05-2019 12:46:01 INFO [asnconverter]: ****************************************************************************************
27-05-2019 12:46:01 INFO [asnconverter]: $$$$$$$$$$$$$$$$$$$$$ Parsing File CHARGINGCDR-meytvvmocc01-190527-1015-02242.ber $$$$$$$$$$$$$$$$$$$$$$$$$
27-05-2019 12:46:01 INFO [asnconverter]: ****************************************************************************************
27-05-2019 12:46:01 INFO [asnconverter]: ****************************************************************************************
27-05-2019 12:46:01 INFO [asnconverter]: subscriptionIDValue = 971520001714
27-05-2019 12:46:01 INFO [asnconverter]: triggerTime = 915072016161304000
27-05-2019 12:46:01 INFO [asnconverter]: nodeName = meytvvmocc01
27-05-2019 12:46:01 INFO [asnconverter]: serviceContextID = SCAP_V.2.0@ericsson.com
27-05-2019 12:46:01 INFO [asnconverter]: chargingContextID = SCAP_V.2.0@ericsson.com
27-05-2019 12:46:01 INFO [asnconverter]: serviceSessionID = -:1001:1
27-05-2019 12:46:01 INFO [asnconverter]: XXXXXXXXXXXXXXXXXXXXXXX             -E---N---D-             XXXXXXXXXXXXXXXXXXXXXX
27-05-2019 12:46:01 INFO [asnconverter]: ****************************************************************************************
27-05-2019 12:46:01 INFO [asnconverter]: ****************************************************************************************
27-05-2019 12:46:01 INFO [asnconverter]: $$$$$$$$$$$$$$$$$$$$$ Parsing File CHARGINGCDR-meytvvmocc01-190527-1204-02263.ber $$$$$$$$$$$$$$$$$$$$$$$$$
27-05-2019 12:46:01 INFO [asnconverter]: ****************************************************************************************
27-05-2019 12:46:01 INFO [asnconverter]: ****************************************************************************************
27-05-2019 12:46:01 INFO [asnconverter]: subscriptionIDValue = 971520001714
27-05-2019 12:46:01 INFO [asnconverter]: triggerTime = 915072215000304000
27-05-2019 12:46:01 INFO [asnconverter]: nodeName = meytvvmocc01
27-05-2019 12:46:01 INFO [asnconverter]: serviceContextID = SCAP_V.2.0@ericsson.com
27-05-2019 12:46:01 INFO [asnconverter]: chargingContextID = SCAP_V.2.0@ericsson.com
27-05-2019 12:46:01 INFO [asnconverter]: serviceSessionID = -:1002:1
27-05-2019 12:46:01 INFO [asnconverter]: XXXXXXXXXXXXXXXXXXXXXXX             -E---N---D-             XXXXXXXXXXXXXXXXXXXXXX
