03-06-2019 16:32:45 INFO [asnconverter]: Starting execution at +:03-Jun-2019 16:32:44
03-06-2019 16:32:46 INFO [asnconverter]: ****************************************************************************************
03-06-2019 16:32:46 INFO [asnconverter]: ****************************************************************************************
03-06-2019 16:32:46 INFO [asnconverter]: $$$$$$$$$$$$$$$$$$$$$ Parsing File meydvvmccn01-CCNCDR44-01-Blk0Blk-4166-20190602151420-5 $$$$$$$$$$$$$$$$$$$$$$$$$
03-06-2019 16:32:46 INFO [asnconverter]: ****************************************************************************************
03-06-2019 16:32:46 INFO [asnconverter]: ****************************************************************************************
03-06-2019 16:32:46 INFO [asnconverter]: subscriptionIDValue = 971520000678
03-06-2019 16:32:46 INFO [asnconverter]: XXXXXXXXXXXXXXXXXXXXXXX             -E---N---D-             XXXXXXXXXXXXXXXXXXXXXX
03-06-2019 16:32:46 INFO [asnconverter]: ****************************************************************************************
03-06-2019 16:32:46 INFO [asnconverter]: ****************************************************************************************
03-06-2019 16:32:46 INFO [asnconverter]: $$$$$$$$$$$$$$$$$$$$$ Parsing File SDPOUTPUTCDR_4001_meytvvmsdp01_TRF_0735_20190602-191402.ASN $$$$$$$$$$$$$$$$$$$$$$$$$
03-06-2019 16:32:46 INFO [asnconverter]: ****************************************************************************************
03-06-2019 16:32:46 INFO [asnconverter]: ****************************************************************************************
03-06-2019 16:32:47 INFO [asnconverter]: accountNumber = 971520002069
03-06-2019 16:32:47 INFO [asnconverter]: adjustmentRecordType = provisioningUaDa
03-06-2019 16:32:47 INFO [asnconverter]: sdpID = meytvvmsdp01
03-06-2019 16:32:47 INFO [asnconverter]: cdrID = 1517902712724967834
03-06-2019 16:32:47 INFO [asnconverter]: accountNumber = 971520002069
03-06-2019 16:32:47 INFO [asnconverter]: subscriberNumber = 971520002069
03-06-2019 16:32:47 INFO [asnconverter]: adjustmentTimeStamp = 20190602191402+0400
03-06-2019 16:32:47 INFO [asnconverter]: serviceClassId = 1051
03-06-2019 16:32:47 INFO [asnconverter]: currencyType = 0
03-06-2019 16:32:47 INFO [asnconverter]: originNodeType = SDP
03-06-2019 16:32:47 INFO [asnconverter]: originNodeId = meytvvmsdp01
03-06-2019 16:32:47 INFO [asnconverter]: accountFlagsBefore = 00000000
03-06-2019 16:32:47 INFO [asnconverter]: accountFlagsAfter = 10000000
03-06-2019 16:32:47 INFO [asnconverter]: activationDate = 20190602
03-06-2019 16:32:47 INFO [asnconverter]: offerID = 4541
03-06-2019 16:32:47 INFO [asnconverter]: action = modify
03-06-2019 16:32:47 INFO [asnconverter]: offerType = timer
03-06-2019 16:32:47 INFO [asnconverter]: offerDisabledAfter = FALSE
03-06-2019 16:32:47 INFO [asnconverter]: XXXXXXXXXXXXXXXXXXXXXXX             -E---N---D-             XXXXXXXXXXXXXXXXXXXXXX
03-06-2019 16:32:47 INFO [asnconverter]: ****************************************************************************************
03-06-2019 16:32:47 INFO [asnconverter]: ****************************************************************************************
03-06-2019 16:32:47 INFO [asnconverter]: $$$$$$$$$$$$$$$$$$$$$ Parsing File CHARGINGCDR-meydvvmocc02-190602-1913-03084.ber $$$$$$$$$$$$$$$$$$$$$$$$$
03-06-2019 16:32:47 INFO [asnconverter]: ****************************************************************************************
03-06-2019 16:32:47 INFO [asnconverter]: ****************************************************************************************
03-06-2019 16:32:47 INFO [asnconverter]: subscriptionIDValue = 971520000851
03-06-2019 16:32:47 INFO [asnconverter]: triggerTime = 916020914162304000
03-06-2019 16:32:47 INFO [asnconverter]: nodeName = meydvvmocc02
03-06-2019 16:32:47 INFO [asnconverter]: serviceContextID = SCAP_V.2.0@ericsson.com
03-06-2019 16:32:47 INFO [asnconverter]: chargingContextID = SCAP_V.2.0@ericsson.com
03-06-2019 16:32:47 INFO [asnconverter]: serviceSessionID = -:1002:1
03-06-2019 16:32:47 INFO [asnconverter]: recordIdentificationNumber = 2203
03-06-2019 16:32:47 INFO [asnconverter]: partialSequenceNumber = 0
03-06-2019 16:32:47 INFO [asnconverter]: lastPartialOutput = TRUE
03-06-2019 16:32:47 INFO [asnconverter]: subscriptionIDType = endUserE164
03-06-2019 16:32:47 INFO [asnconverter]: subscriptionIDValue = 971520000851
03-06-2019 16:32:47 INFO [asnconverter]: sessionId = 12081202230124880
03-06-2019 16:32:48 INFO [asnconverter]: ccRequestNumber = 1
03-06-2019 16:32:48 INFO [asnconverter]: originRealm = 6369732E636F6D
03-06-2019 16:32:48 INFO [asnconverter]: originHost = 6D65797476766D6369733032
03-06-2019 16:32:48 INFO [asnconverter]: serviceIdentifier = 1002
03-06-2019 16:32:48 INFO [asnconverter]: tariffChangeUsage = before
03-06-2019 16:32:48 INFO [asnconverter]: amount = 400
03-06-2019 16:32:48 INFO [asnconverter]: decimals = 2
03-06-2019 16:32:48 INFO [asnconverter]: currency = 784
03-06-2019 16:32:48 INFO [asnconverter]: eventTime = 32303139303630323139313330332B30343030
03-06-2019 16:32:48 INFO [asnconverter]: triggerTime = 916020914162304000
03-06-2019 16:32:48 INFO [asnconverter]: serviceScenario = mobileOriginating
03-06-2019 16:32:48 INFO [asnconverter]: roamingPosition = insideHPLMN
03-06-2019 16:32:48 INFO [asnconverter]: servedAccount = 81795102008015
03-06-2019 16:32:48 INFO [asnconverter]: serviceClassID = 1001
03-06-2019 16:32:48 INFO [asnconverter]: accountGroupID = 100
03-06-2019 16:32:48 INFO [asnconverter]: accountValueBefore = 0 6 784
03-06-2019 16:32:48 INFO [asnconverter]: amount = 0
03-06-2019 16:32:48 INFO [asnconverter]: decimals = 6
03-06-2019 16:32:48 INFO [asnconverter]: currency = 784
03-06-2019 16:32:48 INFO [asnconverter]: accountValueAfter = 0 6 784
03-06-2019 16:32:48 INFO [asnconverter]: amount = 0
03-06-2019 16:32:48 INFO [asnconverter]: decimals = 6
03-06-2019 16:32:48 INFO [asnconverter]: currency = 784
03-06-2019 16:32:48 INFO [asnconverter]: XXXXXXXXXXXXXXXXXXXXXXX             -E---N---D-             XXXXXXXXXXXXXXXXXXXXXX
03-06-2019 16:32:48 INFO [asnconverter]: ****************************************************************************************
03-06-2019 16:32:48 INFO [asnconverter]: ****************************************************************************************
03-06-2019 16:32:48 INFO [asnconverter]: $$$$$$$$$$$$$$$$$$$$$ Parsing File EDRfile.csv $$$$$$$$$$$$$$$$$$$$$$$$$
03-06-2019 16:32:48 INFO [asnconverter]: ****************************************************************************************
03-06-2019 16:32:48 INFO [asnconverter]: ****************************************************************************************
03-06-2019 16:32:48 INFO [asnconverter]: XXXXXXXXXXXXXXXXXXXXXXX             -E---N---D-             XXXXXXXXXXXXXXXXXXXXXX
