26-05-2019 14:58:55 INFO [asnconverter]: Starting execution at +:26-May-2019 14:58:55
26-05-2019 14:58:56 INFO [asnconverter]: ****************************************************************************************
26-05-2019 14:58:56 INFO [asnconverter]: ****************************************************************************************
26-05-2019 14:58:56 INFO [asnconverter]: $$$$$$$$$$$$$$$$$$$$$ Parsing File AIROUTPUTCDR_4011_1418_20190526-115552.AIR $$$$$$$$$$$$$$$$$$$$$$$$$
26-05-2019 14:58:56 INFO [asnconverter]: ****************************************************************************************
26-05-2019 14:58:56 INFO [asnconverter]: ****************************************************************************************
26-05-2019 14:58:57 INFO [asnconverter]: accountNumber = 971520001714
26-05-2019 14:58:58 INFO [asnconverter]: transactionAmount = 55.000000
26-05-2019 14:58:58 INFO [asnconverter]: XXXXXXXXXXXXXXXXXXXXXXX             -E---N---D-             XXXXXXXXXXXXXXXXXXXXXX
26-05-2019 14:58:58 INFO [asnconverter]: ****************************************************************************************
26-05-2019 14:58:58 INFO [asnconverter]: ****************************************************************************************
26-05-2019 14:58:58 INFO [asnconverter]: $$$$$$$$$$$$$$$$$$$$$ Parsing File SDPOUTPUTCDR_4001_meytvvmsdp01_SUB_5883_20190526-124024.ASN $$$$$$$$$$$$$$$$$$$$$$$$$
26-05-2019 14:58:58 INFO [asnconverter]: ****************************************************************************************
26-05-2019 14:58:58 INFO [asnconverter]: ****************************************************************************************
26-05-2019 14:58:58 INFO [asnconverter]: accountNumber = 971520001714
26-05-2019 14:58:58 INFO [asnconverter]: action = create
26-05-2019 14:58:58 INFO [asnconverter]: XXXXXXXXXXXXXXXXXXXXXXX             -E---N---D-             XXXXXXXXXXXXXXXXXXXXXX
26-05-2019 14:58:58 INFO [asnconverter]: ****************************************************************************************
26-05-2019 14:58:58 INFO [asnconverter]: ****************************************************************************************
26-05-2019 14:58:58 INFO [asnconverter]: $$$$$$$$$$$$$$$$$$$$$ Parsing File CHARGINGCDR-meydvvmocc02-190526-1447-02153.ber $$$$$$$$$$$$$$$$$$$$$$$$$
26-05-2019 14:58:58 INFO [asnconverter]: ****************************************************************************************
26-05-2019 14:58:58 INFO [asnconverter]: ****************************************************************************************
26-05-2019 14:58:59 INFO [asnconverter]: resultCode = 2001
26-05-2019 14:58:59 INFO [asnconverter]: triggerTime = 915062411444304000
26-05-2019 14:58:59 INFO [asnconverter]: nodeName = meytvvmocc01
26-05-2019 14:58:59 INFO [asnconverter]: serviceContextID = du-service
26-05-2019 14:58:59 INFO [asnconverter]: chargingContextID = Ericsson_OCS_V1_0.0.0.10.32251@3gpp.org
26-05-2019 14:58:59 INFO [asnconverter]: serviceSessionID = 3:-:1
26-05-2019 14:58:59 INFO [asnconverter]: XXXXXXXXXXXXXXXXXXXXXXX             -E---N---D-             XXXXXXXXXXXXXXXXXXXXXX
26-05-2019 14:58:59 INFO [asnconverter]: ****************************************************************************************
26-05-2019 14:58:59 INFO [asnconverter]: ****************************************************************************************
26-05-2019 14:58:59 INFO [asnconverter]: $$$$$$$$$$$$$$$$$$$$$ Parsing File CHARGINGCDR-meytvvmocc01-190526-1446-02202.ber $$$$$$$$$$$$$$$$$$$$$$$$$
26-05-2019 14:58:59 INFO [asnconverter]: ****************************************************************************************
26-05-2019 14:58:59 INFO [asnconverter]: ****************************************************************************************
26-05-2019 14:58:59 INFO [asnconverter]: resultCode = 2001
26-05-2019 14:58:59 INFO [asnconverter]: triggerTime = 915062417463304000
26-05-2019 14:58:59 INFO [asnconverter]: nodeName = meytvvmocc01
26-05-2019 14:58:59 INFO [asnconverter]: serviceContextID = SCAP_V.2.0@ericsson.com
26-05-2019 14:58:59 INFO [asnconverter]: chargingContextID = SCAP_V.2.0@ericsson.com
26-05-2019 14:58:59 INFO [asnconverter]: serviceSessionID = -:1001:1
26-05-2019 14:58:59 INFO [asnconverter]: XXXXXXXXXXXXXXXXXXXXXXX             -E---N---D-             XXXXXXXXXXXXXXXXXXXXXX
