26-05-2019 18:32:03 INFO [asnconverter]: Starting execution at +:26-May-2019 18:29:43
26-05-2019 18:32:03 INFO [asnconverter]: ****************************************************************************************
26-05-2019 18:32:03 INFO [asnconverter]: ****************************************************************************************
26-05-2019 18:32:03 INFO [asnconverter]: $$$$$$$$$$$$$$$$$$$$$ Parsing File SDPOUTPUTCDR_4001_meytvvmsdp01_SUB_6002_20190526-182258.ASN $$$$$$$$$$$$$$$$$$$$$$$$$
26-05-2019 18:32:03 INFO [asnconverter]: ****************************************************************************************
26-05-2019 18:32:03 INFO [asnconverter]: ****************************************************************************************
26-05-2019 18:32:04 INFO [asnconverter]: accountNumber = 971520001714
26-05-2019 18:32:04 INFO [asnconverter]: action = set
26-05-2019 18:32:04 INFO [asnconverter]: XXXXXXXXXXXXXXXXXXXXXXX             -E---N---D-             XXXXXXXXXXXXXXXXXXXXXX
26-05-2019 18:32:04 INFO [asnconverter]: ****************************************************************************************
26-05-2019 18:32:04 INFO [asnconverter]: ****************************************************************************************
26-05-2019 18:32:04 INFO [asnconverter]: $$$$$$$$$$$$$$$$$$$$$ Parsing File CHARGINGCDR-meydvvmocc02-190526-1825-02197.ber $$$$$$$$$$$$$$$$$$$$$$$$$
26-05-2019 18:32:04 INFO [asnconverter]: ****************************************************************************************
26-05-2019 18:32:04 INFO [asnconverter]: ****************************************************************************************
26-05-2019 18:32:04 INFO [asnconverter]: subscriptionIDValue = 971551000407
26-05-2019 18:32:05 INFO [asnconverter]: triggerTime = 915062815255304000
26-05-2019 18:32:05 INFO [asnconverter]: nodeName = meydvvmocc02
26-05-2019 18:32:05 INFO [asnconverter]: serviceContextID = SCAP_V.2.0@ericsson.com
26-05-2019 18:32:05 INFO [asnconverter]: chargingContextID = SCAP_V.2.0@ericsson.com
26-05-2019 18:32:05 INFO [asnconverter]: serviceSessionID = -:1001:1
26-05-2019 18:32:05 INFO [asnconverter]: XXXXXXXXXXXXXXXXXXXXXXX             -E---N---D-             XXXXXXXXXXXXXXXXXXXXXX
26-05-2019 18:32:05 INFO [asnconverter]: ****************************************************************************************
26-05-2019 18:32:05 INFO [asnconverter]: ****************************************************************************************
26-05-2019 18:32:05 INFO [asnconverter]: $$$$$$$$$$$$$$$$$$$$$ Parsing File CHARGINGCDR-meytvvmocc01-190526-1828-02226.ber $$$$$$$$$$$$$$$$$$$$$$$$$
26-05-2019 18:32:05 INFO [asnconverter]: ****************************************************************************************
26-05-2019 18:32:05 INFO [asnconverter]: ****************************************************************************************
26-05-2019 18:32:05 INFO [asnconverter]: subscriptionIDValue = 971556000102
26-05-2019 18:32:05 INFO [asnconverter]: triggerTime = 915062818225304000
26-05-2019 18:32:05 INFO [asnconverter]: nodeName = meytvvmocc01
26-05-2019 18:32:05 INFO [asnconverter]: serviceContextID = SCAP_V.2.0@ericsson.com
26-05-2019 18:32:05 INFO [asnconverter]: chargingContextID = SCAP_V.2.0@ericsson.com
26-05-2019 18:32:05 INFO [asnconverter]: serviceSessionID = -:1001:1
26-05-2019 18:32:05 INFO [asnconverter]: XXXXXXXXXXXXXXXXXXXXXXX             -E---N---D-             XXXXXXXXXXXXXXXXXXXXXX
