03-06-2019 18:50:00 INFO [asnconverter]: Starting execution at +:03-Jun-2019 18:50:00
03-06-2019 18:50:01 INFO [asnconverter]: ****************************************************************************************
03-06-2019 18:50:01 INFO [asnconverter]: ****************************************************************************************
03-06-2019 18:50:01 INFO [asnconverter]: $$$$$$$$$$$$$$$$$$$$$ Parsing File meydvvmccn01-CCNCDR44-01-Blk0Blk-4166-20190602151420-5 $$$$$$$$$$$$$$$$$$$$$$$$$
03-06-2019 18:50:01 INFO [asnconverter]: ****************************************************************************************
03-06-2019 18:50:01 INFO [asnconverter]: ****************************************************************************************
03-06-2019 18:50:01 INFO [asnconverter]: subscriptionIDValue = 971520000678
03-06-2019 18:50:02 INFO [asnconverter]: XXXXXXXXXXXXXXXXXXXXXXX             -E---N---D-             XXXXXXXXXXXXXXXXXXXXXX
03-06-2019 18:50:02 INFO [asnconverter]: ****************************************************************************************
03-06-2019 18:50:02 INFO [asnconverter]: ****************************************************************************************
03-06-2019 18:50:02 INFO [asnconverter]: $$$$$$$$$$$$$$$$$$$$$ Parsing File SDPOUTPUTCDR_4001_meytvvmsdp01_TRF_0735_20190602-191402.ASN $$$$$$$$$$$$$$$$$$$$$$$$$
03-06-2019 18:50:02 INFO [asnconverter]: ****************************************************************************************
03-06-2019 18:50:02 INFO [asnconverter]: ****************************************************************************************
03-06-2019 18:50:02 INFO [asnconverter]: accountNumber = 971520002069
03-06-2019 18:50:02 INFO [asnconverter]: adjustmentRecordType = provisioningUaDa
03-06-2019 18:50:02 INFO [asnconverter]: sdpID = meytvvmsdp01
03-06-2019 18:50:02 INFO [asnconverter]: cdrID = 1517902712724967834
03-06-2019 18:50:02 INFO [asnconverter]: accountNumber = 971520002069
03-06-2019 18:50:02 INFO [asnconverter]: subscriberNumber = 971520002069
03-06-2019 18:50:02 INFO [asnconverter]: adjustmentTimeStamp = 20190602191402+0400
03-06-2019 18:50:02 INFO [asnconverter]: serviceClassId = 1051
03-06-2019 18:50:02 INFO [asnconverter]: currencyType = 0
03-06-2019 18:50:02 INFO [asnconverter]: originNodeType = SDP
03-06-2019 18:50:02 INFO [asnconverter]: originNodeId = meytvvmsdp01
03-06-2019 18:50:02 INFO [asnconverter]: accountFlagsBefore = 00000000
03-06-2019 18:50:02 INFO [asnconverter]: accountFlagsAfter = 10000000
03-06-2019 18:50:02 INFO [asnconverter]: activationDate = 20190602
03-06-2019 18:50:02 INFO [asnconverter]: offerID = 4541
03-06-2019 18:50:02 INFO [asnconverter]: action = modify
03-06-2019 18:50:02 INFO [asnconverter]: offerType = timer
03-06-2019 18:50:02 INFO [asnconverter]: offerDisabledAfter = FALSE
03-06-2019 18:50:02 INFO [asnconverter]: XXXXXXXXXXXXXXXXXXXXXXX             -E---N---D-             XXXXXXXXXXXXXXXXXXXXXX
03-06-2019 18:50:02 INFO [asnconverter]: ****************************************************************************************
03-06-2019 18:50:02 INFO [asnconverter]: ****************************************************************************************
03-06-2019 18:50:02 INFO [asnconverter]: $$$$$$$$$$$$$$$$$$$$$ Parsing File CHARGINGCDR-meydvvmocc02-190528-1634-02448.ber $$$$$$$$$$$$$$$$$$$$$$$$$
03-06-2019 18:50:02 INFO [asnconverter]: ****************************************************************************************
03-06-2019 18:50:02 INFO [asnconverter]: ****************************************************************************************
