30-05-2019 14:23:19 INFO [asnconverter]: Starting execution at +:30-May-2019 14:15:02
30-05-2019 14:23:19 INFO [asnconverter]: ****************************************************************************************
30-05-2019 14:23:19 INFO [asnconverter]: ****************************************************************************************
30-05-2019 14:23:19 INFO [asnconverter]: $$$$$$$$$$$$$$$$$$$$$ Parsing File SDPOUTPUTCDR_4001_meytvvmsdp01_SUB_7094_20190530-141410.ASN $$$$$$$$$$$$$$$$$$$$$$$$$
30-05-2019 14:23:19 INFO [asnconverter]: ****************************************************************************************
30-05-2019 14:23:19 INFO [asnconverter]: ****************************************************************************************
30-05-2019 14:23:19 INFO [asnconverter]: accountNumber = 971520001714
30-05-2019 14:23:19 INFO [asnconverter]: adjustmentRecordType = refillCDR
30-05-2019 14:23:19 INFO [asnconverter]: sdpID = meytvvmsdp01
30-05-2019 14:23:19 INFO [asnconverter]: cdrID = 148353153998995797
30-05-2019 14:23:19 INFO [asnconverter]: accountNumber = 971520001714
30-05-2019 14:23:19 INFO [asnconverter]: subscriberNumber = 971520001714
30-05-2019 14:23:19 INFO [asnconverter]: adjustmentTimeStamp = 20190530141410+0400
30-05-2019 14:23:19 INFO [asnconverter]: serviceClassId = 1001
30-05-2019 14:23:19 INFO [asnconverter]: currencyType = 0
30-05-2019 14:23:19 INFO [asnconverter]: originNodeType = CIS
30-05-2019 14:23:19 INFO [asnconverter]: originNodeId = CIS
30-05-2019 14:23:20 INFO [asnconverter]: origTransactionID = 2530731345073
30-05-2019 14:23:20 INFO [asnconverter]: origTransactionTimeStamp = 20190530141543+0400
30-05-2019 14:23:20 INFO [asnconverter]: originOperatorId = CIS
30-05-2019 14:23:20 INFO [asnconverter]: accountFlagsBefore = 10000000
30-05-2019 14:23:20 INFO [asnconverter]: accountFlagsAfter = 10000000
30-05-2019 14:23:20 INFO [asnconverter]: activationDate = 20190310
30-05-2019 14:23:20 INFO [asnconverter]: offerID = 1001
30-05-2019 14:23:20 INFO [asnconverter]: action = set
30-05-2019 14:23:20 INFO [asnconverter]: offerType = timer
30-05-2019 14:23:20 INFO [asnconverter]: offerDisabledAfter = FALSE
30-05-2019 14:23:20 INFO [asnconverter]: XXXXXXXXXXXXXXXXXXXXXXX             -E---N---D-             XXXXXXXXXXXXXXXXXXXXXX
30-05-2019 14:23:20 INFO [asnconverter]: ****************************************************************************************
30-05-2019 14:23:20 INFO [asnconverter]: ****************************************************************************************
30-05-2019 14:23:20 INFO [asnconverter]: $$$$$$$$$$$$$$$$$$$$$ Parsing File CHARGINGCDR-meytvvmocc01-190530-1414-02673.ber $$$$$$$$$$$$$$$$$$$$$$$$$
30-05-2019 14:23:20 INFO [asnconverter]: ****************************************************************************************
30-05-2019 14:23:20 INFO [asnconverter]: ****************************************************************************************
