27-05-2019 17:58:12 INFO [asnconverter]: Starting execution at +:27-May-2019 17:58:12
27-05-2019 17:58:13 INFO [asnconverter]: ****************************************************************************************
27-05-2019 17:58:13 INFO [asnconverter]: ****************************************************************************************
27-05-2019 17:58:13 INFO [asnconverter]: $$$$$$$$$$$$$$$$$$$$$ Parsing File meydvvmccn01-CCNCDR44-01-Blk0Blk-2246-20190327082236-2 $$$$$$$$$$$$$$$$$$$$$$$$$
27-05-2019 17:58:13 INFO [asnconverter]: ****************************************************************************************
27-05-2019 17:58:13 INFO [asnconverter]: ****************************************************************************************
27-05-2019 17:58:13 INFO [asnconverter]: subscriptionIDValue = 971513000006
27-05-2019 17:58:14 INFO [asnconverter]: XXXXXXXXXXXXXXXXXXXXXXX             -E---N---D-             XXXXXXXXXXXXXXXXXXXXXX
27-05-2019 17:58:14 INFO [asnconverter]: ****************************************************************************************
27-05-2019 17:58:14 INFO [asnconverter]: ****************************************************************************************
27-05-2019 17:58:14 INFO [asnconverter]: $$$$$$$$$$$$$$$$$$$$$ Parsing File meydvvmccn01-CCNCDR44-01-Blk0Blk-2252-20190327084030-2 $$$$$$$$$$$$$$$$$$$$$$$$$
27-05-2019 17:58:14 INFO [asnconverter]: ****************************************************************************************
27-05-2019 17:58:14 INFO [asnconverter]: ****************************************************************************************
27-05-2019 17:58:14 INFO [asnconverter]: subscriptionIDValue = 971520000174
27-05-2019 17:58:14 INFO [asnconverter]: XXXXXXXXXXXXXXXXXXXXXXX             -E---N---D-             XXXXXXXXXXXXXXXXXXXXXX
27-05-2019 17:58:14 INFO [asnconverter]: ****************************************************************************************
27-05-2019 17:58:14 INFO [asnconverter]: ****************************************************************************************
27-05-2019 17:58:14 INFO [asnconverter]: $$$$$$$$$$$$$$$$$$$$$ Parsing File SDPOUTPUTCDR_4001_meytvvmsdp01_SUB_6225_20190527-163349.ASN $$$$$$$$$$$$$$$$$$$$$$$$$
27-05-2019 17:58:14 INFO [asnconverter]: ****************************************************************************************
27-05-2019 17:58:14 INFO [asnconverter]: ****************************************************************************************
27-05-2019 17:58:14 INFO [asnconverter]: accountNumber = 971520001714
27-05-2019 17:58:14 INFO [asnconverter]: adjustmentRecordType = refillCDR
27-05-2019 17:58:14 INFO [asnconverter]: sdpID = meytvvmsdp01
27-05-2019 17:58:14 INFO [asnconverter]: cdrID = 148353153998981592
27-05-2019 17:58:14 INFO [asnconverter]: accountNumber = 971520001714
27-05-2019 17:58:14 INFO [asnconverter]: subscriberNumber = 971520001714
27-05-2019 17:58:14 INFO [asnconverter]: adjustmentTimeStamp = 20190527163349+0400
27-05-2019 17:58:14 INFO [asnconverter]: serviceClassId = 1001
27-05-2019 17:58:14 INFO [asnconverter]: currencyType = 0
27-05-2019 17:58:14 INFO [asnconverter]: originNodeType = CIS
27-05-2019 17:58:14 INFO [asnconverter]: originNodeId = CIS
27-05-2019 17:58:14 INFO [asnconverter]: origTransactionID = 2530480480446
27-05-2019 17:58:14 INFO [asnconverter]: origTransactionTimeStamp = 20190527163438+0400
27-05-2019 17:58:14 INFO [asnconverter]: originOperatorId = CIS
27-05-2019 17:58:14 INFO [asnconverter]: accountFlagsBefore = 10000000
27-05-2019 17:58:14 INFO [asnconverter]: accountFlagsAfter = 10000000
27-05-2019 17:58:14 INFO [asnconverter]: activationDate = 20190310
27-05-2019 17:58:14 INFO [asnconverter]: offerID = 1001
27-05-2019 17:58:14 INFO [asnconverter]: action = set
27-05-2019 17:58:14 INFO [asnconverter]: offerType = timer
27-05-2019 17:58:14 INFO [asnconverter]: offerDisabledAfter = FALSE
27-05-2019 17:58:14 INFO [asnconverter]: offerExpiryDateTimeAfter = 20190527163349+0400
27-05-2019 17:58:14 INFO [asnconverter]: productID = 25
27-05-2019 17:58:14 INFO [asnconverter]: pamServiceID = 1
27-05-2019 17:58:14 INFO [asnconverter]: pamClassID = 1
27-05-2019 17:58:14 INFO [asnconverter]: scheduleID = 1
27-05-2019 17:58:14 INFO [asnconverter]: pamServiceID = 3
27-05-2019 17:58:14 INFO [asnconverter]: pamClassID = 3
27-05-2019 17:58:14 INFO [asnconverter]: scheduleID = 1
27-05-2019 17:58:14 INFO [asnconverter]: XXXXXXXXXXXXXXXXXXXXXXX             -E---N---D-             XXXXXXXXXXXXXXXXXXXXXX
27-05-2019 17:58:14 INFO [asnconverter]: ****************************************************************************************
27-05-2019 17:58:14 INFO [asnconverter]: ****************************************************************************************
27-05-2019 17:58:14 INFO [asnconverter]: $$$$$$$$$$$$$$$$$$$$$ Parsing File CHARGINGCDR-meytvvmocc01-190527-1630-02318.ber $$$$$$$$$$$$$$$$$$$$$$$$$
27-05-2019 17:58:14 INFO [asnconverter]: ****************************************************************************************
27-05-2019 17:58:14 INFO [asnconverter]: ****************************************************************************************
27-05-2019 17:58:15 INFO [asnconverter]: subscriptionIDValue = 971520001714
27-05-2019 17:58:15 INFO [asnconverter]: triggerTime = 915072611310304000
27-05-2019 17:58:15 INFO [asnconverter]: nodeName = meytvvmocc01
27-05-2019 17:58:15 INFO [asnconverter]: serviceContextID = SCAP_V.2.0@ericsson.com
27-05-2019 17:58:15 INFO [asnconverter]: chargingContextID = SCAP_V.2.0@ericsson.com
27-05-2019 17:58:15 INFO [asnconverter]: serviceSessionID = -:1001:1
27-05-2019 17:58:15 INFO [asnconverter]: recordIdentificationNumber = 0E79
27-05-2019 17:58:15 INFO [asnconverter]: partialSequenceNumber = 0
27-05-2019 17:58:15 INFO [asnconverter]: lastPartialOutput = TRUE
27-05-2019 17:58:15 INFO [asnconverter]: subscriptionIDType = endUserE164
27-05-2019 17:58:15 INFO [asnconverter]: subscriptionIDValue = 971520001714
27-05-2019 17:58:15 INFO [asnconverter]: sessionId = 2530480263699
27-05-2019 17:58:15 INFO [asnconverter]: ccRequestNumber = 1
27-05-2019 17:58:15 INFO [asnconverter]: originRealm = 6369732E636F6D
27-05-2019 17:58:15 INFO [asnconverter]: originHost = 31302E39352E3231342E313337
27-05-2019 17:58:15 INFO [asnconverter]: serviceIdentifier = 1001
27-05-2019 17:58:15 INFO [asnconverter]: tariffChangeUsage = before
27-05-2019 17:58:15 INFO [asnconverter]: amount = 0
27-05-2019 17:58:15 INFO [asnconverter]: decimals = 2
27-05-2019 17:58:15 INFO [asnconverter]: currency = 784
27-05-2019 17:58:15 INFO [asnconverter]: eventTime = 32303139303532373136333031332B30343030
27-05-2019 17:58:15 INFO [asnconverter]: triggerTime = 915072611310304000
27-05-2019 17:58:15 INFO [asnconverter]: serviceScenario = mobileOriginating
27-05-2019 17:58:15 INFO [asnconverter]: roamingPosition = insideHPLMN
27-05-2019 17:58:15 INFO [asnconverter]: servedAccount = 81795102007141
27-05-2019 17:58:15 INFO [asnconverter]: serviceClassID = 1001
27-05-2019 17:58:15 INFO [asnconverter]: accountGroupID = 0
27-05-2019 17:58:15 INFO [asnconverter]: accountValueBefore = 0 6 784
27-05-2019 17:58:15 INFO [asnconverter]: amount = 0
27-05-2019 17:58:15 INFO [asnconverter]: decimals = 6
27-05-2019 17:58:15 INFO [asnconverter]: currency = 784
27-05-2019 17:58:15 INFO [asnconverter]: accountValueAfter = 0 6 784
27-05-2019 17:58:15 INFO [asnconverter]: XXXXXXXXXXXXXXXXXXXXXXX             -E---N---D-             XXXXXXXXXXXXXXXXXXXXXX
