31-12-2018 19:15:45 INFO [asnconverter]: Starting execution at +:31-Dec-2018 19:15:44
31-12-2018 19:15:46 INFO [asnconverter]: ****************************************************************************************
31-12-2018 19:15:46 INFO [asnconverter]: ****************************************************************************************
31-12-2018 19:15:46 INFO [asnconverter]: $$$$$$$$$$$$$$$$$$$$$ Parsing File meydvvmccn01-CCNCDR44-01-Blk0Blk-0055-20181226082229-1 $$$$$$$$$$$$$$$$$$$$$$$$$
31-12-2018 19:15:46 INFO [asnconverter]: ****************************************************************************************
31-12-2018 19:15:46 INFO [asnconverter]: ****************************************************************************************
31-12-2018 19:15:46 INFO [asnconverter]: subscriptionIDValue = 971520000006
31-12-2018 19:15:47 INFO [asnconverter]: XXXXXXXXXXXXXXXXXXXXXXX             -E---N---D-             XXXXXXXXXXXXXXXXXXXXXX
31-12-2018 19:15:47 INFO [asnconverter]: ****************************************************************************************
31-12-2018 19:15:47 INFO [asnconverter]: ****************************************************************************************
31-12-2018 19:15:47 INFO [asnconverter]: $$$$$$$$$$$$$$$$$$$$$ Parsing File meydvvmccn01-CCNCDR44-01-Blk0Blk-0057-20181226083149-1 $$$$$$$$$$$$$$$$$$$$$$$$$
31-12-2018 19:15:47 INFO [asnconverter]: ****************************************************************************************
31-12-2018 19:15:47 INFO [asnconverter]: ****************************************************************************************
31-12-2018 19:15:47 INFO [asnconverter]: subscriptionIDValue = 971520000245
31-12-2018 19:15:47 INFO [asnconverter]: inidividualPriceFactor = 105
31-12-2018 19:15:48 INFO [asnconverter]: XXXXXXXXXXXXXXXXXXXXXXX             -E---N---D-             XXXXXXXXXXXXXXXXXXXXXX
31-12-2018 19:15:48 INFO [asnconverter]: ****************************************************************************************
31-12-2018 19:15:48 INFO [asnconverter]: ****************************************************************************************
31-12-2018 19:15:48 INFO [asnconverter]: $$$$$$$$$$$$$$$$$$$$$ Parsing File AIR_USSD-Recharge.AIR $$$$$$$$$$$$$$$$$$$$$$$$$
31-12-2018 19:15:48 INFO [asnconverter]: ****************************************************************************************
31-12-2018 19:15:48 INFO [asnconverter]: ****************************************************************************************
31-12-2018 19:15:48 INFO [asnconverter]: transactionAmount = 100.000000
31-12-2018 19:15:48 INFO [asnconverter]: accountNumber = 971520000189
31-12-2018 19:15:48 INFO [asnconverter]: accountBalance = 0.000000
31-12-2018 19:15:48 INFO [asnconverter]: accountBalance = 558.010000
31-12-2018 19:15:48 INFO [asnconverter]: accountBalance = 210.000000
31-12-2018 19:15:48 INFO [asnconverter]: XXXXXXXXXXXXXXXXXXXXXXX             -E---N---D-             XXXXXXXXXXXXXXXXXXXXXX
31-12-2018 19:15:48 INFO [asnconverter]: ****************************************************************************************
31-12-2018 19:15:48 INFO [asnconverter]: ****************************************************************************************
31-12-2018 19:15:48 INFO [asnconverter]: $$$$$$$$$$$$$$$$$$$$$ Parsing File SDP-Voucher-Recharge.ASN $$$$$$$$$$$$$$$$$$$$$$$$$
31-12-2018 19:15:48 INFO [asnconverter]: ****************************************************************************************
31-12-2018 19:15:48 INFO [asnconverter]: ****************************************************************************************
31-12-2018 19:15:48 INFO [asnconverter]: accountNumber = 971520000127
31-12-2018 19:15:48 INFO [asnconverter]: accountValueBefore = 0.000000
31-12-2018 19:15:48 INFO [asnconverter]: accountValueAfter = 0.000000
31-12-2018 19:15:48 INFO [asnconverter]: adjustmentAmount = 100.000000
31-12-2018 19:15:48 INFO [asnconverter]: action = create
31-12-2018 19:15:48 INFO [asnconverter]: XXXXXXXXXXXXXXXXXXXXXXX             -E---N---D-             XXXXXXXXXXXXXXXXXXXXXX
31-12-2018 19:15:48 INFO [asnconverter]: ****************************************************************************************
31-12-2018 19:15:48 INFO [asnconverter]: ****************************************************************************************
31-12-2018 19:15:48 INFO [asnconverter]: $$$$$$$$$$$$$$$$$$$$$ Parsing File OCC-data1 $$$$$$$$$$$$$$$$$$$$$$$$$
31-12-2018 19:15:48 INFO [asnconverter]: ****************************************************************************************
31-12-2018 19:15:48 INFO [asnconverter]: ****************************************************************************************
31-12-2018 19:15:49 INFO [asnconverter]: XXXXXXXXXXXXXXXXXXXXXXX             -E---N---D-             XXXXXXXXXXXXXXXXXXXXXX
