27-05-2019 18:44:16 INFO [asnconverter]: Starting execution at +:27-May-2019 18:42:02
27-05-2019 18:44:16 INFO [asnconverter]: ****************************************************************************************
27-05-2019 18:44:16 INFO [asnconverter]: ****************************************************************************************
27-05-2019 18:44:16 INFO [asnconverter]: $$$$$$$$$$$$$$$$$$$$$ Parsing File SDPOUTPUTCDR_4001_meytvvmsdp01_SUB_6288_20190527-184027.ASN $$$$$$$$$$$$$$$$$$$$$$$$$
27-05-2019 18:44:16 INFO [asnconverter]: ****************************************************************************************
27-05-2019 18:44:16 INFO [asnconverter]: ****************************************************************************************
27-05-2019 18:44:17 INFO [asnconverter]: accountNumber = 971520001714
27-05-2019 18:44:17 INFO [asnconverter]: adjustmentRecordType = refillCDR
27-05-2019 18:44:17 INFO [asnconverter]: sdpID = meytvvmsdp01
27-05-2019 18:44:17 INFO [asnconverter]: cdrID = 148353153998981870
27-05-2019 18:44:17 INFO [asnconverter]: accountNumber = 971520001714
27-05-2019 18:44:17 INFO [asnconverter]: subscriberNumber = 971520001714
27-05-2019 18:44:17 INFO [asnconverter]: adjustmentTimeStamp = 20190527184027+0400
27-05-2019 18:44:17 INFO [asnconverter]: serviceClassId = 1001
27-05-2019 18:44:17 INFO [asnconverter]: currencyType = 0
27-05-2019 18:44:17 INFO [asnconverter]: originNodeType = CIS
27-05-2019 18:44:17 INFO [asnconverter]: originNodeId = CIS
27-05-2019 18:44:17 INFO [asnconverter]: origTransactionID = 2530488077453
27-05-2019 18:44:17 INFO [asnconverter]: origTransactionTimeStamp = 20190527184115+0400
27-05-2019 18:44:17 INFO [asnconverter]: originOperatorId = CIS
27-05-2019 18:44:17 INFO [asnconverter]: accountFlagsBefore = 10000000
27-05-2019 18:44:17 INFO [asnconverter]: accountFlagsAfter = 10000000
27-05-2019 18:44:17 INFO [asnconverter]: activationDate = 20190310
27-05-2019 18:44:17 INFO [asnconverter]: offerID = 1001
27-05-2019 18:44:17 INFO [asnconverter]: action = set
27-05-2019 18:44:17 INFO [asnconverter]: offerType = timer
27-05-2019 18:44:17 INFO [asnconverter]: offerDisabledAfter = FALSE
27-05-2019 18:44:17 INFO [asnconverter]: XXXXXXXXXXXXXXXXXXXXXXX             -E---N---D-             XXXXXXXXXXXXXXXXXXXXXX
27-05-2019 18:44:17 INFO [asnconverter]: ****************************************************************************************
27-05-2019 18:44:17 INFO [asnconverter]: ****************************************************************************************
27-05-2019 18:44:17 INFO [asnconverter]: $$$$$$$$$$$$$$$$$$$$$ Parsing File CHARGINGCDR-meytvvmocc01-190527-1830-02338.ber $$$$$$$$$$$$$$$$$$$$$$$$$
27-05-2019 18:44:17 INFO [asnconverter]: ****************************************************************************************
27-05-2019 18:44:17 INFO [asnconverter]: ****************************************************************************************
27-05-2019 18:44:17 INFO [asnconverter]: subscriptionIDValue = 971520001714
27-05-2019 18:44:17 INFO [asnconverter]: triggerTime = 915072811304304000
27-05-2019 18:44:17 INFO [asnconverter]: nodeName = meytvvmocc01
27-05-2019 18:44:17 INFO [asnconverter]: serviceContextID = SCAP_V.2.0@ericsson.com
27-05-2019 18:44:17 INFO [asnconverter]: chargingContextID = SCAP_V.2.0@ericsson.com
27-05-2019 18:44:17 INFO [asnconverter]: serviceSessionID = -:1001:1
27-05-2019 18:44:17 INFO [asnconverter]: recordIdentificationNumber = 0E9C
27-05-2019 18:44:17 INFO [asnconverter]: partialSequenceNumber = 0
27-05-2019 18:44:17 INFO [asnconverter]: lastPartialOutput = TRUE
27-05-2019 18:44:17 INFO [asnconverter]: subscriptionIDType = endUserE164
27-05-2019 18:44:17 INFO [asnconverter]: subscriptionIDValue = 971520001714
27-05-2019 18:44:17 INFO [asnconverter]: sessionId = 2530487502043
27-05-2019 18:44:17 INFO [asnconverter]: ccRequestNumber = 1
27-05-2019 18:44:17 INFO [asnconverter]: originRealm = 6369732E636F6D
27-05-2019 18:44:17 INFO [asnconverter]: originHost = 31302E39352E3231342E313337
27-05-2019 18:44:17 INFO [asnconverter]: serviceIdentifier = 1001
27-05-2019 18:44:17 INFO [asnconverter]: tariffChangeUsage = before
27-05-2019 18:44:17 INFO [asnconverter]: amount = 0
27-05-2019 18:44:17 INFO [asnconverter]: decimals = 2
27-05-2019 18:44:17 INFO [asnconverter]: currency = 784
27-05-2019 18:44:17 INFO [asnconverter]: eventTime = 32303139303532373138333035322B30343030
27-05-2019 18:44:17 INFO [asnconverter]: triggerTime = 915072811304304000
27-05-2019 18:44:17 INFO [asnconverter]: serviceScenario = mobileOriginating
27-05-2019 18:44:17 INFO [asnconverter]: roamingPosition = insideHPLMN
27-05-2019 18:44:17 INFO [asnconverter]: servedAccount = 81795102007141
27-05-2019 18:44:17 INFO [asnconverter]: serviceClassID = 1001
27-05-2019 18:44:17 INFO [asnconverter]: accountGroupID = 0
27-05-2019 18:44:17 INFO [asnconverter]: accountValueBefore = 0 6 784
27-05-2019 18:44:17 INFO [asnconverter]: amount = 0
27-05-2019 18:44:17 INFO [asnconverter]: decimals = 6
27-05-2019 18:44:17 INFO [asnconverter]: currency = 784
27-05-2019 18:44:18 INFO [asnconverter]: accountValueAfter = 0 6 784
27-05-2019 18:44:18 INFO [asnconverter]: amount = 0
27-05-2019 18:44:18 INFO [asnconverter]: decimals = 6
27-05-2019 18:44:18 INFO [asnconverter]: currency = 784
27-05-2019 18:44:18 INFO [asnconverter]: XXXXXXXXXXXXXXXXXXXXXXX             -E---N---D-             XXXXXXXXXXXXXXXXXXXXXX
