06-05-2019 12:29:46 INFO [asnconverter]: Starting execution at +:06-May-2019 12:29:46
06-05-2019 12:29:47 INFO [asnconverter]: ****************************************************************************************
06-05-2019 12:29:47 INFO [asnconverter]: ****************************************************************************************
06-05-2019 12:29:47 INFO [asnconverter]: $$$$$$$$$$$$$$$$$$$$$ Parsing File meydvvmccn01-CCNCDR44-01-Blk0Blk-3031-20190502162630-1 $$$$$$$$$$$$$$$$$$$$$$$$$
06-05-2019 12:29:47 INFO [asnconverter]: ****************************************************************************************
06-05-2019 12:29:47 INFO [asnconverter]: ****************************************************************************************
06-05-2019 12:29:47 INFO [asnconverter]: resultCode = 2001
06-05-2019 12:29:47 INFO [asnconverter]: subscriptionIDValue = 971520001695
06-05-2019 12:29:47 INFO [asnconverter]: serviceSpecificUnit = 1
06-05-2019 12:29:47 INFO [asnconverter]: eventTime = 32303139303530323230323633302B30343030
06-05-2019 12:29:47 INFO [asnconverter]: serviceScenario = mobileOriginating
06-05-2019 12:29:47 INFO [asnconverter]: roamingPosition = insideHPLMN
06-05-2019 12:29:47 INFO [asnconverter]: serviceClassID = 1001
06-05-2019 12:29:47 INFO [asnconverter]: accumulators = 68 1 39452673 39452672 61 0 1 1
06-05-2019 12:29:47 INFO [asnconverter]: accumulatorID = 68
06-05-2019 12:29:47 INFO [asnconverter]: accumulatorChange = 1
06-05-2019 12:29:47 INFO [asnconverter]: accumulatorAfter = 39452673
06-05-2019 12:29:47 INFO [asnconverter]: accumulatorBeforeSession = 39452672
06-05-2019 12:29:47 INFO [asnconverter]: dedicatedAccounts = 1 21670000 6 784 21481000 6 784 189000 6 784 FALSE money
06-05-2019 12:29:47 INFO [asnconverter]: DedicatedAccount = 1 21670000 6 784 21481000 6 784 189000 6 784 FALSE money
06-05-2019 12:29:47 INFO [asnconverter]: dedicatedAccountID = 1
06-05-2019 12:29:47 INFO [asnconverter]: dedicatedAccountValueBefore = 21670000 6 784
06-05-2019 12:29:47 INFO [asnconverter]: amount = 0
06-05-2019 12:29:47 INFO [asnconverter]: decimals = 6
06-05-2019 12:29:47 INFO [asnconverter]: currency = 784
06-05-2019 12:29:47 INFO [asnconverter]: dedicatedAccountValueAfter = 21481000 6 784
06-05-2019 12:29:47 INFO [asnconverter]: amount = 0
06-05-2019 12:29:47 INFO [asnconverter]: decimals = 6
06-05-2019 12:29:47 INFO [asnconverter]: currency = 784
06-05-2019 12:29:47 INFO [asnconverter]: dedicatedAccountChange = 189000 6 784
06-05-2019 12:29:47 INFO [asnconverter]: amount = 0
06-05-2019 12:29:47 INFO [asnconverter]: decimals = 6
06-05-2019 12:29:47 INFO [asnconverter]: currency = 784
06-05-2019 12:29:47 INFO [asnconverter]: chargingContextSpecific = 16778225 971550930017 16778455 89302 16778217 971550930512 16778249 42403 16778250 2333 16778251 03E9 16778219 91795102007141
06-05-2019 12:29:47 INFO [asnconverter]: ContextParameter = 16778225 971550930017
06-05-2019 12:29:47 INFO [asnconverter]: parameterID = 16778225
06-05-2019 12:29:47 INFO [asnconverter]: parameterValue = 971550930017
06-05-2019 12:29:47 INFO [asnconverter]: string = 971550930017
06-05-2019 12:29:47 INFO [asnconverter]: ContextParameter = 16778225 971550930017
06-05-2019 12:29:47 INFO [asnconverter]: parameterID = 16778225
06-05-2019 12:29:47 INFO [asnconverter]: parameterValue = 89302
06-05-2019 12:29:47 INFO [asnconverter]: string = 89302
06-05-2019 12:29:48 INFO [asnconverter]: XXXXXXXXXXXXXXXXXXXXXXX             -E---N---D-             XXXXXXXXXXXXXXXXXXXXXX
