27-05-2019 18:15:17 INFO [asnconverter]: Starting execution at +:27-May-2019 18:15:16
27-05-2019 18:15:17 INFO [asnconverter]: ****************************************************************************************
27-05-2019 18:15:17 INFO [asnconverter]: ****************************************************************************************
27-05-2019 18:15:17 INFO [asnconverter]: $$$$$$$$$$$$$$$$$$$$$ Parsing File CHARGINGCDR-meytvvmocc01-190527-1757-02333.ber $$$$$$$$$$$$$$$$$$$$$$$$$
27-05-2019 18:15:17 INFO [asnconverter]: ****************************************************************************************
27-05-2019 18:15:17 INFO [asnconverter]: ****************************************************************************************
27-05-2019 18:15:18 INFO [asnconverter]: subscriptionIDValue = 971520001714
27-05-2019 18:15:18 INFO [asnconverter]: triggerTime = 915072718510304000
27-05-2019 18:15:18 INFO [asnconverter]: nodeName = meytvvmocc01
27-05-2019 18:15:18 INFO [asnconverter]: serviceContextID = SCAP_V.2.0@ericsson.com
27-05-2019 18:15:18 INFO [asnconverter]: chargingContextID = SCAP_V.2.0@ericsson.com
27-05-2019 18:15:18 INFO [asnconverter]: serviceSessionID = -:1001:1
27-05-2019 18:15:18 INFO [asnconverter]: recordIdentificationNumber = 0E90
27-05-2019 18:15:18 INFO [asnconverter]: partialSequenceNumber = 0
27-05-2019 18:15:18 INFO [asnconverter]: lastPartialOutput = TRUE
27-05-2019 18:15:18 INFO [asnconverter]: subscriptionIDType = endUserE164
27-05-2019 18:15:18 INFO [asnconverter]: subscriptionIDValue = 971520001714
27-05-2019 18:15:18 INFO [asnconverter]: sessionId = 2530485482998
27-05-2019 18:15:18 INFO [asnconverter]: ccRequestNumber = 1
27-05-2019 18:15:18 INFO [asnconverter]: originRealm = 6369732E636F6D
27-05-2019 18:15:18 INFO [asnconverter]: originHost = 31302E39352E3231342E313337
27-05-2019 18:15:18 INFO [asnconverter]: serviceIdentifier = 1001
27-05-2019 18:15:18 INFO [asnconverter]: tariffChangeUsage = before
27-05-2019 18:15:18 INFO [asnconverter]: amount = 0
27-05-2019 18:15:18 INFO [asnconverter]: decimals = 2
27-05-2019 18:15:18 INFO [asnconverter]: currency = 784
27-05-2019 18:15:18 INFO [asnconverter]: eventTime = 32303139303532373137353731332B30343030
27-05-2019 18:15:18 INFO [asnconverter]: triggerTime = 915072718510304000
27-05-2019 18:15:18 INFO [asnconverter]: serviceScenario = mobileOriginating
27-05-2019 18:15:18 INFO [asnconverter]: roamingPosition = insideHPLMN
27-05-2019 18:15:18 INFO [asnconverter]: servedAccount = 81795102007141
27-05-2019 18:15:18 INFO [asnconverter]: serviceClassID = 1001
27-05-2019 18:15:18 INFO [asnconverter]: accountGroupID = 0
27-05-2019 18:15:18 INFO [asnconverter]: accountValueBefore = 0 6 784
27-05-2019 18:15:18 INFO [asnconverter]: amount = 0
27-05-2019 18:15:18 INFO [asnconverter]: decimals = 6
27-05-2019 18:15:18 INFO [asnconverter]: currency = 784
27-05-2019 18:15:18 INFO [asnconverter]: accountValueAfter = 0 6 784
27-05-2019 18:15:18 INFO [asnconverter]: XXXXXXXXXXXXXXXXXXXXXXX             -E---N---D-             XXXXXXXXXXXXXXXXXXXXXX
