28-05-2019 12:24:16 INFO [asnconverter]: Starting execution at +:28-May-2019 12:19:21
28-05-2019 12:24:17 INFO [asnconverter]: ****************************************************************************************
28-05-2019 12:24:17 INFO [asnconverter]: ****************************************************************************************
28-05-2019 12:24:17 INFO [asnconverter]: $$$$$$$$$$$$$$$$$$$$$ Parsing File SDPOUTPUTCDR_4001_meytvvmsdp01_SUB_6440_20190528-121829.ASN $$$$$$$$$$$$$$$$$$$$$$$$$
28-05-2019 12:24:17 INFO [asnconverter]: ****************************************************************************************
28-05-2019 12:24:17 INFO [asnconverter]: ****************************************************************************************
28-05-2019 12:24:17 INFO [asnconverter]: accountNumber = 971520001714
28-05-2019 12:24:17 INFO [asnconverter]: adjustmentRecordType = refillCDR
28-05-2019 12:24:17 INFO [asnconverter]: sdpID = meytvvmsdp01
28-05-2019 12:24:17 INFO [asnconverter]: cdrID = 148353153998985056
28-05-2019 12:24:17 INFO [asnconverter]: accountNumber = 971520001714
28-05-2019 12:24:17 INFO [asnconverter]: subscriberNumber = 971520001714
28-05-2019 12:24:17 INFO [asnconverter]: adjustmentTimeStamp = 20190528121829+0400
28-05-2019 12:24:17 INFO [asnconverter]: serviceClassId = 1001
28-05-2019 12:24:17 INFO [asnconverter]: currencyType = 0
28-05-2019 12:24:17 INFO [asnconverter]: originNodeType = CIS
28-05-2019 12:24:17 INFO [asnconverter]: originNodeId = CIS
28-05-2019 12:24:17 INFO [asnconverter]: origTransactionID = 2530551555370
28-05-2019 12:24:17 INFO [asnconverter]: origTransactionTimeStamp = 20190528121913+0400
28-05-2019 12:24:17 INFO [asnconverter]: originOperatorId = CIS
28-05-2019 12:24:17 INFO [asnconverter]: accountFlagsBefore = 10000000
28-05-2019 12:24:17 INFO [asnconverter]: accountFlagsAfter = 10000000
28-05-2019 12:24:17 INFO [asnconverter]: activationDate = 20190310
28-05-2019 12:24:17 INFO [asnconverter]: offerID = 1001
28-05-2019 12:24:17 INFO [asnconverter]: action = set
28-05-2019 12:24:17 INFO [asnconverter]: offerType = timer
28-05-2019 12:24:17 INFO [asnconverter]: offerDisabledAfter = FALSE
28-05-2019 12:24:18 INFO [asnconverter]: XXXXXXXXXXXXXXXXXXXXXXX             -E---N---D-             XXXXXXXXXXXXXXXXXXXXXX
28-05-2019 12:24:18 INFO [asnconverter]: ****************************************************************************************
28-05-2019 12:24:18 INFO [asnconverter]: ****************************************************************************************
28-05-2019 12:24:18 INFO [asnconverter]: $$$$$$$$$$$$$$$$$$$$$ Parsing File CHARGINGCDR-meytvvmocc01-190528-1218-02394.ber $$$$$$$$$$$$$$$$$$$$$$$$$
28-05-2019 12:24:18 INFO [asnconverter]: ****************************************************************************************
28-05-2019 12:24:18 INFO [asnconverter]: ****************************************************************************************
28-05-2019 12:24:18 INFO [asnconverter]: subscriptionIDValue = 971520001714
28-05-2019 12:24:18 INFO [asnconverter]: triggerTime = 915082219131304000
28-05-2019 12:24:18 INFO [asnconverter]: nodeName = meytvvmocc01
28-05-2019 12:24:18 INFO [asnconverter]: serviceContextID = SCAP_V.2.0@ericsson.com
28-05-2019 12:24:18 INFO [asnconverter]: chargingContextID = SCAP_V.2.0@ericsson.com
28-05-2019 12:24:18 INFO [asnconverter]: serviceSessionID = -:1001:1
28-05-2019 12:24:18 INFO [asnconverter]: recordIdentificationNumber = 0EF5
28-05-2019 12:24:18 INFO [asnconverter]: partialSequenceNumber = 0
28-05-2019 12:24:19 INFO [asnconverter]: lastPartialOutput = TRUE
28-05-2019 12:24:19 INFO [asnconverter]: subscriptionIDType = endUserE164
28-05-2019 12:24:19 INFO [asnconverter]: subscriptionIDValue = 971520001714
28-05-2019 12:24:19 INFO [asnconverter]: sessionId = 2530551555370
28-05-2019 12:24:19 INFO [asnconverter]: ccRequestNumber = 1
28-05-2019 12:24:19 INFO [asnconverter]: originRealm = 6369732E636F6D
28-05-2019 12:24:19 INFO [asnconverter]: originHost = 31302E39352E3231342E313337
28-05-2019 12:24:19 INFO [asnconverter]: serviceIdentifier = 1001
28-05-2019 12:24:19 INFO [asnconverter]: tariffChangeUsage = before
28-05-2019 12:24:19 INFO [asnconverter]: amount = 0
28-05-2019 12:24:19 INFO [asnconverter]: decimals = 2
28-05-2019 12:24:19 INFO [asnconverter]: currency = 784
28-05-2019 12:24:19 INFO [asnconverter]: eventTime = 32303139303532383132313832392B30343030
28-05-2019 12:24:19 INFO [asnconverter]: triggerTime = 915082219131304000
28-05-2019 12:24:19 INFO [asnconverter]: serviceScenario = mobileOriginating
28-05-2019 12:24:19 INFO [asnconverter]: roamingPosition = insideHPLMN
28-05-2019 12:24:19 INFO [asnconverter]: servedAccount = 81795102007141
28-05-2019 12:24:19 INFO [asnconverter]: serviceClassID = 1001
28-05-2019 12:24:19 INFO [asnconverter]: accountGroupID = 0
28-05-2019 12:24:19 INFO [asnconverter]: accountValueBefore = 0 6 784
28-05-2019 12:24:19 INFO [asnconverter]: amount = 0
28-05-2019 12:24:19 INFO [asnconverter]: decimals = 6
28-05-2019 12:24:19 INFO [asnconverter]: currency = 784
28-05-2019 12:24:19 INFO [asnconverter]: accountValueAfter = 0 6 784
28-05-2019 12:24:19 INFO [asnconverter]: amount = 0
28-05-2019 12:24:19 INFO [asnconverter]: decimals = 6
28-05-2019 12:24:19 INFO [asnconverter]: currency = 784
28-05-2019 12:24:19 INFO [asnconverter]: XXXXXXXXXXXXXXXXXXXXXXX             -E---N---D-             XXXXXXXXXXXXXXXXXXXXXX
