31-12-2018 13:12:22 INFO [asnconverter]: Starting execution at +:31-Dec-2018 13:12:22
31-12-2018 13:12:23 INFO [asnconverter]: ****************************************************************************************
31-12-2018 13:12:23 INFO [asnconverter]: ****************************************************************************************
31-12-2018 13:12:23 INFO [asnconverter]: $$$$$$$$$$$$$$$$$$$$$ Parsing File AIR_USSD-Recharge.AIR $$$$$$$$$$$$$$$$$$$$$$$$$
31-12-2018 13:12:23 INFO [asnconverter]: ****************************************************************************************
31-12-2018 13:12:23 INFO [asnconverter]: ****************************************************************************************
31-12-2018 13:12:24 INFO [asnconverter]: transactionAmount = 100.000000
31-12-2018 13:12:24 INFO [asnconverter]: accountNumber = 971520000189
31-12-2018 13:12:24 INFO [asnconverter]: accountBalance = 0.000000
31-12-2018 13:12:24 INFO [asnconverter]: accountBalance = 558.010000
31-12-2018 13:12:24 INFO [asnconverter]: accountBalance = 210.000000
31-12-2018 13:12:24 INFO [asnconverter]: XXXXXXXXXXXXXXXXXXXXXXX             -E---N---D-             XXXXXXXXXXXXXXXXXXXXXX
31-12-2018 13:12:24 INFO [asnconverter]: ****************************************************************************************
31-12-2018 13:12:24 INFO [asnconverter]: ****************************************************************************************
31-12-2018 13:12:24 INFO [asnconverter]: $$$$$$$$$$$$$$$$$$$$$ Parsing File SDP-Voucher-Recharge.ASN $$$$$$$$$$$$$$$$$$$$$$$$$
31-12-2018 13:12:24 INFO [asnconverter]: ****************************************************************************************
31-12-2018 13:12:24 INFO [asnconverter]: ****************************************************************************************
31-12-2018 13:12:24 INFO [asnconverter]: accountNumber = 971520000127
31-12-2018 13:12:24 INFO [asnconverter]: accountValueBefore = 0.000000
31-12-2018 13:12:24 INFO [asnconverter]: accountValueAfter = 0.000000
31-12-2018 13:12:24 INFO [asnconverter]: adjustmentAmount = 100.000000
31-12-2018 13:12:24 INFO [asnconverter]: action = create
31-12-2018 13:12:24 INFO [asnconverter]: XXXXXXXXXXXXXXXXXXXXXXX             -E---N---D-             XXXXXXXXXXXXXXXXXXXXXX
