05-05-2019 11:15:14 INFO [asnconverter]: Starting execution at +:05-May-2019 11:15:14
05-05-2019 11:15:14 INFO [asnconverter]: ****************************************************************************************
05-05-2019 11:15:14 INFO [asnconverter]: ****************************************************************************************
05-05-2019 11:15:14 INFO [asnconverter]: $$$$$$$$$$$$$$$$$$$$$ Parsing File meydvvmccn01-CCNCDR44-01-Blk0Blk-0057-20181226083149-2 $$$$$$$$$$$$$$$$$$$$$$$$$
05-05-2019 11:15:14 INFO [asnconverter]: ****************************************************************************************
05-05-2019 11:15:14 INFO [asnconverter]: ****************************************************************************************
05-05-2019 11:15:15 INFO [asnconverter]: subscriptionIDValue = 971520000035
05-05-2019 11:15:15 INFO [asnconverter]: OfferID = 4501
05-05-2019 11:15:15 INFO [asnconverter]: inidividualPriceFactor = 105
05-05-2019 11:15:15 INFO [asnconverter]: timeUnit = 60
05-05-2019 11:15:15 INFO [asnconverter]: amount = 993116825
05-05-2019 11:15:15 INFO [asnconverter]: XXXXXXXXXXXXXXXXXXXXXXX             -E---N---D-             XXXXXXXXXXXXXXXXXXXXXX
05-05-2019 11:15:15 INFO [asnconverter]: ****************************************************************************************
05-05-2019 11:15:15 INFO [asnconverter]: ****************************************************************************************
05-05-2019 11:15:15 INFO [asnconverter]: $$$$$$$$$$$$$$$$$$$$$ Parsing File AIROUTPUTCDR_4011_3571_20190414-224417.AIR $$$$$$$$$$$$$$$$$$$$$$$$$
05-05-2019 11:15:15 INFO [asnconverter]: ****************************************************************************************
05-05-2019 11:15:15 INFO [asnconverter]: ****************************************************************************************
05-05-2019 11:15:15 INFO [asnconverter]: accountNumber = 971520000174
05-05-2019 11:15:15 INFO [asnconverter]: transactionAmount = 100.000000
05-05-2019 11:15:16 INFO [asnconverter]: XXXXXXXXXXXXXXXXXXXXXXX             -E---N---D-             XXXXXXXXXXXXXXXXXXXXXX
05-05-2019 11:15:16 INFO [asnconverter]: ****************************************************************************************
05-05-2019 11:15:16 INFO [asnconverter]: ****************************************************************************************
05-05-2019 11:15:16 INFO [asnconverter]: $$$$$$$$$$$$$$$$$$$$$ Parsing File AIROUTPUTCDR_4011_3572_20190414-225920.AIR $$$$$$$$$$$$$$$$$$$$$$$$$
05-05-2019 11:15:16 INFO [asnconverter]: ****************************************************************************************
05-05-2019 11:15:16 INFO [asnconverter]: ****************************************************************************************
05-05-2019 11:15:16 INFO [asnconverter]: accountNumber = 971520000174
05-05-2019 11:15:16 INFO [asnconverter]: transactionAmount = 100.000000
05-05-2019 11:15:16 INFO [asnconverter]: XXXXXXXXXXXXXXXXXXXXXXX             -E---N---D-             XXXXXXXXXXXXXXXXXXXXXX
05-05-2019 11:15:16 INFO [asnconverter]: ****************************************************************************************
05-05-2019 11:15:16 INFO [asnconverter]: ****************************************************************************************
05-05-2019 11:15:16 INFO [asnconverter]: $$$$$$$$$$$$$$$$$$$$$ Parsing File AIROUTPUTCDR_4011_3578_20190415-113150.AIR $$$$$$$$$$$$$$$$$$$$$$$$$
05-05-2019 11:15:16 INFO [asnconverter]: ****************************************************************************************
05-05-2019 11:15:16 INFO [asnconverter]: ****************************************************************************************
05-05-2019 11:15:16 INFO [asnconverter]: accountNumber = 971520000168
05-05-2019 11:15:16 INFO [asnconverter]: XXXXXXXXXXXXXXXXXXXXXXX             -E---N---D-             XXXXXXXXXXXXXXXXXXXXXX
05-05-2019 11:15:16 INFO [asnconverter]: ****************************************************************************************
05-05-2019 11:15:16 INFO [asnconverter]: ****************************************************************************************
05-05-2019 11:15:16 INFO [asnconverter]: $$$$$$$$$$$$$$$$$$$$$ Parsing File AIROUTPUTCDR_4011_3750_20190417-215829.AIR $$$$$$$$$$$$$$$$$$$$$$$$$
05-05-2019 11:15:16 INFO [asnconverter]: ****************************************************************************************
05-05-2019 11:15:16 INFO [asnconverter]: ****************************************************************************************
05-05-2019 11:15:17 INFO [asnconverter]: accountNumber = 971520000174
05-05-2019 11:15:17 INFO [asnconverter]: transactionAmount = 20.000000
05-05-2019 11:15:17 INFO [asnconverter]: XXXXXXXXXXXXXXXXXXXXXXX             -E---N---D-             XXXXXXXXXXXXXXXXXXXXXX
05-05-2019 11:15:17 INFO [asnconverter]: ****************************************************************************************
05-05-2019 11:15:17 INFO [asnconverter]: ****************************************************************************************
05-05-2019 11:15:17 INFO [asnconverter]: $$$$$$$$$$$$$$$$$$$$$ Parsing File AIR_USSD-Recharge.AIR $$$$$$$$$$$$$$$$$$$$$$$$$
05-05-2019 11:15:17 INFO [asnconverter]: ****************************************************************************************
05-05-2019 11:15:17 INFO [asnconverter]: ****************************************************************************************
05-05-2019 11:15:17 INFO [asnconverter]: accountNumber = 971520000189
05-05-2019 11:15:17 INFO [asnconverter]: transactionAmount = 100.000000
05-05-2019 11:15:17 INFO [asnconverter]: XXXXXXXXXXXXXXXXXXXXXXX             -E---N---D-             XXXXXXXXXXXXXXXXXXXXXX
05-05-2019 11:15:17 INFO [asnconverter]: ****************************************************************************************
05-05-2019 11:15:17 INFO [asnconverter]: ****************************************************************************************
05-05-2019 11:15:17 INFO [asnconverter]: $$$$$$$$$$$$$$$$$$$$$ Parsing File SDP-Voucher-Recharge.ASN $$$$$$$$$$$$$$$$$$$$$$$$$
05-05-2019 11:15:17 INFO [asnconverter]: ****************************************************************************************
05-05-2019 11:15:17 INFO [asnconverter]: ****************************************************************************************
05-05-2019 11:15:17 INFO [asnconverter]: accountNumber = 971520000127
05-05-2019 11:15:17 INFO [asnconverter]: accountValueBefore = 0.000000
05-05-2019 11:15:17 INFO [asnconverter]: accountValueAfter = 100.000000
05-05-2019 11:15:17 INFO [asnconverter]: adjustmentAmount = 100.000000
05-05-2019 11:15:17 INFO [asnconverter]: action = create
05-05-2019 11:15:17 INFO [asnconverter]: XXXXXXXXXXXXXXXXXXXXXXX             -E---N---D-             XXXXXXXXXXXXXXXXXXXXXX
05-05-2019 11:15:17 INFO [asnconverter]: ****************************************************************************************
05-05-2019 11:15:17 INFO [asnconverter]: ****************************************************************************************
05-05-2019 11:15:17 INFO [asnconverter]: $$$$$$$$$$$$$$$$$$$$$ Parsing File CHARGINGCDR-meydvvmocc02-190502-2051-04291.ber $$$$$$$$$$$$$$$$$$$$$$$$$
05-05-2019 11:15:17 INFO [asnconverter]: ****************************************************************************************
05-05-2019 11:15:17 INFO [asnconverter]: ****************************************************************************************
05-05-2019 11:15:18 INFO [asnconverter]: XXXXXXXXXXXXXXXXXXXXXXX             -E---N---D-             XXXXXXXXXXXXXXXXXXXXXX
