25-12-2018 17:37:06 INFO [asnconverter]: Starting execution at +:25-Dec-2018 17:37:06
25-12-2018 17:37:07 INFO [asnconverter]: ****************************************************************************************
25-12-2018 17:37:07 INFO [asnconverter]: ****************************************************************************************
25-12-2018 17:37:07 INFO [asnconverter]: $$$$$$$$$$$$$$$$$$$$$ TC_001 $$$$$$$$$$$$$$$$$$$$$$$$$
25-12-2018 17:37:07 INFO [asnconverter]: ****************************************************************************************
25-12-2018 17:37:07 INFO [asnconverter]: ****************************************************************************************
25-12-2018 17:37:07 INFO [asnconverter]: subscriptionIDValue = 971520000035
25-12-2018 17:37:08 INFO [asnconverter]: OfferID = 4501
25-12-2018 17:37:08 INFO [asnconverter]: inidividualPriceFactor = 105
25-12-2018 17:37:08 INFO [asnconverter]: XXXXXXXXXXXXXXXXXXXXXXX             -E---N---D-             XXXXXXXXXXXXXXXXXXXXXX
25-12-2018 17:37:08 INFO [asnconverter]: ****************************************************************************************
25-12-2018 17:37:08 INFO [asnconverter]: ****************************************************************************************
25-12-2018 17:37:08 INFO [asnconverter]: $$$$$$$$$$$$$$$$$$$$$ TC_002 $$$$$$$$$$$$$$$$$$$$$$$$$
25-12-2018 17:37:08 INFO [asnconverter]: ****************************************************************************************
25-12-2018 17:37:08 INFO [asnconverter]: ****************************************************************************************
25-12-2018 17:37:09 INFO [asnconverter]: transactionAmount = 100.000000
25-12-2018 17:37:09 INFO [asnconverter]: accountNumber = 971520000189
25-12-2018 17:37:09 INFO [asnconverter]: accountBalance = 0.000000
25-12-2018 17:37:09 INFO [asnconverter]: XXXXXXXXXXXXXXXXXXXXXXX             -E---N---D-             XXXXXXXXXXXXXXXXXXXXXX
25-12-2018 17:37:09 INFO [asnconverter]: ****************************************************************************************
25-12-2018 17:37:09 INFO [asnconverter]: ****************************************************************************************
25-12-2018 17:37:09 INFO [asnconverter]: $$$$$$$$$$$$$$$$$$$$$ TC_003 $$$$$$$$$$$$$$$$$$$$$$$$$
25-12-2018 17:37:09 INFO [asnconverter]: ****************************************************************************************
25-12-2018 17:37:09 INFO [asnconverter]: ****************************************************************************************
25-12-2018 17:37:09 INFO [asnconverter]: accountNumber = 971520000127
25-12-2018 17:37:09 INFO [asnconverter]: accountValueBefore = 0.000000
25-12-2018 17:37:09 INFO [asnconverter]: accountValueAfter = 0.000000
25-12-2018 17:37:09 INFO [asnconverter]: adjustmentAmount = 100.000000
25-12-2018 17:37:09 INFO [asnconverter]: action = create
25-12-2018 17:37:10 INFO [asnconverter]: XXXXXXXXXXXXXXXXXXXXXXX             -E---N---D-             XXXXXXXXXXXXXXXXXXXXXX
