31-12-2018 13:13:44 INFO [asnconverter]: Starting execution at +:31-Dec-2018 13:13:44
31-12-2018 13:13:45 INFO [asnconverter]: ****************************************************************************************
31-12-2018 13:13:45 INFO [asnconverter]: ****************************************************************************************
31-12-2018 13:13:45 INFO [asnconverter]: $$$$$$$$$$$$$$$$$$$$$ Parsing File AIR_USSD-Recharge.AIR $$$$$$$$$$$$$$$$$$$$$$$$$
31-12-2018 13:13:45 INFO [asnconverter]: ****************************************************************************************
31-12-2018 13:13:45 INFO [asnconverter]: ****************************************************************************************
31-12-2018 13:13:46 INFO [asnconverter]: transactionAmount = 100.000000
31-12-2018 13:13:46 INFO [asnconverter]: accountNumber = 971520000189
31-12-2018 13:13:46 INFO [asnconverter]: accountBalance = 0.000000
31-12-2018 13:13:46 INFO [asnconverter]: accountBalance = 558.010000
31-12-2018 13:13:46 INFO [asnconverter]: accountBalance = 210.000000
31-12-2018 13:13:46 INFO [asnconverter]: XXXXXXXXXXXXXXXXXXXXXXX             -E---N---D-             XXXXXXXXXXXXXXXXXXXXXX
31-12-2018 13:13:46 INFO [asnconverter]: ****************************************************************************************
31-12-2018 13:13:46 INFO [asnconverter]: ****************************************************************************************
31-12-2018 13:13:46 INFO [asnconverter]: $$$$$$$$$$$$$$$$$$$$$ Parsing File SDP-Voucher-Recharge.ASN $$$$$$$$$$$$$$$$$$$$$$$$$
31-12-2018 13:13:46 INFO [asnconverter]: ****************************************************************************************
31-12-2018 13:13:46 INFO [asnconverter]: ****************************************************************************************
31-12-2018 13:13:46 INFO [asnconverter]: accountNumber = 971520000127
31-12-2018 13:13:46 INFO [asnconverter]: accountValueBefore = 0.000000
31-12-2018 13:13:46 INFO [asnconverter]: accountValueAfter = 0.000000
31-12-2018 13:13:46 INFO [asnconverter]: adjustmentAmount = 100.000000
31-12-2018 13:13:46 INFO [asnconverter]: action = create
31-12-2018 13:13:46 INFO [asnconverter]: XXXXXXXXXXXXXXXXXXXXXXX             -E---N---D-             XXXXXXXXXXXXXXXXXXXXXX
31-12-2018 13:13:46 INFO [asnconverter]: ****************************************************************************************
31-12-2018 13:13:46 INFO [asnconverter]: ****************************************************************************************
31-12-2018 13:13:46 INFO [asnconverter]: $$$$$$$$$$$$$$$$$$$$$ Parsing File OCC-data1 $$$$$$$$$$$$$$$$$$$$$$$$$
31-12-2018 13:13:46 INFO [asnconverter]: ****************************************************************************************
31-12-2018 13:13:46 INFO [asnconverter]: ****************************************************************************************
31-12-2018 13:13:47 INFO [asnconverter]: XXXXXXXXXXXXXXXXXXXXXXX             -E---N---D-             XXXXXXXXXXXXXXXXXXXXXX
