02-07-2019 17:03:02 INFO [asnconverter]: Starting execution at +:02-Jul-2019 17:02:37
02-07-2019 17:03:03 INFO [asnconverter]: ****************************************************************************************
02-07-2019 17:03:03 INFO [asnconverter]: ****************************************************************************************
02-07-2019 17:03:03 INFO [asnconverter]: $$$$$$$$$$$$$$$$$$$$$ Parsing File meydvvmccn01-CCNCDR44-01-Blk0Blk-3994-20190530074328-1 $$$$$$$$$$$$$$$$$$$$$$$$$
02-07-2019 17:03:03 INFO [asnconverter]: ****************************************************************************************
02-07-2019 17:03:03 INFO [asnconverter]: ****************************************************************************************
02-07-2019 17:03:03 INFO [asnconverter]: subscriptionIDValue = 971520001714
02-07-2019 17:03:03 INFO [asnconverter]: resultCode = 2001
02-07-2019 17:03:03 INFO [asnconverter]: triggerTime = 915003113184304000
02-07-2019 17:03:03 INFO [asnconverter]: nodeName = meydvvmccn01
02-07-2019 17:03:03 INFO [asnconverter]: serviceContextID = Core_Context_R1A@ericsson.com
02-07-2019 17:03:03 INFO [asnconverter]: chargingContextID = CAPv2_V.1.0@ericsson.com
02-07-2019 17:03:03 INFO [asnconverter]: serviceSessionID = 5-1658634243-03c0dc62
02-07-2019 17:03:03 INFO [asnconverter]: recordIdentificationNumber = 00001773
02-07-2019 17:03:03 INFO [asnconverter]: subscriptionIDType = endUserE164
02-07-2019 17:03:03 INFO [asnconverter]: subscriptionIDValue = 971520001714
02-07-2019 17:03:03 INFO [asnconverter]: subscriptionIDType = endUserIMSI
02-07-2019 17:03:04 INFO [asnconverter]: subscriptionIDValue = 424030046672675
02-07-2019 17:03:04 INFO [asnconverter]: callReference = 401C7004046100
02-07-2019 17:03:04 INFO [asnconverter]: mSCAddress = 91795105395021
02-07-2019 17:03:04 INFO [asnconverter]: serviceScenario = mobileOriginating
02-07-2019 17:03:04 INFO [asnconverter]: roamingPosition = insideHPLMN
02-07-2019 17:03:04 INFO [asnconverter]: lastPartialOutput = TRUE
02-07-2019 17:03:04 INFO [asnconverter]: tariffChangeUsage = before
02-07-2019 17:03:04 INFO [asnconverter]: timeUnit = 5
02-07-2019 17:03:04 INFO [asnconverter]: XXXXXXXXXXXXXXXXXXXXXXX             -E---N---D-             XXXXXXXXXXXXXXXXXXXXXX
02-07-2019 17:03:04 INFO [asnconverter]: ****************************************************************************************
02-07-2019 17:03:04 INFO [asnconverter]: ****************************************************************************************
02-07-2019 17:03:04 INFO [asnconverter]: $$$$$$$$$$$$$$$$$$$$$ Parsing File SDPOUTPUTCDR_4001_meytvvmsdp01_SUB_8772_20190606-143746.ASN $$$$$$$$$$$$$$$$$$$$$$$$$
02-07-2019 17:03:04 INFO [asnconverter]: ****************************************************************************************
02-07-2019 17:03:04 INFO [asnconverter]: ****************************************************************************************
02-07-2019 17:03:05 INFO [asnconverter]: XXXXXXXXXXXXXXXXXXXXXXX             -E---N---D-             XXXXXXXXXXXXXXXXXXXXXX
02-07-2019 17:03:05 INFO [asnconverter]: ****************************************************************************************
02-07-2019 17:03:05 INFO [asnconverter]: ****************************************************************************************
02-07-2019 17:03:05 INFO [asnconverter]: $$$$$$$$$$$$$$$$$$$$$ Parsing File CHARGINGCDR-meydvvmocc02-190528-1634-02448.ber $$$$$$$$$$$$$$$$$$$$$$$$$
02-07-2019 17:03:05 INFO [asnconverter]: ****************************************************************************************
02-07-2019 17:03:05 INFO [asnconverter]: ****************************************************************************************
02-07-2019 17:03:05 INFO [asnconverter]: XXXXXXXXXXXXXXXXXXXXXXX             -E---N---D-             XXXXXXXXXXXXXXXXXXXXXX
02-07-2019 17:03:05 INFO [asnconverter]: ****************************************************************************************
02-07-2019 17:03:05 INFO [asnconverter]: ****************************************************************************************
02-07-2019 17:03:05 INFO [asnconverter]: $$$$$$$$$$$$$$$$$$$$$ Parsing File meydvvmcis03_EDR_CISOnline1.csv $$$$$$$$$$$$$$$$$$$$$$$$$
02-07-2019 17:03:05 INFO [asnconverter]: ****************************************************************************************
02-07-2019 17:03:05 INFO [asnconverter]: ****************************************************************************************
02-07-2019 17:03:06 INFO [asnconverter]: XXXXXXXXXXXXXXXXXXXXXXX             -E---N---D-             XXXXXXXXXXXXXXXXXXXXXX
