26-12-2018 15:50:34 INFO [asnconverter]: Starting execution at +:26-Dec-2018 15:50:34
26-12-2018 15:50:35 INFO [asnconverter]: ****************************************************************************************
26-12-2018 15:50:35 INFO [asnconverter]: ****************************************************************************************
26-12-2018 15:50:35 INFO [asnconverter]: $$$$$$$$$$$$$$$$$$$$$ Parsing File meydvvmccn01-CCNCDR44-01-Blk0Blk-0028-20181225072557-2 $$$$$$$$$$$$$$$$$$$$$$$$$
26-12-2018 15:50:35 INFO [asnconverter]: ****************************************************************************************
26-12-2018 15:50:35 INFO [asnconverter]: ****************************************************************************************
26-12-2018 15:50:35 INFO [asnconverter]: subscriptionIDValue = 971520000006
26-12-2018 15:50:36 INFO [asnconverter]: XXXXXXXXXXXXXXXXXXXXXXX             -E---N---D-             XXXXXXXXXXXXXXXXXXXXXX
26-12-2018 15:50:36 INFO [asnconverter]: ****************************************************************************************
26-12-2018 15:50:36 INFO [asnconverter]: ****************************************************************************************
26-12-2018 15:50:36 INFO [asnconverter]: $$$$$$$$$$$$$$$$$$$$$ Parsing File meydvvmccn01-CCNCDR44-01-Blk0Blk-0032-20181225074536-1 $$$$$$$$$$$$$$$$$$$$$$$$$
26-12-2018 15:50:36 INFO [asnconverter]: ****************************************************************************************
26-12-2018 15:50:36 INFO [asnconverter]: ****************************************************************************************
26-12-2018 15:50:36 INFO [asnconverter]: subscriptionIDValue = 971520000006
26-12-2018 15:50:36 INFO [asnconverter]: inidividualPriceFactor = 105
26-12-2018 15:50:36 INFO [asnconverter]: XXXXXXXXXXXXXXXXXXXXXXX             -E---N---D-             XXXXXXXXXXXXXXXXXXXXXX
26-12-2018 15:50:36 INFO [asnconverter]: ****************************************************************************************
26-12-2018 15:50:36 INFO [asnconverter]: ****************************************************************************************
26-12-2018 15:50:36 INFO [asnconverter]: $$$$$$$$$$$$$$$$$$$$$ Parsing File meydvvmccn01-CCNCDR44-01-Blk0Blk-0055-20181226082229-1 $$$$$$$$$$$$$$$$$$$$$$$$$
26-12-2018 15:50:36 INFO [asnconverter]: ****************************************************************************************
26-12-2018 15:50:36 INFO [asnconverter]: ****************************************************************************************
26-12-2018 15:50:36 INFO [asnconverter]: subscriptionIDValue = 971520000006
26-12-2018 15:50:37 INFO [asnconverter]: XXXXXXXXXXXXXXXXXXXXXXX             -E---N---D-             XXXXXXXXXXXXXXXXXXXXXX
26-12-2018 15:50:37 INFO [asnconverter]: ****************************************************************************************
26-12-2018 15:50:37 INFO [asnconverter]: ****************************************************************************************
26-12-2018 15:50:37 INFO [asnconverter]: $$$$$$$$$$$$$$$$$$$$$ Parsing File meydvvmccn01-CCNCDR44-01-Blk0Blk-0057-20181226083149-1 $$$$$$$$$$$$$$$$$$$$$$$$$
26-12-2018 15:50:37 INFO [asnconverter]: ****************************************************************************************
26-12-2018 15:50:37 INFO [asnconverter]: ****************************************************************************************
26-12-2018 15:50:37 INFO [asnconverter]: subscriptionIDValue = 971520000245
26-12-2018 15:50:37 INFO [asnconverter]: inidividualPriceFactor = 105
26-12-2018 15:50:37 INFO [asnconverter]: XXXXXXXXXXXXXXXXXXXXXXX             -E---N---D-             XXXXXXXXXXXXXXXXXXXXXX
26-12-2018 15:50:37 INFO [asnconverter]: ****************************************************************************************
26-12-2018 15:50:37 INFO [asnconverter]: ****************************************************************************************
26-12-2018 15:50:37 INFO [asnconverter]: $$$$$$$$$$$$$$$$$$$$$ Parsing File meydvvmccn01-CCNCDR44-01-Blk0Blk-0059-20181226084224-2 $$$$$$$$$$$$$$$$$$$$$$$$$
26-12-2018 15:50:37 INFO [asnconverter]: ****************************************************************************************
26-12-2018 15:50:37 INFO [asnconverter]: ****************************************************************************************
26-12-2018 15:50:38 INFO [asnconverter]: subscriptionIDValue = 971520000245
26-12-2018 15:50:38 INFO [asnconverter]: inidividualPriceFactor = 105
26-12-2018 15:50:38 INFO [asnconverter]: XXXXXXXXXXXXXXXXXXXXXXX             -E---N---D-             XXXXXXXXXXXXXXXXXXXXXX
26-12-2018 15:50:38 INFO [asnconverter]: ****************************************************************************************
26-12-2018 15:50:38 INFO [asnconverter]: ****************************************************************************************
26-12-2018 15:50:38 INFO [asnconverter]: $$$$$$$$$$$$$$$$$$$$$ Parsing File meydvvmccn01-CCNCDR44-01-Blk0Blk-0061-20181226084606-2 $$$$$$$$$$$$$$$$$$$$$$$$$
26-12-2018 15:50:38 INFO [asnconverter]: ****************************************************************************************
26-12-2018 15:50:38 INFO [asnconverter]: ****************************************************************************************
26-12-2018 15:50:39 INFO [asnconverter]: subscriptionIDValue = 971520000006
26-12-2018 15:50:39 INFO [asnconverter]: inidividualPriceFactor = 105
26-12-2018 15:50:39 INFO [asnconverter]: XXXXXXXXXXXXXXXXXXXXXXX             -E---N---D-             XXXXXXXXXXXXXXXXXXXXXX
26-12-2018 15:50:39 INFO [asnconverter]: ****************************************************************************************
26-12-2018 15:50:39 INFO [asnconverter]: ****************************************************************************************
26-12-2018 15:50:39 INFO [asnconverter]: $$$$$$$$$$$$$$$$$$$$$ Parsing File meydvvmccn01-CCNCDR44-02-Blk0Blk-0051-20181225083317-1 $$$$$$$$$$$$$$$$$$$$$$$$$
26-12-2018 15:50:39 INFO [asnconverter]: ****************************************************************************************
26-12-2018 15:50:39 INFO [asnconverter]: ****************************************************************************************
26-12-2018 15:50:39 INFO [asnconverter]: subscriptionIDValue = 971520000038
26-12-2018 15:50:39 INFO [asnconverter]: inidividualPriceFactor = 105
26-12-2018 15:50:39 INFO [asnconverter]: XXXXXXXXXXXXXXXXXXXXXXX             -E---N---D-             XXXXXXXXXXXXXXXXXXXXXX
26-12-2018 15:50:39 INFO [asnconverter]: ****************************************************************************************
26-12-2018 15:50:39 INFO [asnconverter]: ****************************************************************************************
26-12-2018 15:50:39 INFO [asnconverter]: $$$$$$$$$$$$$$$$$$$$$ Parsing File meydvvmccn01-CCNCDR44-02-Blk0Blk-0102-20181226065855-2 $$$$$$$$$$$$$$$$$$$$$$$$$
26-12-2018 15:50:39 INFO [asnconverter]: ****************************************************************************************
26-12-2018 15:50:39 INFO [asnconverter]: ****************************************************************************************
26-12-2018 15:50:39 INFO [asnconverter]: subscriptionIDValue = 971550011430
26-12-2018 15:50:39 INFO [asnconverter]: XXXXXXXXXXXXXXXXXXXXXXX             -E---N---D-             XXXXXXXXXXXXXXXXXXXXXX
26-12-2018 15:50:39 INFO [asnconverter]: ****************************************************************************************
26-12-2018 15:50:39 INFO [asnconverter]: ****************************************************************************************
26-12-2018 15:50:39 INFO [asnconverter]: $$$$$$$$$$$$$$$$$$$$$ Parsing File meydvvmccn01-CCNCDR44-02-Blk0Blk-0104-20181226070520-1 $$$$$$$$$$$$$$$$$$$$$$$$$
26-12-2018 15:50:39 INFO [asnconverter]: ****************************************************************************************
26-12-2018 15:50:39 INFO [asnconverter]: ****************************************************************************************
26-12-2018 15:50:40 INFO [asnconverter]: subscriptionIDValue = 971550011430
26-12-2018 15:50:40 INFO [asnconverter]: XXXXXXXXXXXXXXXXXXXXXXX             -E---N---D-             XXXXXXXXXXXXXXXXXXXXXX
26-12-2018 15:50:40 INFO [asnconverter]: ****************************************************************************************
26-12-2018 15:50:40 INFO [asnconverter]: ****************************************************************************************
26-12-2018 15:50:40 INFO [asnconverter]: $$$$$$$$$$$$$$$$$$$$$ Parsing File meydvvmccn01-CCNCDR44-02-Blk0Blk-0106-20181226101423-1 $$$$$$$$$$$$$$$$$$$$$$$$$
26-12-2018 15:50:40 INFO [asnconverter]: ****************************************************************************************
26-12-2018 15:50:40 INFO [asnconverter]: ****************************************************************************************
26-12-2018 15:50:40 INFO [asnconverter]: subscriptionIDValue = 971550011430
26-12-2018 15:50:40 INFO [asnconverter]: inidividualPriceFactor = 105
26-12-2018 15:50:40 INFO [asnconverter]: XXXXXXXXXXXXXXXXXXXXXXX             -E---N---D-             XXXXXXXXXXXXXXXXXXXXXX
26-12-2018 15:50:40 INFO [asnconverter]: ****************************************************************************************
26-12-2018 15:50:40 INFO [asnconverter]: ****************************************************************************************
26-12-2018 15:50:40 INFO [asnconverter]: $$$$$$$$$$$$$$$$$$$$$ Parsing File OCC-data1 $$$$$$$$$$$$$$$$$$$$$$$$$
26-12-2018 15:50:40 INFO [asnconverter]: ****************************************************************************************
26-12-2018 15:50:40 INFO [asnconverter]: ****************************************************************************************
26-12-2018 15:50:40 INFO [asnconverter]: subscriptionIDValue = 971552000002
26-12-2018 15:50:40 INFO [asnconverter]: XXXXXXXXXXXXXXXXXXXXXXX             -E---N---D-             XXXXXXXXXXXXXXXXXXXXXX
26-12-2018 15:50:40 INFO [asnconverter]: ****************************************************************************************
26-12-2018 15:50:40 INFO [asnconverter]: ****************************************************************************************
26-12-2018 15:50:40 INFO [asnconverter]: $$$$$$$$$$$$$$$$$$$$$ Parsing File Simulator.CDR $$$$$$$$$$$$$$$$$$$$$$$$$
26-12-2018 15:50:40 INFO [asnconverter]: ****************************************************************************************
26-12-2018 15:50:40 INFO [asnconverter]: ****************************************************************************************
26-12-2018 15:50:41 INFO [asnconverter]: subscriptionIDValue = 971520000035
26-12-2018 15:50:41 INFO [asnconverter]: OfferID = 4501
26-12-2018 15:50:41 INFO [asnconverter]: inidividualPriceFactor = 105
26-12-2018 15:50:41 INFO [asnconverter]: XXXXXXXXXXXXXXXXXXXXXXX             -E---N---D-             XXXXXXXXXXXXXXXXXXXXXX
26-12-2018 15:50:41 INFO [asnconverter]: ****************************************************************************************
26-12-2018 15:50:41 INFO [asnconverter]: ****************************************************************************************
26-12-2018 15:50:41 INFO [asnconverter]: $$$$$$$$$$$$$$$$$$$$$ Parsing File Voice $$$$$$$$$$$$$$$$$$$$$$$$$
26-12-2018 15:50:41 INFO [asnconverter]: ****************************************************************************************
26-12-2018 15:50:41 INFO [asnconverter]: ****************************************************************************************
26-12-2018 15:50:41 INFO [asnconverter]: subscriptionIDValue = 971520000038
26-12-2018 15:50:41 INFO [asnconverter]: XXXXXXXXXXXXXXXXXXXXXXX             -E---N---D-             XXXXXXXXXXXXXXXXXXXXXX
26-12-2018 15:50:41 INFO [asnconverter]: ****************************************************************************************
26-12-2018 15:50:41 INFO [asnconverter]: ****************************************************************************************
26-12-2018 15:50:41 INFO [asnconverter]: $$$$$$$$$$$$$$$$$$$$$ Parsing File AIR_USSD-Recharge.AIR $$$$$$$$$$$$$$$$$$$$$$$$$
26-12-2018 15:50:41 INFO [asnconverter]: ****************************************************************************************
26-12-2018 15:50:41 INFO [asnconverter]: ****************************************************************************************
26-12-2018 15:50:42 INFO [asnconverter]: transactionAmount = 100.000000
26-12-2018 15:50:42 INFO [asnconverter]: accountNumber = 971520000189
26-12-2018 15:50:42 INFO [asnconverter]: accountBalance = 0.000000
26-12-2018 15:50:42 INFO [asnconverter]: accountBalance = 558.010000
26-12-2018 15:50:42 INFO [asnconverter]: accountBalance = 210.000000
26-12-2018 15:50:42 INFO [asnconverter]: XXXXXXXXXXXXXXXXXXXXXXX             -E---N---D-             XXXXXXXXXXXXXXXXXXXXXX
26-12-2018 15:50:42 INFO [asnconverter]: ****************************************************************************************
26-12-2018 15:50:42 INFO [asnconverter]: ****************************************************************************************
26-12-2018 15:50:42 INFO [asnconverter]: $$$$$$$$$$$$$$$$$$$$$ Parsing File SDP-Voucher-Recharge.ASN $$$$$$$$$$$$$$$$$$$$$$$$$
26-12-2018 15:50:42 INFO [asnconverter]: ****************************************************************************************
26-12-2018 15:50:42 INFO [asnconverter]: ****************************************************************************************
26-12-2018 15:50:42 INFO [asnconverter]: accountNumber = 971520000127
26-12-2018 15:50:42 INFO [asnconverter]: accountValueBefore = 0.000000
26-12-2018 15:50:42 INFO [asnconverter]: accountValueAfter = 0.000000
26-12-2018 15:50:42 INFO [asnconverter]: adjustmentAmount = 100.000000
26-12-2018 15:50:42 INFO [asnconverter]: action = create
26-12-2018 15:50:42 INFO [asnconverter]: XXXXXXXXXXXXXXXXXXXXXXX             -E---N---D-             XXXXXXXXXXXXXXXXXXXXXX
