26-12-2018 12:14:09 INFO [asnconverter]: Starting execution at +:26-Dec-2018 12:14:09
26-12-2018 12:14:10 INFO [asnconverter]: ****************************************************************************************
26-12-2018 12:14:10 INFO [asnconverter]: ****************************************************************************************
26-12-2018 12:14:10 INFO [asnconverter]: $$$$$$$$$$$$$$$$$$$$$ TC_001 $$$$$$$$$$$$$$$$$$$$$$$$$
26-12-2018 12:14:10 INFO [asnconverter]: ****************************************************************************************
26-12-2018 12:14:10 INFO [asnconverter]: ****************************************************************************************
26-12-2018 12:14:10 INFO [asnconverter]: subscriptionIDValue = 971520000006
26-12-2018 12:14:10 INFO [asnconverter]: XXXXXXXXXXXXXXXXXXXXXXX             -E---N---D-             XXXXXXXXXXXXXXXXXXXXXX
26-12-2018 12:14:10 INFO [asnconverter]: ****************************************************************************************
26-12-2018 12:14:10 INFO [asnconverter]: ****************************************************************************************
26-12-2018 12:14:10 INFO [asnconverter]: $$$$$$$$$$$$$$$$$$$$$ TC_001 $$$$$$$$$$$$$$$$$$$$$$$$$
26-12-2018 12:14:10 INFO [asnconverter]: ****************************************************************************************
26-12-2018 12:14:10 INFO [asnconverter]: ****************************************************************************************
26-12-2018 12:14:11 INFO [asnconverter]: subscriptionIDValue = 971520000006
26-12-2018 12:14:11 INFO [asnconverter]: inidividualPriceFactor = 105
26-12-2018 12:14:11 INFO [asnconverter]: XXXXXXXXXXXXXXXXXXXXXXX             -E---N---D-             XXXXXXXXXXXXXXXXXXXXXX
26-12-2018 12:14:11 INFO [asnconverter]: ****************************************************************************************
26-12-2018 12:14:11 INFO [asnconverter]: ****************************************************************************************
26-12-2018 12:14:11 INFO [asnconverter]: $$$$$$$$$$$$$$$$$$$$$ TC_001 $$$$$$$$$$$$$$$$$$$$$$$$$
26-12-2018 12:14:11 INFO [asnconverter]: ****************************************************************************************
26-12-2018 12:14:11 INFO [asnconverter]: ****************************************************************************************
26-12-2018 12:14:11 INFO [asnconverter]: subscriptionIDValue = 971520000038
26-12-2018 12:14:11 INFO [asnconverter]: inidividualPriceFactor = 105
26-12-2018 12:14:12 INFO [asnconverter]: XXXXXXXXXXXXXXXXXXXXXXX             -E---N---D-             XXXXXXXXXXXXXXXXXXXXXX
26-12-2018 12:14:12 INFO [asnconverter]: ****************************************************************************************
26-12-2018 12:14:12 INFO [asnconverter]: ****************************************************************************************
26-12-2018 12:14:12 INFO [asnconverter]: $$$$$$$$$$$$$$$$$$$$$ TC_001 $$$$$$$$$$$$$$$$$$$$$$$$$
26-12-2018 12:14:12 INFO [asnconverter]: ****************************************************************************************
26-12-2018 12:14:12 INFO [asnconverter]: ****************************************************************************************
26-12-2018 12:14:12 INFO [asnconverter]: subscriptionIDValue = 971552000002
26-12-2018 12:14:12 INFO [asnconverter]: XXXXXXXXXXXXXXXXXXXXXXX             -E---N---D-             XXXXXXXXXXXXXXXXXXXXXX
26-12-2018 12:14:12 INFO [asnconverter]: ****************************************************************************************
26-12-2018 12:14:12 INFO [asnconverter]: ****************************************************************************************
26-12-2018 12:14:12 INFO [asnconverter]: $$$$$$$$$$$$$$$$$$$$$ TC_001 $$$$$$$$$$$$$$$$$$$$$$$$$
26-12-2018 12:14:12 INFO [asnconverter]: ****************************************************************************************
26-12-2018 12:14:12 INFO [asnconverter]: ****************************************************************************************
26-12-2018 12:14:12 INFO [asnconverter]: subscriptionIDValue = 971520000035
26-12-2018 12:14:12 INFO [asnconverter]: OfferID = 4501
26-12-2018 12:14:12 INFO [asnconverter]: inidividualPriceFactor = 105
26-12-2018 12:14:12 INFO [asnconverter]: XXXXXXXXXXXXXXXXXXXXXXX             -E---N---D-             XXXXXXXXXXXXXXXXXXXXXX
26-12-2018 12:14:12 INFO [asnconverter]: ****************************************************************************************
26-12-2018 12:14:12 INFO [asnconverter]: ****************************************************************************************
26-12-2018 12:14:12 INFO [asnconverter]: $$$$$$$$$$$$$$$$$$$$$ TC_001 $$$$$$$$$$$$$$$$$$$$$$$$$
26-12-2018 12:14:12 INFO [asnconverter]: ****************************************************************************************
26-12-2018 12:14:12 INFO [asnconverter]: ****************************************************************************************
26-12-2018 12:14:12 INFO [asnconverter]: subscriptionIDValue = 971520000038
26-12-2018 12:14:12 INFO [asnconverter]: XXXXXXXXXXXXXXXXXXXXXXX             -E---N---D-             XXXXXXXXXXXXXXXXXXXXXX
26-12-2018 12:14:12 INFO [asnconverter]: ****************************************************************************************
26-12-2018 12:14:12 INFO [asnconverter]: ****************************************************************************************
26-12-2018 12:14:12 INFO [asnconverter]: $$$$$$$$$$$$$$$$$$$$$ TC_002 $$$$$$$$$$$$$$$$$$$$$$$$$
26-12-2018 12:14:12 INFO [asnconverter]: ****************************************************************************************
26-12-2018 12:14:12 INFO [asnconverter]: ****************************************************************************************
26-12-2018 12:14:13 INFO [asnconverter]: transactionAmount = 100.000000
26-12-2018 12:14:13 INFO [asnconverter]: accountNumber = 971520000189
26-12-2018 12:14:13 INFO [asnconverter]: accountBalance = 0.000000
26-12-2018 12:14:13 INFO [asnconverter]: accountBalance = 558.010000
26-12-2018 12:14:13 INFO [asnconverter]: accountBalance = 210.000000
26-12-2018 12:14:13 INFO [asnconverter]: XXXXXXXXXXXXXXXXXXXXXXX             -E---N---D-             XXXXXXXXXXXXXXXXXXXXXX
26-12-2018 12:14:13 INFO [asnconverter]: ****************************************************************************************
26-12-2018 12:14:13 INFO [asnconverter]: ****************************************************************************************
26-12-2018 12:14:13 INFO [asnconverter]: $$$$$$$$$$$$$$$$$$$$$ TC_003 $$$$$$$$$$$$$$$$$$$$$$$$$
26-12-2018 12:14:13 INFO [asnconverter]: ****************************************************************************************
26-12-2018 12:14:13 INFO [asnconverter]: ****************************************************************************************
26-12-2018 12:14:13 INFO [asnconverter]: accountNumber = 971520000127
26-12-2018 12:14:13 INFO [asnconverter]: accountValueBefore = 0.000000
26-12-2018 12:14:13 INFO [asnconverter]: accountValueAfter = 0.000000
26-12-2018 12:14:13 INFO [asnconverter]: adjustmentAmount = 100.000000
26-12-2018 12:14:13 INFO [asnconverter]: action = create
26-12-2018 12:14:13 INFO [asnconverter]: XXXXXXXXXXXXXXXXXXXXXXX             -E---N---D-             XXXXXXXXXXXXXXXXXXXXXX
