03-01-2019 11:45:41 INFO [asnconverter]: Starting execution at +:03-Jan-2019 11:45:38
03-01-2019 11:45:52 INFO [asnconverter]: ****************************************************************************************
03-01-2019 11:45:52 INFO [asnconverter]: ****************************************************************************************
03-01-2019 11:45:52 INFO [asnconverter]: $$$$$$$$$$$$$$$$$$$$$ Parsing File meydvvmccn01-CCNCDR44-01-Blk0Blk-0057-20181226083149-2 $$$$$$$$$$$$$$$$$$$$$$$$$
03-01-2019 11:45:52 INFO [asnconverter]: ****************************************************************************************
03-01-2019 11:45:52 INFO [asnconverter]: ****************************************************************************************
03-01-2019 11:45:53 INFO [asnconverter]: subscriptionIDValue = 971520000035
03-01-2019 11:45:53 INFO [asnconverter]: OfferID = 4501
03-01-2019 11:45:53 INFO [asnconverter]: inidividualPriceFactor = 105
03-01-2019 11:45:53 INFO [asnconverter]: timeUnit = 60
03-01-2019 11:45:53 INFO [asnconverter]: amount = 0
03-01-2019 11:45:58 INFO [asnconverter]: XXXXXXXXXXXXXXXXXXXXXXX             -E---N---D-             XXXXXXXXXXXXXXXXXXXXXX
03-01-2019 11:45:58 INFO [asnconverter]: ****************************************************************************************
03-01-2019 11:45:58 INFO [asnconverter]: ****************************************************************************************
03-01-2019 11:45:58 INFO [asnconverter]: $$$$$$$$$$$$$$$$$$$$$ Parsing File AIR_USSD-Recharge.AIR $$$$$$$$$$$$$$$$$$$$$$$$$
03-01-2019 11:45:58 INFO [asnconverter]: ****************************************************************************************
03-01-2019 11:45:58 INFO [asnconverter]: ****************************************************************************************
03-01-2019 11:45:58 INFO [asnconverter]: transactionAmount = 100.000000
03-01-2019 11:45:58 INFO [asnconverter]: accountNumber = 971520000189
03-01-2019 11:45:58 INFO [asnconverter]: accountBalance = 0.000000
03-01-2019 11:45:58 INFO [asnconverter]: accountBalance = 558.010000
03-01-2019 11:45:58 INFO [asnconverter]: accountBalance = 210.000000
03-01-2019 11:46:02 INFO [asnconverter]: XXXXXXXXXXXXXXXXXXXXXXX             -E---N---D-             XXXXXXXXXXXXXXXXXXXXXX
03-01-2019 11:46:02 INFO [asnconverter]: ****************************************************************************************
03-01-2019 11:46:02 INFO [asnconverter]: ****************************************************************************************
03-01-2019 11:46:02 INFO [asnconverter]: $$$$$$$$$$$$$$$$$$$$$ Parsing File SDP-Voucher-Recharge.ASN $$$$$$$$$$$$$$$$$$$$$$$$$
03-01-2019 11:46:02 INFO [asnconverter]: ****************************************************************************************
03-01-2019 11:46:02 INFO [asnconverter]: ****************************************************************************************
03-01-2019 11:46:02 INFO [asnconverter]: accountNumber = 971520000127
03-01-2019 11:46:02 INFO [asnconverter]: accountValueBefore = 0.000000
03-01-2019 11:46:02 INFO [asnconverter]: accountValueAfter = 0.000000
03-01-2019 11:46:02 INFO [asnconverter]: adjustmentAmount = 100.000000
03-01-2019 11:46:02 INFO [asnconverter]: action = create
03-01-2019 11:46:06 INFO [asnconverter]: XXXXXXXXXXXXXXXXXXXXXXX             -E---N---D-             XXXXXXXXXXXXXXXXXXXXXX
03-01-2019 11:46:06 INFO [asnconverter]: ****************************************************************************************
03-01-2019 11:46:06 INFO [asnconverter]: ****************************************************************************************
03-01-2019 11:46:06 INFO [asnconverter]: $$$$$$$$$$$$$$$$$$$$$ Parsing File OCC-data1 $$$$$$$$$$$$$$$$$$$$$$$$$
03-01-2019 11:46:06 INFO [asnconverter]: ****************************************************************************************
03-01-2019 11:46:06 INFO [asnconverter]: ****************************************************************************************
03-01-2019 11:46:10 INFO [asnconverter]: XXXXXXXXXXXXXXXXXXXXXXX             -E---N---D-             XXXXXXXXXXXXXXXXXXXXXX
