23-05-2019 15:15:31 INFO [asnconverter]: Starting execution at +:23-May-2019 15:15:30
23-05-2019 15:15:31 INFO [asnconverter]: ****************************************************************************************
23-05-2019 15:15:31 INFO [asnconverter]: ****************************************************************************************
23-05-2019 15:15:31 INFO [asnconverter]: $$$$$$$$$$$$$$$$$$$$$ Parsing File CHARGINGCDR-meytvvmocc01-190523-1447-01951.ber $$$$$$$$$$$$$$$$$$$$$$$$$
23-05-2019 15:15:31 INFO [asnconverter]: ****************************************************************************************
23-05-2019 15:15:31 INFO [asnconverter]: ****************************************************************************************
23-05-2019 15:15:32 INFO [asnconverter]: resultCode = 2001
23-05-2019 15:15:32 INFO [asnconverter]: triggerTime = 915032418424304000
23-05-2019 15:15:32 INFO [asnconverter]: nodeName = meytvvmocc01
23-05-2019 15:15:32 INFO [asnconverter]: serviceContextID = SCAP_V.2.0@ericsson.com
23-05-2019 15:15:32 INFO [asnconverter]: serviceSessionID = -:1001:1
23-05-2019 15:15:32 INFO [asnconverter]: XXXXXXXXXXXXXXXXXXXXXXX             -E---N---D-             XXXXXXXXXXXXXXXXXXXXXX
23-05-2019 15:15:32 INFO [asnconverter]: ****************************************************************************************
23-05-2019 15:15:32 INFO [asnconverter]: ****************************************************************************************
23-05-2019 15:15:32 INFO [asnconverter]: $$$$$$$$$$$$$$$$$$$$$ Parsing File CHARGINGCDR-meytvvmocc01-190523-1449-01952.ber $$$$$$$$$$$$$$$$$$$$$$$$$
23-05-2019 15:15:32 INFO [asnconverter]: ****************************************************************************************
23-05-2019 15:15:32 INFO [asnconverter]: ****************************************************************************************
23-05-2019 15:15:32 INFO [asnconverter]: resultCode = 2001
23-05-2019 15:15:32 INFO [asnconverter]: triggerTime = 915032410550304000
23-05-2019 15:15:32 INFO [asnconverter]: nodeName = meytvvmocc01
23-05-2019 15:15:32 INFO [asnconverter]: serviceContextID = SCAP_V.2.0@ericsson.com
23-05-2019 15:15:32 INFO [asnconverter]: serviceSessionID = -:1002:1
23-05-2019 15:15:33 INFO [asnconverter]: XXXXXXXXXXXXXXXXXXXXXXX             -E---N---D-             XXXXXXXXXXXXXXXXXXXXXX
23-05-2019 15:15:33 INFO [asnconverter]: ****************************************************************************************
23-05-2019 15:15:33 INFO [asnconverter]: ****************************************************************************************
23-05-2019 15:15:33 INFO [asnconverter]: $$$$$$$$$$$$$$$$$$$$$ Parsing File CHARGINGCDR-meytvvmocc01-190523-1452-01953.ber $$$$$$$$$$$$$$$$$$$$$$$$$
23-05-2019 15:15:33 INFO [asnconverter]: ****************************************************************************************
23-05-2019 15:15:33 INFO [asnconverter]: ****************************************************************************************
23-05-2019 15:15:33 INFO [asnconverter]: resultCode = 2001
23-05-2019 15:15:33 INFO [asnconverter]: triggerTime = 915032413520304000
23-05-2019 15:15:33 INFO [asnconverter]: nodeName = meytvvmocc01
23-05-2019 15:15:33 INFO [asnconverter]: serviceContextID = SCAP_V.2.0@ericsson.com
23-05-2019 15:15:33 INFO [asnconverter]: serviceSessionID = -:1001:1
23-05-2019 15:15:33 INFO [asnconverter]: XXXXXXXXXXXXXXXXXXXXXXX             -E---N---D-             XXXXXXXXXXXXXXXXXXXXXX
23-05-2019 15:15:33 INFO [asnconverter]: ****************************************************************************************
23-05-2019 15:15:33 INFO [asnconverter]: ****************************************************************************************
23-05-2019 15:15:33 INFO [asnconverter]: $$$$$$$$$$$$$$$$$$$$$ Parsing File CHARGINGCDR-meytvvmocc01-190523-1507-01956.ber $$$$$$$$$$$$$$$$$$$$$$$$$
23-05-2019 15:15:33 INFO [asnconverter]: ****************************************************************************************
23-05-2019 15:15:33 INFO [asnconverter]: ****************************************************************************************
23-05-2019 15:15:34 INFO [asnconverter]: resultCode = 2001
23-05-2019 15:15:34 INFO [asnconverter]: triggerTime = 915032518050304000
23-05-2019 15:15:34 INFO [asnconverter]: nodeName = meytvvmocc01
23-05-2019 15:15:34 INFO [asnconverter]: serviceContextID = SCAP_V.2.0@ericsson.com
23-05-2019 15:15:34 INFO [asnconverter]: serviceSessionID = -:1002:1
23-05-2019 15:15:34 INFO [asnconverter]: XXXXXXXXXXXXXXXXXXXXXXX             -E---N---D-             XXXXXXXXXXXXXXXXXXXXXX
