03-06-2019 16:34:50 INFO [asnconverter]: Starting execution at +:03-Jun-2019 16:34:49
03-06-2019 16:34:50 INFO [asnconverter]: ****************************************************************************************
03-06-2019 16:34:50 INFO [asnconverter]: ****************************************************************************************
03-06-2019 16:34:50 INFO [asnconverter]: $$$$$$$$$$$$$$$$$$$$$ Parsing File meydvvmccn01-CCNCDR44-01-Blk0Blk-4166-20190602151420-5 $$$$$$$$$$$$$$$$$$$$$$$$$
03-06-2019 16:34:50 INFO [asnconverter]: ****************************************************************************************
03-06-2019 16:34:50 INFO [asnconverter]: ****************************************************************************************
03-06-2019 16:34:51 INFO [asnconverter]: XXXXXXXXXXXXXXXXXXXXXXX             -E---N---D-             XXXXXXXXXXXXXXXXXXXXXX
03-06-2019 16:34:51 INFO [asnconverter]: ****************************************************************************************
03-06-2019 16:34:51 INFO [asnconverter]: ****************************************************************************************
03-06-2019 16:34:51 INFO [asnconverter]: $$$$$$$$$$$$$$$$$$$$$ Parsing File SDPOUTPUTCDR_4001_meytvvmsdp01_TRF_0735_20190602-191402.ASN $$$$$$$$$$$$$$$$$$$$$$$$$
03-06-2019 16:34:51 INFO [asnconverter]: ****************************************************************************************
03-06-2019 16:34:51 INFO [asnconverter]: ****************************************************************************************
03-06-2019 16:34:51 INFO [asnconverter]: XXXXXXXXXXXXXXXXXXXXXXX             -E---N---D-             XXXXXXXXXXXXXXXXXXXXXX
03-06-2019 16:34:51 INFO [asnconverter]: ****************************************************************************************
03-06-2019 16:34:51 INFO [asnconverter]: ****************************************************************************************
03-06-2019 16:34:51 INFO [asnconverter]: $$$$$$$$$$$$$$$$$$$$$ Parsing File CHARGINGCDR-meydvvmocc02-190602-1913-03084.ber $$$$$$$$$$$$$$$$$$$$$$$$$
03-06-2019 16:34:51 INFO [asnconverter]: ****************************************************************************************
03-06-2019 16:34:51 INFO [asnconverter]: ****************************************************************************************
03-06-2019 16:34:52 INFO [asnconverter]: XXXXXXXXXXXXXXXXXXXXXXX             -E---N---D-             XXXXXXXXXXXXXXXXXXXXXX
03-06-2019 16:34:52 INFO [asnconverter]: ****************************************************************************************
03-06-2019 16:34:52 INFO [asnconverter]: ****************************************************************************************
03-06-2019 16:34:52 INFO [asnconverter]: $$$$$$$$$$$$$$$$$$$$$ Parsing File EDRfile.csv $$$$$$$$$$$$$$$$$$$$$$$$$
03-06-2019 16:34:52 INFO [asnconverter]: ****************************************************************************************
03-06-2019 16:34:52 INFO [asnconverter]: ****************************************************************************************
03-06-2019 16:34:52 INFO [asnconverter]: XXXXXXXXXXXXXXXXXXXXXXX             -E---N---D-             XXXXXXXXXXXXXXXXXXXXXX
