26-05-2019 19:19:16 INFO [asnconverter]: Starting execution at +:26-May-2019 19:16:56
26-05-2019 19:19:16 INFO [asnconverter]: ****************************************************************************************
26-05-2019 19:19:16 INFO [asnconverter]: ****************************************************************************************
26-05-2019 19:19:16 INFO [asnconverter]: $$$$$$$$$$$$$$$$$$$$$ Parsing File SDPOUTPUTCDR_4001_meytvvmsdp01_SUB_6009_20190526-183909.ASN $$$$$$$$$$$$$$$$$$$$$$$$$
26-05-2019 19:19:16 INFO [asnconverter]: ****************************************************************************************
26-05-2019 19:19:16 INFO [asnconverter]: ****************************************************************************************
26-05-2019 19:19:16 INFO [asnconverter]: accountNumber = 971520001714
26-05-2019 19:19:16 INFO [asnconverter]: action = set
26-05-2019 19:19:17 INFO [asnconverter]: XXXXXXXXXXXXXXXXXXXXXXX             -E---N---D-             XXXXXXXXXXXXXXXXXXXXXX
26-05-2019 19:19:17 INFO [asnconverter]: ****************************************************************************************
26-05-2019 19:19:17 INFO [asnconverter]: ****************************************************************************************
26-05-2019 19:19:17 INFO [asnconverter]: $$$$$$$$$$$$$$$$$$$$$ Parsing File CHARGINGCDR-meydvvmocc02-190526-1911-02206.ber $$$$$$$$$$$$$$$$$$$$$$$$$
26-05-2019 19:19:17 INFO [asnconverter]: ****************************************************************************************
26-05-2019 19:19:17 INFO [asnconverter]: ****************************************************************************************
26-05-2019 19:19:17 INFO [asnconverter]: subscriptionIDValue = 971520006053
26-05-2019 19:19:17 INFO [asnconverter]: triggerTime = 915062817431304000
26-05-2019 19:19:17 INFO [asnconverter]: nodeName = meytvvmocc01
26-05-2019 19:19:17 INFO [asnconverter]: serviceContextID = du-service
26-05-2019 19:19:17 INFO [asnconverter]: chargingContextID = Ericsson_OCS_V1_0.0.0.10.32251@3gpp.org
26-05-2019 19:19:18 INFO [asnconverter]: serviceSessionID = 3:-:1
26-05-2019 19:19:18 INFO [asnconverter]: XXXXXXXXXXXXXXXXXXXXXXX             -E---N---D-             XXXXXXXXXXXXXXXXXXXXXX
26-05-2019 19:19:18 INFO [asnconverter]: ****************************************************************************************
26-05-2019 19:19:18 INFO [asnconverter]: ****************************************************************************************
26-05-2019 19:19:18 INFO [asnconverter]: $$$$$$$$$$$$$$$$$$$$$ Parsing File CHARGINGCDR-meytvvmocc01-190526-1838-02227.ber $$$$$$$$$$$$$$$$$$$$$$$$$
26-05-2019 19:19:18 INFO [asnconverter]: ****************************************************************************************
26-05-2019 19:19:18 INFO [asnconverter]: ****************************************************************************************
26-05-2019 19:19:18 INFO [asnconverter]: subscriptionIDValue = 971520001714
26-05-2019 19:19:18 INFO [asnconverter]: triggerTime = 915062818395304000
26-05-2019 19:19:18 INFO [asnconverter]: nodeName = meytvvmocc01
26-05-2019 19:19:18 INFO [asnconverter]: serviceContextID = SCAP_V.2.0@ericsson.com
26-05-2019 19:19:18 INFO [asnconverter]: chargingContextID = SCAP_V.2.0@ericsson.com
26-05-2019 19:19:18 INFO [asnconverter]: serviceSessionID = -:1001:1
26-05-2019 19:19:18 INFO [asnconverter]: XXXXXXXXXXXXXXXXXXXXXXX             -E---N---D-             XXXXXXXXXXXXXXXXXXXXXX
