26-12-2018 12:00:36 INFO [asnconverter]: Starting execution at +:26-Dec-2018 12:00:36
26-12-2018 12:00:37 INFO [asnconverter]: ****************************************************************************************
26-12-2018 12:00:37 INFO [asnconverter]: ****************************************************************************************
26-12-2018 12:00:37 INFO [asnconverter]: $$$$$$$$$$$$$$$$$$$$$ TC_001 $$$$$$$$$$$$$$$$$$$$$$$$$
26-12-2018 12:00:37 INFO [asnconverter]: ****************************************************************************************
26-12-2018 12:00:37 INFO [asnconverter]: ****************************************************************************************
26-12-2018 12:00:37 INFO [asnconverter]: subscriptionIDValue = 971520000035
26-12-2018 12:00:38 INFO [asnconverter]: OfferID = 4501
26-12-2018 12:00:38 INFO [asnconverter]: inidividualPriceFactor = 105
26-12-2018 12:00:38 INFO [asnconverter]: XXXXXXXXXXXXXXXXXXXXXXX             -E---N---D-             XXXXXXXXXXXXXXXXXXXXXX
26-12-2018 12:00:38 INFO [asnconverter]: ****************************************************************************************
26-12-2018 12:00:38 INFO [asnconverter]: ****************************************************************************************
26-12-2018 12:00:38 INFO [asnconverter]: $$$$$$$$$$$$$$$$$$$$$ TC_002 $$$$$$$$$$$$$$$$$$$$$$$$$
26-12-2018 12:00:38 INFO [asnconverter]: ****************************************************************************************
26-12-2018 12:00:38 INFO [asnconverter]: ****************************************************************************************
26-12-2018 12:00:39 INFO [asnconverter]: transactionAmount = 100.000000
26-12-2018 12:00:39 INFO [asnconverter]: accountNumber = 971520000189
26-12-2018 12:00:39 INFO [asnconverter]: accountBalance = 0.000000
26-12-2018 12:00:39 INFO [asnconverter]: accountBalance = 558.010000
26-12-2018 12:00:39 INFO [asnconverter]: accountBalance = 210.000000
26-12-2018 12:00:39 INFO [asnconverter]: XXXXXXXXXXXXXXXXXXXXXXX             -E---N---D-             XXXXXXXXXXXXXXXXXXXXXX
26-12-2018 12:00:39 INFO [asnconverter]: ****************************************************************************************
26-12-2018 12:00:39 INFO [asnconverter]: ****************************************************************************************
26-12-2018 12:00:39 INFO [asnconverter]: $$$$$$$$$$$$$$$$$$$$$ TC_003 $$$$$$$$$$$$$$$$$$$$$$$$$
26-12-2018 12:00:39 INFO [asnconverter]: ****************************************************************************************
26-12-2018 12:00:39 INFO [asnconverter]: ****************************************************************************************
26-12-2018 12:00:39 INFO [asnconverter]: accountNumber = 971520000127
26-12-2018 12:00:39 INFO [asnconverter]: accountValueBefore = 0.000000
26-12-2018 12:00:39 INFO [asnconverter]: accountValueAfter = 0.000000
26-12-2018 12:00:39 INFO [asnconverter]: adjustmentAmount = 100.000000
26-12-2018 12:00:39 INFO [asnconverter]: action = create
26-12-2018 12:00:40 INFO [asnconverter]: XXXXXXXXXXXXXXXXXXXXXXX             -E---N---D-             XXXXXXXXXXXXXXXXXXXXXX
