31-12-2018 16:42:36 INFO [asnconverter]: Starting execution at +:31-Dec-2018 16:42:33
31-12-2018 16:42:47 INFO [asnconverter]: ****************************************************************************************
31-12-2018 16:42:47 INFO [asnconverter]: ****************************************************************************************
31-12-2018 16:42:47 INFO [asnconverter]: $$$$$$$$$$$$$$$$$$$$$ Parsing File meydvvmccn01-CCNCDR44-01-Blk0Blk-0055-20181226082229-1 $$$$$$$$$$$$$$$$$$$$$$$$$
31-12-2018 16:42:47 INFO [asnconverter]: ****************************************************************************************
31-12-2018 16:42:47 INFO [asnconverter]: ****************************************************************************************
31-12-2018 16:42:47 INFO [asnconverter]: subscriptionIDValue = 971520000006
31-12-2018 16:42:51 INFO [asnconverter]: XXXXXXXXXXXXXXXXXXXXXXX             -E---N---D-             XXXXXXXXXXXXXXXXXXXXXX
31-12-2018 16:42:51 INFO [asnconverter]: ****************************************************************************************
31-12-2018 16:42:51 INFO [asnconverter]: ****************************************************************************************
31-12-2018 16:42:51 INFO [asnconverter]: $$$$$$$$$$$$$$$$$$$$$ Parsing File meydvvmccn01-CCNCDR44-01-Blk0Blk-0057-20181226083149-1 $$$$$$$$$$$$$$$$$$$$$$$$$
31-12-2018 16:42:51 INFO [asnconverter]: ****************************************************************************************
31-12-2018 16:42:51 INFO [asnconverter]: ****************************************************************************************
31-12-2018 16:42:52 INFO [asnconverter]: subscriptionIDValue = 971520000245
31-12-2018 16:42:52 INFO [asnconverter]: inidividualPriceFactor = 105
31-12-2018 16:42:56 INFO [asnconverter]: XXXXXXXXXXXXXXXXXXXXXXX             -E---N---D-             XXXXXXXXXXXXXXXXXXXXXX
31-12-2018 16:42:56 INFO [asnconverter]: ****************************************************************************************
31-12-2018 16:42:56 INFO [asnconverter]: ****************************************************************************************
31-12-2018 16:42:56 INFO [asnconverter]: $$$$$$$$$$$$$$$$$$$$$ Parsing File AIR_USSD-Recharge.AIR $$$$$$$$$$$$$$$$$$$$$$$$$
31-12-2018 16:42:56 INFO [asnconverter]: ****************************************************************************************
31-12-2018 16:42:56 INFO [asnconverter]: ****************************************************************************************
31-12-2018 16:42:57 INFO [asnconverter]: transactionAmount = 100.000000
31-12-2018 16:42:57 INFO [asnconverter]: accountNumber = 971520000189
31-12-2018 16:42:57 INFO [asnconverter]: accountBalance = 0.000000
31-12-2018 16:42:57 INFO [asnconverter]: accountBalance = 558.010000
31-12-2018 16:42:57 INFO [asnconverter]: accountBalance = 210.000000
31-12-2018 16:43:01 INFO [asnconverter]: XXXXXXXXXXXXXXXXXXXXXXX             -E---N---D-             XXXXXXXXXXXXXXXXXXXXXX
31-12-2018 16:43:01 INFO [asnconverter]: ****************************************************************************************
31-12-2018 16:43:01 INFO [asnconverter]: ****************************************************************************************
31-12-2018 16:43:01 INFO [asnconverter]: $$$$$$$$$$$$$$$$$$$$$ Parsing File SDP-Voucher-Recharge.ASN $$$$$$$$$$$$$$$$$$$$$$$$$
31-12-2018 16:43:01 INFO [asnconverter]: ****************************************************************************************
31-12-2018 16:43:01 INFO [asnconverter]: ****************************************************************************************
31-12-2018 16:43:01 INFO [asnconverter]: accountNumber = 971520000127
31-12-2018 16:43:01 INFO [asnconverter]: accountValueBefore = 0.000000
31-12-2018 16:43:01 INFO [asnconverter]: accountValueAfter = 0.000000
31-12-2018 16:43:01 INFO [asnconverter]: adjustmentAmount = 100.000000
31-12-2018 16:43:01 INFO [asnconverter]: action = create
31-12-2018 16:43:05 INFO [asnconverter]: XXXXXXXXXXXXXXXXXXXXXXX             -E---N---D-             XXXXXXXXXXXXXXXXXXXXXX
31-12-2018 16:43:05 INFO [asnconverter]: ****************************************************************************************
31-12-2018 16:43:05 INFO [asnconverter]: ****************************************************************************************
31-12-2018 16:43:05 INFO [asnconverter]: $$$$$$$$$$$$$$$$$$$$$ Parsing File OCC-data1 $$$$$$$$$$$$$$$$$$$$$$$$$
31-12-2018 16:43:05 INFO [asnconverter]: ****************************************************************************************
31-12-2018 16:43:05 INFO [asnconverter]: ****************************************************************************************
31-12-2018 16:43:09 INFO [asnconverter]: XXXXXXXXXXXXXXXXXXXXXXX             -E---N---D-             XXXXXXXXXXXXXXXXXXXXXX
