05-06-2019 11:12:58 INFO [asnconverter]: Starting execution at +:05-Jun-2019 11:10:13
05-06-2019 11:12:59 INFO [asnconverter]: ****************************************************************************************
05-06-2019 11:12:59 INFO [asnconverter]: ****************************************************************************************
05-06-2019 11:12:59 INFO [asnconverter]: $$$$$$$$$$$$$$$$$$$$$ Parsing File SDPOUTPUTCDR_4001_meytvvmsdp01_SUB_8450_20190604-181118.ASN $$$$$$$$$$$$$$$$$$$$$$$$$
05-06-2019 11:12:59 INFO [asnconverter]: ****************************************************************************************
05-06-2019 11:12:59 INFO [asnconverter]: ****************************************************************************************
05-06-2019 11:13:00 INFO [asnconverter]: XXXXXXXXXXXXXXXXXXXXXXX             -E---N---D-             XXXXXXXXXXXXXXXXXXXXXX
05-06-2019 11:13:00 INFO [asnconverter]: ****************************************************************************************
05-06-2019 11:13:00 INFO [asnconverter]: ****************************************************************************************
05-06-2019 11:13:00 INFO [asnconverter]: $$$$$$$$$$$$$$$$$$$$$ Parsing File CHARGINGCDR-meytvvmocc01-190604-1812-03168.ber $$$$$$$$$$$$$$$$$$$$$$$$$
05-06-2019 11:13:00 INFO [asnconverter]: ****************************************************************************************
05-06-2019 11:13:00 INFO [asnconverter]: ****************************************************************************************
05-06-2019 11:13:01 INFO [asnconverter]: subscriptionIDValue = 971520001714
05-06-2019 11:13:01 INFO [asnconverter]: resultCode = 2001
05-06-2019 11:13:01 INFO [asnconverter]: triggerTime = 916040813130304000
05-06-2019 11:13:01 INFO [asnconverter]: nodeName = meytvvmocc01
05-06-2019 11:13:01 INFO [asnconverter]: serviceContextID = SCAP_V.2.0@ericsson.com
05-06-2019 11:13:01 INFO [asnconverter]: chargingContextID = SCAP_V.2.0@ericsson.com
05-06-2019 11:13:01 INFO [asnconverter]: serviceSessionID = -:1001:1
05-06-2019 11:13:01 INFO [asnconverter]: recordIdentificationNumber = 141C
05-06-2019 11:13:01 INFO [asnconverter]: partialSequenceNumber = 0
05-06-2019 11:13:01 INFO [asnconverter]: lastPartialOutput = TRUE
05-06-2019 11:13:01 INFO [asnconverter]: subscriptionIDType = endUserE164
05-06-2019 11:13:01 INFO [asnconverter]: subscriptionIDValue = 971520001714
05-06-2019 11:13:01 INFO [asnconverter]: sessionId = 2531177584804
05-06-2019 11:13:01 INFO [asnconverter]: lastPartialOutput = TRUE
05-06-2019 11:13:01 INFO [asnconverter]: ccRequestNumber = 1
05-06-2019 11:13:01 INFO [asnconverter]: originRealm = 6369732E636F6D
05-06-2019 11:13:01 INFO [asnconverter]: originHost = 31302E39352E3231342E313337
05-06-2019 11:13:01 INFO [asnconverter]: serviceIdentifier = 1001
05-06-2019 11:13:01 INFO [asnconverter]: tariffChangeUsage = before
05-06-2019 11:13:01 INFO [asnconverter]: eventTime = 32303139303630343138313134382B30343030
05-06-2019 11:13:01 INFO [asnconverter]: triggerTime = 32303139303630343138313330332B30343030
05-06-2019 11:13:01 INFO [asnconverter]: serviceScenario = mobileOriginating
05-06-2019 11:13:01 INFO [asnconverter]: roamingPosition = insideHPLMN
05-06-2019 11:13:01 INFO [asnconverter]: servedAccount = 81795102007141
05-06-2019 11:13:01 INFO [asnconverter]: serviceClassID = 1001
05-06-2019 11:13:01 INFO [asnconverter]: accountGroupID = 0
05-06-2019 11:13:01 INFO [asnconverter]: accountValueBefore = 
                        0
                        6
                        784
                     
05-06-2019 11:13:01 INFO [asnconverter]: amount = 0
05-06-2019 11:13:01 INFO [asnconverter]: decimals = 6
05-06-2019 11:13:01 INFO [asnconverter]: currency = 784
05-06-2019 11:13:01 INFO [asnconverter]: accountValueAfter = 
                        0
                        6
                        784
                     
05-06-2019 11:13:01 INFO [asnconverter]: amount = 0
05-06-2019 11:13:01 INFO [asnconverter]: decimals = 6
05-06-2019 11:13:01 INFO [asnconverter]: currency = 784
05-06-2019 11:13:01 INFO [asnconverter]: accumulatorID = 61
05-06-2019 11:13:01 INFO [asnconverter]: accumulatorChange = 0
05-06-2019 11:13:01 INFO [asnconverter]: accumulatorAfter = 1
05-06-2019 11:13:01 INFO [asnconverter]: accumulatorBeforeSession = 1
05-06-2019 11:13:01 INFO [asnconverter]: XXXXXXXXXXXXXXXXXXXXXXX             -E---N---D-             XXXXXXXXXXXXXXXXXXXXXX
05-06-2019 11:13:01 INFO [asnconverter]: ****************************************************************************************
05-06-2019 11:13:01 INFO [asnconverter]: ****************************************************************************************
05-06-2019 11:13:01 INFO [asnconverter]: $$$$$$$$$$$$$$$$$$$$$ Parsing File EDRfile.csv $$$$$$$$$$$$$$$$$$$$$$$$$
05-06-2019 11:13:01 INFO [asnconverter]: ****************************************************************************************
05-06-2019 11:13:01 INFO [asnconverter]: ****************************************************************************************
05-06-2019 11:13:01 INFO [asnconverter]: XXXXXXXXXXXXXXXXXXXXXXX             -E---N---D-             XXXXXXXXXXXXXXXXXXXXXX
