06-05-2019 15:03:55 INFO [asnconverter]: Starting execution at +:06-May-2019 15:03:55
06-05-2019 15:03:56 INFO [asnconverter]: ****************************************************************************************
06-05-2019 15:03:56 INFO [asnconverter]: ****************************************************************************************
06-05-2019 15:03:56 INFO [asnconverter]: $$$$$$$$$$$$$$$$$$$$$ Parsing File meydvvmccn01-CCNCDR44-01-Blk0Blk-0057-20181226083149-2 $$$$$$$$$$$$$$$$$$$$$$$$$
06-05-2019 15:03:56 INFO [asnconverter]: ****************************************************************************************
06-05-2019 15:03:56 INFO [asnconverter]: ****************************************************************************************
06-05-2019 15:03:56 INFO [asnconverter]: subscriptionIDValue = 971520000035
06-05-2019 15:03:56 INFO [asnconverter]: OfferID = 4501
06-05-2019 15:03:56 INFO [asnconverter]: inidividualPriceFactor = 105
06-05-2019 15:03:56 INFO [asnconverter]: timeUnit = 60
06-05-2019 15:03:56 INFO [asnconverter]: amount = 993116825
06-05-2019 15:03:57 INFO [asnconverter]: XXXXXXXXXXXXXXXXXXXXXXX             -E---N---D-             XXXXXXXXXXXXXXXXXXXXXX
06-05-2019 15:03:57 INFO [asnconverter]: ****************************************************************************************
06-05-2019 15:03:57 INFO [asnconverter]: ****************************************************************************************
06-05-2019 15:03:57 INFO [asnconverter]: $$$$$$$$$$$$$$$$$$$$$ Parsing File meydvvmccn01-CCNCDR44-01-Blk0Blk-3031-20190502162630-1 $$$$$$$$$$$$$$$$$$$$$$$$$
06-05-2019 15:03:57 INFO [asnconverter]: ****************************************************************************************
06-05-2019 15:03:57 INFO [asnconverter]: ****************************************************************************************
06-05-2019 15:03:57 INFO [asnconverter]: subscriptionIDValue = 971520001695
06-05-2019 15:03:57 INFO [asnconverter]: inidividualPriceFactor = 105
06-05-2019 15:03:57 INFO [asnconverter]: amount = 21670000
06-05-2019 15:03:57 INFO [asnconverter]: XXXXXXXXXXXXXXXXXXXXXXX             -E---N---D-             XXXXXXXXXXXXXXXXXXXXXX
06-05-2019 15:03:57 INFO [asnconverter]: ****************************************************************************************
06-05-2019 15:03:57 INFO [asnconverter]: ****************************************************************************************
06-05-2019 15:03:57 INFO [asnconverter]: $$$$$$$$$$$$$$$$$$$$$ Parsing File AIROUTPUTCDR_4011_3571_20190414-224417.AIR $$$$$$$$$$$$$$$$$$$$$$$$$
06-05-2019 15:03:57 INFO [asnconverter]: ****************************************************************************************
06-05-2019 15:03:57 INFO [asnconverter]: ****************************************************************************************
06-05-2019 15:03:57 INFO [asnconverter]: accountNumber = 971520000174
06-05-2019 15:03:57 INFO [asnconverter]: transactionAmount = 100.000000
06-05-2019 15:03:57 INFO [asnconverter]: XXXXXXXXXXXXXXXXXXXXXXX             -E---N---D-             XXXXXXXXXXXXXXXXXXXXXX
06-05-2019 15:03:57 INFO [asnconverter]: ****************************************************************************************
06-05-2019 15:03:57 INFO [asnconverter]: ****************************************************************************************
06-05-2019 15:03:57 INFO [asnconverter]: $$$$$$$$$$$$$$$$$$$$$ Parsing File AIROUTPUTCDR_4011_3572_20190414-225920.AIR $$$$$$$$$$$$$$$$$$$$$$$$$
06-05-2019 15:03:57 INFO [asnconverter]: ****************************************************************************************
06-05-2019 15:03:57 INFO [asnconverter]: ****************************************************************************************
06-05-2019 15:03:58 INFO [asnconverter]: accountNumber = 971520000174
06-05-2019 15:03:58 INFO [asnconverter]: transactionAmount = 100.000000
06-05-2019 15:03:58 INFO [asnconverter]: XXXXXXXXXXXXXXXXXXXXXXX             -E---N---D-             XXXXXXXXXXXXXXXXXXXXXX
06-05-2019 15:03:58 INFO [asnconverter]: ****************************************************************************************
06-05-2019 15:03:58 INFO [asnconverter]: ****************************************************************************************
06-05-2019 15:03:58 INFO [asnconverter]: $$$$$$$$$$$$$$$$$$$$$ Parsing File AIROUTPUTCDR_4011_3578_20190415-113150.AIR $$$$$$$$$$$$$$$$$$$$$$$$$
06-05-2019 15:03:58 INFO [asnconverter]: ****************************************************************************************
06-05-2019 15:03:58 INFO [asnconverter]: ****************************************************************************************
06-05-2019 15:03:58 INFO [asnconverter]: accountNumber = 971520000168
06-05-2019 15:03:58 INFO [asnconverter]: XXXXXXXXXXXXXXXXXXXXXXX             -E---N---D-             XXXXXXXXXXXXXXXXXXXXXX
06-05-2019 15:03:58 INFO [asnconverter]: ****************************************************************************************
06-05-2019 15:03:58 INFO [asnconverter]: ****************************************************************************************
06-05-2019 15:03:58 INFO [asnconverter]: $$$$$$$$$$$$$$$$$$$$$ Parsing File AIROUTPUTCDR_4011_3750_20190417-215829.AIR $$$$$$$$$$$$$$$$$$$$$$$$$
06-05-2019 15:03:58 INFO [asnconverter]: ****************************************************************************************
06-05-2019 15:03:58 INFO [asnconverter]: ****************************************************************************************
06-05-2019 15:03:58 INFO [asnconverter]: accountNumber = 971520000174
06-05-2019 15:03:58 INFO [asnconverter]: transactionAmount = 20.000000
06-05-2019 15:03:58 INFO [asnconverter]: XXXXXXXXXXXXXXXXXXXXXXX             -E---N---D-             XXXXXXXXXXXXXXXXXXXXXX
06-05-2019 15:03:58 INFO [asnconverter]: ****************************************************************************************
06-05-2019 15:03:58 INFO [asnconverter]: ****************************************************************************************
06-05-2019 15:03:58 INFO [asnconverter]: $$$$$$$$$$$$$$$$$$$$$ Parsing File AIR_USSD-Recharge.AIR $$$$$$$$$$$$$$$$$$$$$$$$$
06-05-2019 15:03:58 INFO [asnconverter]: ****************************************************************************************
06-05-2019 15:03:58 INFO [asnconverter]: ****************************************************************************************
06-05-2019 15:03:59 INFO [asnconverter]: accountNumber = 971520000189
06-05-2019 15:03:59 INFO [asnconverter]: transactionAmount = 100.000000
06-05-2019 15:03:59 INFO [asnconverter]: XXXXXXXXXXXXXXXXXXXXXXX             -E---N---D-             XXXXXXXXXXXXXXXXXXXXXX
06-05-2019 15:03:59 INFO [asnconverter]: ****************************************************************************************
06-05-2019 15:03:59 INFO [asnconverter]: ****************************************************************************************
06-05-2019 15:03:59 INFO [asnconverter]: $$$$$$$$$$$$$$$$$$$$$ Parsing File SDP-Voucher-Recharge.ASN $$$$$$$$$$$$$$$$$$$$$$$$$
06-05-2019 15:03:59 INFO [asnconverter]: ****************************************************************************************
06-05-2019 15:03:59 INFO [asnconverter]: ****************************************************************************************
06-05-2019 15:03:59 INFO [asnconverter]: accountNumber = 971520000127
06-05-2019 15:03:59 INFO [asnconverter]: accountValueBefore = 0.000000
06-05-2019 15:03:59 INFO [asnconverter]: accountValueAfter = 100.000000
06-05-2019 15:03:59 INFO [asnconverter]: adjustmentAmount = 100.000000
06-05-2019 15:03:59 INFO [asnconverter]: action = create
06-05-2019 15:04:00 INFO [asnconverter]: XXXXXXXXXXXXXXXXXXXXXXX             -E---N---D-             XXXXXXXXXXXXXXXXXXXXXX
06-05-2019 15:04:00 INFO [asnconverter]: ****************************************************************************************
06-05-2019 15:04:00 INFO [asnconverter]: ****************************************************************************************
06-05-2019 15:04:00 INFO [asnconverter]: $$$$$$$$$$$$$$$$$$$$$ Parsing File SDPOUTPUTCDR_4001_meytvvmsdp01_SUB_0280_20190505-155542.ASN $$$$$$$$$$$$$$$$$$$$$$$$$
06-05-2019 15:04:00 INFO [asnconverter]: ****************************************************************************************
06-05-2019 15:04:00 INFO [asnconverter]: ****************************************************************************************
06-05-2019 15:04:00 INFO [asnconverter]: accountNumber = 971520001714
06-05-2019 15:04:00 INFO [asnconverter]: action = create
06-05-2019 15:04:00 INFO [asnconverter]: XXXXXXXXXXXXXXXXXXXXXXX             -E---N---D-             XXXXXXXXXXXXXXXXXXXXXX
06-05-2019 15:04:00 INFO [asnconverter]: ****************************************************************************************
06-05-2019 15:04:00 INFO [asnconverter]: ****************************************************************************************
06-05-2019 15:04:00 INFO [asnconverter]: $$$$$$$$$$$$$$$$$$$$$ Parsing File CHARGINGCDR-meydvvmocc02-190505-1556-04505.ber.gz $$$$$$$$$$$$$$$$$$$$$$$$$
06-05-2019 15:04:00 INFO [asnconverter]: ****************************************************************************************
06-05-2019 15:04:00 INFO [asnconverter]: ****************************************************************************************
06-05-2019 15:04:01 INFO [asnconverter]: XXXXXXXXXXXXXXXXXXXXXXX             -E---N---D-             XXXXXXXXXXXXXXXXXXXXXX
06-05-2019 15:04:01 INFO [asnconverter]: ****************************************************************************************
06-05-2019 15:04:01 INFO [asnconverter]: ****************************************************************************************
06-05-2019 15:04:01 INFO [asnconverter]: $$$$$$$$$$$$$$$$$$$$$ Parsing File meydvvmccn01-CCNCDR44-01-Blk0Blk-3031-20190502162630-1 $$$$$$$$$$$$$$$$$$$$$$$$$
06-05-2019 15:04:01 INFO [asnconverter]: ****************************************************************************************
06-05-2019 15:04:01 INFO [asnconverter]: ****************************************************************************************
06-05-2019 15:04:01 INFO [asnconverter]: resultCode = 2001
06-05-2019 15:04:01 INFO [asnconverter]: subscriptionIDValue = 971520001695
06-05-2019 15:04:01 INFO [asnconverter]: serviceSpecificUnit = 1
06-05-2019 15:04:01 INFO [asnconverter]: eventTime = 32303139303530323230323633302B30343030
06-05-2019 15:04:01 INFO [asnconverter]: serviceScenario = mobileOriginating
06-05-2019 15:04:01 INFO [asnconverter]: roamingPosition = insideHPLMN
06-05-2019 15:04:01 INFO [asnconverter]: serviceClassID = 1001
06-05-2019 15:04:01 INFO [asnconverter]: accumulators = 68 1 39452673 39452672 61 0 1 1
06-05-2019 15:04:01 INFO [asnconverter]: accumulatorID = 68
06-05-2019 15:04:01 INFO [asnconverter]: accumulatorChange = 1
06-05-2019 15:04:01 INFO [asnconverter]: accumulatorAfter = 39452673
06-05-2019 15:04:01 INFO [asnconverter]: accumulatorBeforeSession = 39452672
06-05-2019 15:04:01 INFO [asnconverter]: dedicatedAccounts = 1 21670000 6 784 21481000 6 784 189000 6 784 FALSE money
06-05-2019 15:04:01 INFO [asnconverter]: DedicatedAccount = 1 21670000 6 784 21481000 6 784 189000 6 784 FALSE money
06-05-2019 15:04:01 INFO [asnconverter]: dedicatedAccountID = 1
06-05-2019 15:04:01 INFO [asnconverter]: dedicatedAccountValueBefore = 21670000 6 784
06-05-2019 15:04:01 INFO [asnconverter]: amount = 0
06-05-2019 15:04:01 INFO [asnconverter]: decimals = 6
06-05-2019 15:04:01 INFO [asnconverter]: currency = 784
06-05-2019 15:04:01 INFO [asnconverter]: dedicatedAccountValueAfter = 21481000 6 784
06-05-2019 15:04:01 INFO [asnconverter]: amount = 0
06-05-2019 15:04:01 INFO [asnconverter]: decimals = 6
06-05-2019 15:04:01 INFO [asnconverter]: currency = 784
06-05-2019 15:04:01 INFO [asnconverter]: dedicatedAccountChange = 189000 6 784
06-05-2019 15:04:01 INFO [asnconverter]: amount = 0
06-05-2019 15:04:01 INFO [asnconverter]: decimals = 6
06-05-2019 15:04:01 INFO [asnconverter]: currency = 784
06-05-2019 15:04:01 INFO [asnconverter]: chargingContextSpecific = 16778225 971550930017 16778455 89302 16778217 971550930512 16778249 42403 16778250 2333 16778251 03E9 16778219 91795102007141
06-05-2019 15:04:01 INFO [asnconverter]: ContextParameter = 16778225 971550930017
06-05-2019 15:04:01 INFO [asnconverter]: parameterID = 16778225
06-05-2019 15:04:01 INFO [asnconverter]: parameterValue = 971550930017
06-05-2019 15:04:01 INFO [asnconverter]: string = 971550930017
06-05-2019 15:04:01 INFO [asnconverter]: XXXXXXXXXXXXXXXXXXXXXXX             -E---N---D-             XXXXXXXXXXXXXXXXXXXXXX
