02-01-2019 19:26:36 INFO [asnconverter]: Starting execution at +:02-Jan-2019 19:26:32
02-01-2019 19:26:51 INFO [asnconverter]: ****************************************************************************************
02-01-2019 19:26:51 INFO [asnconverter]: ****************************************************************************************
02-01-2019 19:26:51 INFO [asnconverter]: $$$$$$$$$$$$$$$$$$$$$ Parsing File meydvvmccn01-CCNCDR44-01-Blk0Blk-0055-20181226082229-1 $$$$$$$$$$$$$$$$$$$$$$$$$
02-01-2019 19:26:51 INFO [asnconverter]: ****************************************************************************************
02-01-2019 19:26:51 INFO [asnconverter]: ****************************************************************************************
02-01-2019 19:26:51 INFO [asnconverter]: subscriptionIDValue = 971520000006
02-01-2019 19:26:58 INFO [asnconverter]: XXXXXXXXXXXXXXXXXXXXXXX             -E---N---D-             XXXXXXXXXXXXXXXXXXXXXX
02-01-2019 19:26:58 INFO [asnconverter]: ****************************************************************************************
02-01-2019 19:26:58 INFO [asnconverter]: ****************************************************************************************
02-01-2019 19:26:58 INFO [asnconverter]: $$$$$$$$$$$$$$$$$$$$$ Parsing File meydvvmccn01-CCNCDR44-01-Blk0Blk-0057-20181226083149-1 $$$$$$$$$$$$$$$$$$$$$$$$$
02-01-2019 19:26:58 INFO [asnconverter]: ****************************************************************************************
02-01-2019 19:26:58 INFO [asnconverter]: ****************************************************************************************
02-01-2019 19:26:59 INFO [asnconverter]: subscriptionIDValue = 971520000245
02-01-2019 19:26:59 INFO [asnconverter]: inidividualPriceFactor = 105
02-01-2019 19:27:04 INFO [asnconverter]: XXXXXXXXXXXXXXXXXXXXXXX             -E---N---D-             XXXXXXXXXXXXXXXXXXXXXX
02-01-2019 19:27:04 INFO [asnconverter]: ****************************************************************************************
02-01-2019 19:27:04 INFO [asnconverter]: ****************************************************************************************
02-01-2019 19:27:04 INFO [asnconverter]: $$$$$$$$$$$$$$$$$$$$$ Parsing File AIR_USSD-Recharge.AIR $$$$$$$$$$$$$$$$$$$$$$$$$
02-01-2019 19:27:04 INFO [asnconverter]: ****************************************************************************************
02-01-2019 19:27:04 INFO [asnconverter]: ****************************************************************************************
02-01-2019 19:27:05 INFO [asnconverter]: transactionAmount = 100.000000
02-01-2019 19:27:05 INFO [asnconverter]: accountNumber = 971520000189
02-01-2019 19:27:05 INFO [asnconverter]: accountBalance = 0.000000
02-01-2019 19:27:05 INFO [asnconverter]: accountBalance = 558.010000
02-01-2019 19:27:05 INFO [asnconverter]: accountBalance = 210.000000
02-01-2019 19:27:10 INFO [asnconverter]: XXXXXXXXXXXXXXXXXXXXXXX             -E---N---D-             XXXXXXXXXXXXXXXXXXXXXX
02-01-2019 19:27:10 INFO [asnconverter]: ****************************************************************************************
02-01-2019 19:27:10 INFO [asnconverter]: ****************************************************************************************
02-01-2019 19:27:10 INFO [asnconverter]: $$$$$$$$$$$$$$$$$$$$$ Parsing File SDP-Voucher-Recharge.ASN $$$$$$$$$$$$$$$$$$$$$$$$$
02-01-2019 19:27:10 INFO [asnconverter]: ****************************************************************************************
02-01-2019 19:27:10 INFO [asnconverter]: ****************************************************************************************
02-01-2019 19:27:11 INFO [asnconverter]: accountNumber = 971520000127
02-01-2019 19:27:11 INFO [asnconverter]: accountValueBefore = 0.000000
02-01-2019 19:27:11 INFO [asnconverter]: accountValueAfter = 0.000000
02-01-2019 19:27:11 INFO [asnconverter]: adjustmentAmount = 100.000000
02-01-2019 19:27:11 INFO [asnconverter]: action = create
02-01-2019 19:27:16 INFO [asnconverter]: XXXXXXXXXXXXXXXXXXXXXXX             -E---N---D-             XXXXXXXXXXXXXXXXXXXXXX
02-01-2019 19:27:16 INFO [asnconverter]: ****************************************************************************************
02-01-2019 19:27:16 INFO [asnconverter]: ****************************************************************************************
02-01-2019 19:27:16 INFO [asnconverter]: $$$$$$$$$$$$$$$$$$$$$ Parsing File OCC-data1 $$$$$$$$$$$$$$$$$$$$$$$$$
02-01-2019 19:27:16 INFO [asnconverter]: ****************************************************************************************
02-01-2019 19:27:16 INFO [asnconverter]: ****************************************************************************************
02-01-2019 19:27:22 INFO [asnconverter]: XXXXXXXXXXXXXXXXXXXXXXX             -E---N---D-             XXXXXXXXXXXXXXXXXXXXXX
