03-01-2019 11:49:25 INFO [asnconverter]: Starting execution at +:03-Jan-2019 11:49:22
03-01-2019 11:49:36 INFO [asnconverter]: ****************************************************************************************
03-01-2019 11:49:36 INFO [asnconverter]: ****************************************************************************************
03-01-2019 11:49:36 INFO [asnconverter]: $$$$$$$$$$$$$$$$$$$$$ Parsing File meydvvmccn01-CCNCDR44-01-Blk0Blk-0057-20181226083149-2 $$$$$$$$$$$$$$$$$$$$$$$$$
03-01-2019 11:49:36 INFO [asnconverter]: ****************************************************************************************
03-01-2019 11:49:36 INFO [asnconverter]: ****************************************************************************************
03-01-2019 11:49:36 INFO [asnconverter]: subscriptionIDValue = 971520000035
03-01-2019 11:49:36 INFO [asnconverter]: OfferID = 4501
03-01-2019 11:49:36 INFO [asnconverter]: inidividualPriceFactor = 105
03-01-2019 11:49:36 INFO [asnconverter]: timeUnit = 60
03-01-2019 11:49:36 INFO [asnconverter]: amount = 993116825
03-01-2019 11:49:40 INFO [asnconverter]: XXXXXXXXXXXXXXXXXXXXXXX             -E---N---D-             XXXXXXXXXXXXXXXXXXXXXX
03-01-2019 11:49:40 INFO [asnconverter]: ****************************************************************************************
03-01-2019 11:49:40 INFO [asnconverter]: ****************************************************************************************
03-01-2019 11:49:40 INFO [asnconverter]: $$$$$$$$$$$$$$$$$$$$$ Parsing File AIR_USSD-Recharge.AIR $$$$$$$$$$$$$$$$$$$$$$$$$
03-01-2019 11:49:40 INFO [asnconverter]: ****************************************************************************************
03-01-2019 11:49:40 INFO [asnconverter]: ****************************************************************************************
03-01-2019 11:49:41 INFO [asnconverter]: transactionAmount = 100.000000
03-01-2019 11:49:41 INFO [asnconverter]: accountNumber = 971520000189
03-01-2019 11:49:41 INFO [asnconverter]: accountBalance = 0.000000
03-01-2019 11:49:41 INFO [asnconverter]: accountBalance = 558.010000
03-01-2019 11:49:41 INFO [asnconverter]: accountBalance = 210.000000
03-01-2019 11:49:44 INFO [asnconverter]: XXXXXXXXXXXXXXXXXXXXXXX             -E---N---D-             XXXXXXXXXXXXXXXXXXXXXX
03-01-2019 11:49:44 INFO [asnconverter]: ****************************************************************************************
03-01-2019 11:49:44 INFO [asnconverter]: ****************************************************************************************
03-01-2019 11:49:44 INFO [asnconverter]: $$$$$$$$$$$$$$$$$$$$$ Parsing File SDP-Voucher-Recharge.ASN $$$$$$$$$$$$$$$$$$$$$$$$$
03-01-2019 11:49:44 INFO [asnconverter]: ****************************************************************************************
03-01-2019 11:49:44 INFO [asnconverter]: ****************************************************************************************
03-01-2019 11:49:45 INFO [asnconverter]: accountNumber = 971520000127
