27-05-2019 10:29:44 INFO [asnconverter]: Starting execution at +:27-May-2019 10:27:25
27-05-2019 10:29:44 INFO [asnconverter]: ****************************************************************************************
27-05-2019 10:29:44 INFO [asnconverter]: ****************************************************************************************
27-05-2019 10:29:44 INFO [asnconverter]: $$$$$$$$$$$$$$$$$$$$$ Parsing File SDPOUTPUTCDR_4001_meytvvmsdp01_SUB_6009_20190526-183909.ASN $$$$$$$$$$$$$$$$$$$$$$$$$
27-05-2019 10:29:44 INFO [asnconverter]: ****************************************************************************************
27-05-2019 10:29:44 INFO [asnconverter]: ****************************************************************************************
27-05-2019 10:29:45 INFO [asnconverter]: accountNumber = 971520001714
27-05-2019 10:29:45 INFO [asnconverter]: action = set
27-05-2019 10:29:45 INFO [asnconverter]: XXXXXXXXXXXXXXXXXXXXXXX             -E---N---D-             XXXXXXXXXXXXXXXXXXXXXX
27-05-2019 10:29:45 INFO [asnconverter]: ****************************************************************************************
27-05-2019 10:29:45 INFO [asnconverter]: ****************************************************************************************
27-05-2019 10:29:45 INFO [asnconverter]: $$$$$$$$$$$$$$$$$$$$$ Parsing File SDPOUTPUTCDR_4001_meytvvmsdp01_SUB_6050_20190527-101525.ASN $$$$$$$$$$$$$$$$$$$$$$$$$
27-05-2019 10:29:45 INFO [asnconverter]: ****************************************************************************************
27-05-2019 10:29:45 INFO [asnconverter]: ****************************************************************************************
27-05-2019 10:29:45 INFO [asnconverter]: accountNumber = 971520001714
27-05-2019 10:29:45 INFO [asnconverter]: action = create
27-05-2019 10:29:45 INFO [asnconverter]: XXXXXXXXXXXXXXXXXXXXXXX             -E---N---D-             XXXXXXXXXXXXXXXXXXXXXX
27-05-2019 10:29:45 INFO [asnconverter]: ****************************************************************************************
27-05-2019 10:29:45 INFO [asnconverter]: ****************************************************************************************
27-05-2019 10:29:45 INFO [asnconverter]: $$$$$$$$$$$$$$$$$$$$$ Parsing File CHARGINGCDR-meydvvmocc02-190526-1911-02206.ber $$$$$$$$$$$$$$$$$$$$$$$$$
27-05-2019 10:29:45 INFO [asnconverter]: ****************************************************************************************
27-05-2019 10:29:45 INFO [asnconverter]: ****************************************************************************************
27-05-2019 10:29:46 INFO [asnconverter]: subscriptionIDValue = 971520006053
27-05-2019 10:29:46 INFO [asnconverter]: triggerTime = 915062817431304000
27-05-2019 10:29:46 INFO [asnconverter]: nodeName = meytvvmocc01
27-05-2019 10:29:46 INFO [asnconverter]: serviceContextID = du-service
27-05-2019 10:29:46 INFO [asnconverter]: chargingContextID = Ericsson_OCS_V1_0.0.0.10.32251@3gpp.org
27-05-2019 10:29:46 INFO [asnconverter]: serviceSessionID = 3:-:1
27-05-2019 10:29:46 INFO [asnconverter]: XXXXXXXXXXXXXXXXXXXXXXX             -E---N---D-             XXXXXXXXXXXXXXXXXXXXXX
27-05-2019 10:29:46 INFO [asnconverter]: ****************************************************************************************
27-05-2019 10:29:46 INFO [asnconverter]: ****************************************************************************************
27-05-2019 10:29:46 INFO [asnconverter]: $$$$$$$$$$$$$$$$$$$$$ Parsing File CHARGINGCDR-meydvvmocc02-190527-1023-02215.ber $$$$$$$$$$$$$$$$$$$$$$$$$
27-05-2019 10:29:46 INFO [asnconverter]: ****************************************************************************************
27-05-2019 10:29:46 INFO [asnconverter]: ****************************************************************************************
27-05-2019 10:29:47 INFO [asnconverter]: subscriptionIDValue = 971520000313
27-05-2019 10:29:47 INFO [asnconverter]: triggerTime = 915072013293304000
27-05-2019 10:29:47 INFO [asnconverter]: nodeName = meydvvmocc02
27-05-2019 10:29:47 INFO [asnconverter]: serviceContextID = SCAP_V.2.0@ericsson.com
27-05-2019 10:29:47 INFO [asnconverter]: chargingContextID = SCAP_V.2.0@ericsson.com
27-05-2019 10:29:47 INFO [asnconverter]: serviceSessionID = -:1002:1
27-05-2019 10:29:47 INFO [asnconverter]: XXXXXXXXXXXXXXXXXXXXXXX             -E---N---D-             XXXXXXXXXXXXXXXXXXXXXX
27-05-2019 10:29:47 INFO [asnconverter]: ****************************************************************************************
27-05-2019 10:29:47 INFO [asnconverter]: ****************************************************************************************
27-05-2019 10:29:47 INFO [asnconverter]: $$$$$$$$$$$$$$$$$$$$$ Parsing File CHARGINGCDR-meytvvmocc01-190526-1838-02227.ber $$$$$$$$$$$$$$$$$$$$$$$$$
27-05-2019 10:29:47 INFO [asnconverter]: ****************************************************************************************
27-05-2019 10:29:47 INFO [asnconverter]: ****************************************************************************************
27-05-2019 10:29:47 INFO [asnconverter]: subscriptionIDValue = 971520001714
27-05-2019 10:29:47 INFO [asnconverter]: triggerTime = 915062818395304000
27-05-2019 10:29:47 INFO [asnconverter]: nodeName = meytvvmocc01
27-05-2019 10:29:47 INFO [asnconverter]: serviceContextID = SCAP_V.2.0@ericsson.com
27-05-2019 10:29:47 INFO [asnconverter]: chargingContextID = SCAP_V.2.0@ericsson.com
27-05-2019 10:29:47 INFO [asnconverter]: serviceSessionID = -:1001:1
27-05-2019 10:29:47 INFO [asnconverter]: XXXXXXXXXXXXXXXXXXXXXXX             -E---N---D-             XXXXXXXXXXXXXXXXXXXXXX
27-05-2019 10:29:47 INFO [asnconverter]: ****************************************************************************************
27-05-2019 10:29:47 INFO [asnconverter]: ****************************************************************************************
27-05-2019 10:29:47 INFO [asnconverter]: $$$$$$$$$$$$$$$$$$$$$ Parsing File CHARGINGCDR-meytvvmocc01-190527-1015-02242.ber $$$$$$$$$$$$$$$$$$$$$$$$$
27-05-2019 10:29:47 INFO [asnconverter]: ****************************************************************************************
27-05-2019 10:29:47 INFO [asnconverter]: ****************************************************************************************
27-05-2019 10:29:47 INFO [asnconverter]: subscriptionIDValue = 971520001714
27-05-2019 10:29:47 INFO [asnconverter]: triggerTime = 915072016161304000
27-05-2019 10:29:47 INFO [asnconverter]: nodeName = meytvvmocc01
27-05-2019 10:29:47 INFO [asnconverter]: serviceContextID = SCAP_V.2.0@ericsson.com
27-05-2019 10:29:47 INFO [asnconverter]: chargingContextID = SCAP_V.2.0@ericsson.com
27-05-2019 10:29:47 INFO [asnconverter]: serviceSessionID = -:1001:1
27-05-2019 10:29:47 INFO [asnconverter]: XXXXXXXXXXXXXXXXXXXXXXX             -E---N---D-             XXXXXXXXXXXXXXXXXXXXXX
