23-05-2019 15:03:19 INFO [asnconverter]: Starting execution at +:23-May-2019 15:03:19
23-05-2019 15:03:20 INFO [asnconverter]: ****************************************************************************************
23-05-2019 15:03:20 INFO [asnconverter]: ****************************************************************************************
23-05-2019 15:03:20 INFO [asnconverter]: $$$$$$$$$$$$$$$$$$$$$ Parsing File CHARGINGCDR-meytvvmocc01-190523-1447-01951.ber $$$$$$$$$$$$$$$$$$$$$$$$$
23-05-2019 15:03:20 INFO [asnconverter]: ****************************************************************************************
23-05-2019 15:03:20 INFO [asnconverter]: ****************************************************************************************
23-05-2019 15:03:20 INFO [asnconverter]: resultCode = 2001
23-05-2019 15:03:20 INFO [asnconverter]: triggerTime = 915032418424304000
23-05-2019 15:03:20 INFO [asnconverter]: nodeName = meytvvmocc01
23-05-2019 15:03:20 INFO [asnconverter]: serviceContextID = SCAP_V.2.0@ericsson.com
23-05-2019 15:03:20 INFO [asnconverter]: serviceSessionID = -:1001:1
23-05-2019 15:03:20 INFO [asnconverter]: XXXXXXXXXXXXXXXXXXXXXXX             -E---N---D-             XXXXXXXXXXXXXXXXXXXXXX
23-05-2019 15:03:20 INFO [asnconverter]: ****************************************************************************************
23-05-2019 15:03:20 INFO [asnconverter]: ****************************************************************************************
23-05-2019 15:03:20 INFO [asnconverter]: $$$$$$$$$$$$$$$$$$$$$ Parsing File CHARGINGCDR-meytvvmocc01-190523-1449-01952.ber $$$$$$$$$$$$$$$$$$$$$$$$$
23-05-2019 15:03:20 INFO [asnconverter]: ****************************************************************************************
23-05-2019 15:03:20 INFO [asnconverter]: ****************************************************************************************
23-05-2019 15:03:21 INFO [asnconverter]: resultCode = 2001
23-05-2019 15:03:21 INFO [asnconverter]: triggerTime = 915032410550304000
23-05-2019 15:03:21 INFO [asnconverter]: nodeName = meytvvmocc01
23-05-2019 15:03:21 INFO [asnconverter]: serviceContextID = SCAP_V.2.0@ericsson.com
23-05-2019 15:03:21 INFO [asnconverter]: serviceSessionID = -:1002:1
23-05-2019 15:03:21 INFO [asnconverter]: XXXXXXXXXXXXXXXXXXXXXXX             -E---N---D-             XXXXXXXXXXXXXXXXXXXXXX
