24-06-2019 18:26:40 INFO [asnconverter]: Starting execution at +:24-Jun-2019 18:26:40
24-06-2019 18:26:41 INFO [asnconverter]: ****************************************************************************************
24-06-2019 18:26:41 INFO [asnconverter]: ****************************************************************************************
24-06-2019 18:26:41 INFO [asnconverter]: $$$$$$$$$$$$$$$$$$$$$ Parsing File meydvvmccn01-CCNCDR44-01-Blk0Blk-3994-20190530074328-1 $$$$$$$$$$$$$$$$$$$$$$$$$
24-06-2019 18:26:41 INFO [asnconverter]: ****************************************************************************************
24-06-2019 18:26:41 INFO [asnconverter]: ****************************************************************************************
24-06-2019 18:26:42 INFO [asnconverter]: subscriptionIDValue = 971520001714
24-06-2019 18:26:42 INFO [asnconverter]: resultCode = 2001
24-06-2019 18:26:42 INFO [asnconverter]: triggerTime = 915003113184304000
24-06-2019 18:26:42 INFO [asnconverter]: nodeName = meydvvmccn01
24-06-2019 18:26:42 INFO [asnconverter]: serviceContextID = Core_Context_R1A@ericsson.com
24-06-2019 18:26:42 INFO [asnconverter]: chargingContextID = CAPv2_V.1.0@ericsson.com
24-06-2019 18:26:42 INFO [asnconverter]: serviceSessionID = 5-1658634243-03c0dc62
24-06-2019 18:26:42 INFO [asnconverter]: recordIdentificationNumber = 00001773
24-06-2019 18:26:42 INFO [asnconverter]: subscriptionIDType = endUserE164
24-06-2019 18:26:42 INFO [asnconverter]: subscriptionIDValue = 971520001714
24-06-2019 18:26:42 INFO [asnconverter]: subscriptionIDType = endUserIMSI
24-06-2019 18:26:42 INFO [asnconverter]: subscriptionIDValue = 424030046672675
24-06-2019 18:26:42 INFO [asnconverter]: callReference = 401C7004046100
24-06-2019 18:26:42 INFO [asnconverter]: mSCAddress = 91795105395021
24-06-2019 18:26:42 INFO [asnconverter]: serviceScenario = mobileOriginating
24-06-2019 18:26:42 INFO [asnconverter]: roamingPosition = insideHPLMN
24-06-2019 18:26:42 INFO [asnconverter]: lastPartialOutput = TRUE
24-06-2019 18:26:42 INFO [asnconverter]: tariffChangeUsage = before
24-06-2019 18:26:42 INFO [asnconverter]: timeUnit = 5
