30-05-2019 14:29:04 INFO [asnconverter]: Starting execution at +:30-May-2019 14:29:04
30-05-2019 14:29:05 INFO [asnconverter]: ****************************************************************************************
30-05-2019 14:29:05 INFO [asnconverter]: ****************************************************************************************
30-05-2019 14:29:05 INFO [asnconverter]: $$$$$$$$$$$$$$$$$$$$$ Parsing File SDPOUTPUTCDR_4001_meytvvmsdp01_SUB_7094_20190530-141410.ASN $$$$$$$$$$$$$$$$$$$$$$$$$
30-05-2019 14:29:05 INFO [asnconverter]: ****************************************************************************************
30-05-2019 14:29:05 INFO [asnconverter]: ****************************************************************************************
30-05-2019 14:29:06 INFO [asnconverter]: accountNumber = 971520001714
30-05-2019 14:29:06 INFO [asnconverter]: adjustmentRecordType = refillCDR
30-05-2019 14:29:06 INFO [asnconverter]: sdpID = meytvvmsdp01
30-05-2019 14:29:06 INFO [asnconverter]: cdrID = 148353153998995797
30-05-2019 14:29:06 INFO [asnconverter]: accountNumber = 971520001714
30-05-2019 14:29:06 INFO [asnconverter]: subscriberNumber = 971520001714
30-05-2019 14:29:06 INFO [asnconverter]: adjustmentTimeStamp = 20190530141410+0400
30-05-2019 14:29:06 INFO [asnconverter]: serviceClassId = 1001
30-05-2019 14:29:06 INFO [asnconverter]: currencyType = 0
30-05-2019 14:29:06 INFO [asnconverter]: originNodeType = CIS
30-05-2019 14:29:06 INFO [asnconverter]: originNodeId = CIS
30-05-2019 14:29:06 INFO [asnconverter]: origTransactionID = 2530731345073
30-05-2019 14:29:06 INFO [asnconverter]: origTransactionTimeStamp = 20190530141543+0400
30-05-2019 14:29:06 INFO [asnconverter]: originOperatorId = CIS
30-05-2019 14:29:06 INFO [asnconverter]: accountFlagsBefore = 10000000
30-05-2019 14:29:06 INFO [asnconverter]: accountFlagsAfter = 10000000
30-05-2019 14:29:06 INFO [asnconverter]: activationDate = 20190310
30-05-2019 14:29:06 INFO [asnconverter]: offerID = 1001
30-05-2019 14:29:06 INFO [asnconverter]: action = set
30-05-2019 14:29:06 INFO [asnconverter]: offerType = timer
30-05-2019 14:29:06 INFO [asnconverter]: offerDisabledAfter = FALSE
30-05-2019 14:29:06 INFO [asnconverter]: XXXXXXXXXXXXXXXXXXXXXXX             -E---N---D-             XXXXXXXXXXXXXXXXXXXXXX
30-05-2019 14:29:06 INFO [asnconverter]: ****************************************************************************************
30-05-2019 14:29:06 INFO [asnconverter]: ****************************************************************************************
30-05-2019 14:29:06 INFO [asnconverter]: $$$$$$$$$$$$$$$$$$$$$ Parsing File CHARGINGCDR-meytvvmocc01-190530-1414-02673.ber $$$$$$$$$$$$$$$$$$$$$$$$$
30-05-2019 14:29:06 INFO [asnconverter]: ****************************************************************************************
30-05-2019 14:29:06 INFO [asnconverter]: ****************************************************************************************
30-05-2019 14:29:06 INFO [asnconverter]: subscriptionIDValue = 971520001714
30-05-2019 14:29:06 INFO [asnconverter]: triggerTime = 915003415134304000
30-05-2019 14:29:06 INFO [asnconverter]: nodeName = meytvvmocc01
30-05-2019 14:29:06 INFO [asnconverter]: serviceContextID = SCAP_V.2.0@ericsson.com
30-05-2019 14:29:06 INFO [asnconverter]: chargingContextID = SCAP_V.2.0@ericsson.com
30-05-2019 14:29:06 INFO [asnconverter]: serviceSessionID = -:1001:1
30-05-2019 14:29:06 INFO [asnconverter]: recordIdentificationNumber = 10C2
30-05-2019 14:29:06 INFO [asnconverter]: partialSequenceNumber = 0
30-05-2019 14:29:06 INFO [asnconverter]: lastPartialOutput = TRUE
30-05-2019 14:29:06 INFO [asnconverter]: subscriptionIDType = endUserE164
30-05-2019 14:29:06 INFO [asnconverter]: subscriptionIDValue = 971520001714
30-05-2019 14:29:06 INFO [asnconverter]: sessionId = 2530731345073
30-05-2019 14:29:07 INFO [asnconverter]: ccRequestNumber = 1
30-05-2019 14:29:07 INFO [asnconverter]: originRealm = 6369732E636F6D
30-05-2019 14:29:07 INFO [asnconverter]: originHost = 31302E39352E3231342E313337
30-05-2019 14:29:07 INFO [asnconverter]: serviceIdentifier = 1001
30-05-2019 14:29:07 INFO [asnconverter]: tariffChangeUsage = before
30-05-2019 14:29:07 INFO [asnconverter]: amount = 0
30-05-2019 14:29:07 INFO [asnconverter]: decimals = 2
30-05-2019 14:29:07 INFO [asnconverter]: currency = 784
30-05-2019 14:29:07 INFO [asnconverter]: eventTime = 32303139303533303134313431302B30343030
30-05-2019 14:29:07 INFO [asnconverter]: triggerTime = 915003415134304000
30-05-2019 14:29:07 INFO [asnconverter]: serviceScenario = mobileOriginating
30-05-2019 14:29:07 INFO [asnconverter]: roamingPosition = insideHPLMN
30-05-2019 14:29:07 INFO [asnconverter]: servedAccount = 81795102007141
30-05-2019 14:29:07 INFO [asnconverter]: serviceClassID = 1001
30-05-2019 14:29:07 INFO [asnconverter]: accountGroupID = 0
30-05-2019 14:29:07 INFO [asnconverter]: accountValueBefore = 0 6 784
30-05-2019 14:29:07 INFO [asnconverter]: amount = 0
30-05-2019 14:29:07 INFO [asnconverter]: decimals = 6
30-05-2019 14:29:07 INFO [asnconverter]: currency = 784
30-05-2019 14:29:07 INFO [asnconverter]: accountValueAfter = 0 6 784
30-05-2019 14:29:07 INFO [asnconverter]: amount = 0
30-05-2019 14:29:07 INFO [asnconverter]: decimals = 6
30-05-2019 14:29:07 INFO [asnconverter]: currency = 784
30-05-2019 14:29:07 INFO [asnconverter]: XXXXXXXXXXXXXXXXXXXXXXX             -E---N---D-             XXXXXXXXXXXXXXXXXXXXXX
