01-05-2019 17:36:23 INFO [asnconverter]: Starting execution at +:01-May-2019 17:36:22
01-05-2019 17:36:23 INFO [asnconverter]: ****************************************************************************************
01-05-2019 17:36:23 INFO [asnconverter]: ****************************************************************************************
01-05-2019 17:36:23 INFO [asnconverter]: $$$$$$$$$$$$$$$$$$$$$ Parsing File meydvvmccn01-CCNCDR44-01-Blk0Blk-0057-20181226083149-2 $$$$$$$$$$$$$$$$$$$$$$$$$
01-05-2019 17:36:23 INFO [asnconverter]: ****************************************************************************************
01-05-2019 17:36:23 INFO [asnconverter]: ****************************************************************************************
01-05-2019 17:36:24 INFO [asnconverter]: subscriptionIDValue = 971520000035
01-05-2019 17:36:24 INFO [asnconverter]: OfferID = 4501
01-05-2019 17:36:24 INFO [asnconverter]: inidividualPriceFactor = 105
01-05-2019 17:36:24 INFO [asnconverter]: timeUnit = 60
01-05-2019 17:36:24 INFO [asnconverter]: amount = 993116825
01-05-2019 17:36:24 INFO [asnconverter]: XXXXXXXXXXXXXXXXXXXXXXX             -E---N---D-             XXXXXXXXXXXXXXXXXXXXXX
01-05-2019 17:36:24 INFO [asnconverter]: ****************************************************************************************
01-05-2019 17:36:24 INFO [asnconverter]: ****************************************************************************************
01-05-2019 17:36:24 INFO [asnconverter]: $$$$$$$$$$$$$$$$$$$$$ Parsing File AIROUTPUTCDR_4011_3571_20190414-224417.AIR $$$$$$$$$$$$$$$$$$$$$$$$$
01-05-2019 17:36:24 INFO [asnconverter]: ****************************************************************************************
01-05-2019 17:36:24 INFO [asnconverter]: ****************************************************************************************
01-05-2019 17:36:24 INFO [asnconverter]: accountNumber = 971520000174
01-05-2019 17:36:24 INFO [asnconverter]: transactionAmount = 100.000000
01-05-2019 17:36:24 INFO [asnconverter]: XXXXXXXXXXXXXXXXXXXXXXX             -E---N---D-             XXXXXXXXXXXXXXXXXXXXXX
01-05-2019 17:36:24 INFO [asnconverter]: ****************************************************************************************
01-05-2019 17:36:24 INFO [asnconverter]: ****************************************************************************************
01-05-2019 17:36:24 INFO [asnconverter]: $$$$$$$$$$$$$$$$$$$$$ Parsing File AIROUTPUTCDR_4011_3572_20190414-225920.AIR $$$$$$$$$$$$$$$$$$$$$$$$$
01-05-2019 17:36:24 INFO [asnconverter]: ****************************************************************************************
01-05-2019 17:36:24 INFO [asnconverter]: ****************************************************************************************
01-05-2019 17:36:25 INFO [asnconverter]: accountNumber = 971520000174
01-05-2019 17:36:25 INFO [asnconverter]: transactionAmount = 100.000000
01-05-2019 17:36:25 INFO [asnconverter]: XXXXXXXXXXXXXXXXXXXXXXX             -E---N---D-             XXXXXXXXXXXXXXXXXXXXXX
01-05-2019 17:36:25 INFO [asnconverter]: ****************************************************************************************
01-05-2019 17:36:25 INFO [asnconverter]: ****************************************************************************************
01-05-2019 17:36:25 INFO [asnconverter]: $$$$$$$$$$$$$$$$$$$$$ Parsing File AIROUTPUTCDR_4011_3578_20190415-113150.AIR $$$$$$$$$$$$$$$$$$$$$$$$$
01-05-2019 17:36:25 INFO [asnconverter]: ****************************************************************************************
01-05-2019 17:36:25 INFO [asnconverter]: ****************************************************************************************
01-05-2019 17:36:25 INFO [asnconverter]: accountNumber = 971520000168
01-05-2019 17:36:25 INFO [asnconverter]: XXXXXXXXXXXXXXXXXXXXXXX             -E---N---D-             XXXXXXXXXXXXXXXXXXXXXX
01-05-2019 17:36:25 INFO [asnconverter]: ****************************************************************************************
01-05-2019 17:36:25 INFO [asnconverter]: ****************************************************************************************
01-05-2019 17:36:25 INFO [asnconverter]: $$$$$$$$$$$$$$$$$$$$$ Parsing File AIROUTPUTCDR_4011_3750_20190417-215829.AIR $$$$$$$$$$$$$$$$$$$$$$$$$
01-05-2019 17:36:25 INFO [asnconverter]: ****************************************************************************************
01-05-2019 17:36:25 INFO [asnconverter]: ****************************************************************************************
01-05-2019 17:36:25 INFO [asnconverter]: accountNumber = 971520000174
01-05-2019 17:36:25 INFO [asnconverter]: transactionAmount = 20.000000
01-05-2019 17:36:25 INFO [asnconverter]: XXXXXXXXXXXXXXXXXXXXXXX             -E---N---D-             XXXXXXXXXXXXXXXXXXXXXX
01-05-2019 17:36:25 INFO [asnconverter]: ****************************************************************************************
01-05-2019 17:36:25 INFO [asnconverter]: ****************************************************************************************
01-05-2019 17:36:25 INFO [asnconverter]: $$$$$$$$$$$$$$$$$$$$$ Parsing File AIR_USSD-Recharge.AIR $$$$$$$$$$$$$$$$$$$$$$$$$
01-05-2019 17:36:25 INFO [asnconverter]: ****************************************************************************************
01-05-2019 17:36:25 INFO [asnconverter]: ****************************************************************************************
01-05-2019 17:36:26 INFO [asnconverter]: accountNumber = 971520000189
01-05-2019 17:36:26 INFO [asnconverter]: transactionAmount = 100.000000
01-05-2019 17:36:26 INFO [asnconverter]: XXXXXXXXXXXXXXXXXXXXXXX             -E---N---D-             XXXXXXXXXXXXXXXXXXXXXX
01-05-2019 17:36:26 INFO [asnconverter]: ****************************************************************************************
01-05-2019 17:36:26 INFO [asnconverter]: ****************************************************************************************
01-05-2019 17:36:26 INFO [asnconverter]: $$$$$$$$$$$$$$$$$$$$$ Parsing File SDP-Voucher-Recharge.ASN $$$$$$$$$$$$$$$$$$$$$$$$$
01-05-2019 17:36:26 INFO [asnconverter]: ****************************************************************************************
01-05-2019 17:36:26 INFO [asnconverter]: ****************************************************************************************
01-05-2019 17:36:26 INFO [asnconverter]: accountNumber = 971520000127
01-05-2019 17:36:26 INFO [asnconverter]: accountValueBefore = 0.000000
01-05-2019 17:36:26 INFO [asnconverter]: accountValueAfter = 100.000000
01-05-2019 17:36:26 INFO [asnconverter]: adjustmentAmount = 100.000000
01-05-2019 17:36:26 INFO [asnconverter]: action = create
01-05-2019 17:36:26 INFO [asnconverter]: XXXXXXXXXXXXXXXXXXXXXXX             -E---N---D-             XXXXXXXXXXXXXXXXXXXXXX
