06-05-2019 11:22:59 INFO [asnconverter]: Starting execution at +:06-May-2019 11:22:59
06-05-2019 11:23:00 INFO [asnconverter]: ****************************************************************************************
06-05-2019 11:23:00 INFO [asnconverter]: ****************************************************************************************
06-05-2019 11:23:00 INFO [asnconverter]: $$$$$$$$$$$$$$$$$$$$$ Parsing File meydvvmccn01-CCNCDR44-01-Blk0Blk-0057-20181226083149-2 $$$$$$$$$$$$$$$$$$$$$$$$$
06-05-2019 11:23:00 INFO [asnconverter]: ****************************************************************************************
06-05-2019 11:23:00 INFO [asnconverter]: ****************************************************************************************
06-05-2019 11:23:00 INFO [asnconverter]: resultCode = 2001
06-05-2019 11:23:00 INFO [asnconverter]: subscriptionIDValue = 971520000035
06-05-2019 11:23:00 INFO [asnconverter]: eventTime = 32303138313231323137343332352B30343030
06-05-2019 11:23:00 INFO [asnconverter]: serviceScenario = mobileOriginating
06-05-2019 11:23:00 INFO [asnconverter]: roamingPosition = insideHPLMN
06-05-2019 11:23:00 INFO [asnconverter]: serviceClassID = 1002
06-05-2019 11:23:00 INFO [asnconverter]: accumulators = 68 60 33816748 33816688
06-05-2019 11:23:00 INFO [asnconverter]: accumulatorID = 68
06-05-2019 11:23:00 INFO [asnconverter]: accumulatorChange = 60
06-05-2019 11:23:00 INFO [asnconverter]: accumulatorAfter = 33816748
06-05-2019 11:23:00 INFO [asnconverter]: accumulatorBeforeSession = 33816688
06-05-2019 11:23:00 INFO [asnconverter]: dedicatedAccounts = 1 993116825 6 784 985850825 6 784 7266000 6 784 FALSE money
06-05-2019 11:23:00 INFO [asnconverter]: DedicatedAccount = 1 993116825 6 784 985850825 6 784 7266000 6 784 FALSE money
06-05-2019 11:23:00 INFO [asnconverter]: dedicatedAccountID = 1
06-05-2019 11:23:00 INFO [asnconverter]: dedicatedAccountValueBefore = 993116825 6 784
06-05-2019 11:23:00 INFO [asnconverter]: amount = 0
06-05-2019 11:23:00 INFO [asnconverter]: decimals = 6
06-05-2019 11:23:00 INFO [asnconverter]: currency = 784
06-05-2019 11:23:00 INFO [asnconverter]: dedicatedAccountValueAfter = 985850825 6 784
06-05-2019 11:23:00 INFO [asnconverter]: currency = 784
06-05-2019 11:23:00 INFO [asnconverter]: dedicatedAccountChange = 7266000 6 784
06-05-2019 11:23:00 INFO [asnconverter]: amount = 0
06-05-2019 11:23:00 INFO [asnconverter]: decimals = 6
06-05-2019 11:23:00 INFO [asnconverter]: currency = 784
06-05-2019 11:23:01 INFO [asnconverter]: XXXXXXXXXXXXXXXXXXXXXXX             -E---N---D-             XXXXXXXXXXXXXXXXXXXXXX
06-05-2019 11:23:01 INFO [asnconverter]: ****************************************************************************************
06-05-2019 11:23:01 INFO [asnconverter]: ****************************************************************************************
06-05-2019 11:23:01 INFO [asnconverter]: $$$$$$$$$$$$$$$$$$$$$ Parsing File meydvvmccn01-CCNCDR44-01-Blk0Blk-3031-20190502162630-1 $$$$$$$$$$$$$$$$$$$$$$$$$
06-05-2019 11:23:01 INFO [asnconverter]: ****************************************************************************************
06-05-2019 11:23:01 INFO [asnconverter]: ****************************************************************************************
06-05-2019 11:23:01 INFO [asnconverter]: resultCode = 2001
06-05-2019 11:23:01 INFO [asnconverter]: subscriptionIDValue = 971520001695
06-05-2019 11:23:01 INFO [asnconverter]: serviceSpecificUnit = 1
06-05-2019 11:23:01 INFO [asnconverter]: eventTime = 32303139303530323230323633302B30343030
06-05-2019 11:23:01 INFO [asnconverter]: serviceScenario = mobileOriginating
06-05-2019 11:23:01 INFO [asnconverter]: roamingPosition = insideHPLMN
06-05-2019 11:23:01 INFO [asnconverter]: serviceClassID = 1001
06-05-2019 11:23:01 INFO [asnconverter]: accumulators = 68 1 39452673 39452672 61 0 1 1
06-05-2019 11:23:01 INFO [asnconverter]: accumulatorID = 68
06-05-2019 11:23:01 INFO [asnconverter]: accumulatorChange = 1
06-05-2019 11:23:01 INFO [asnconverter]: accumulatorAfter = 39452673
06-05-2019 11:23:01 INFO [asnconverter]: accumulatorBeforeSession = 39452672
06-05-2019 11:23:01 INFO [asnconverter]: dedicatedAccounts = 1 21670000 6 784 21481000 6 784 189000 6 784 FALSE money
06-05-2019 11:23:01 INFO [asnconverter]: DedicatedAccount = 1 21670000 6 784 21481000 6 784 189000 6 784 FALSE money
06-05-2019 11:23:01 INFO [asnconverter]: dedicatedAccountID = 1
06-05-2019 11:23:01 INFO [asnconverter]: dedicatedAccountValueBefore = 21670000 6 784
06-05-2019 11:23:01 INFO [asnconverter]: amount = 0
06-05-2019 11:23:01 INFO [asnconverter]: decimals = 6
06-05-2019 11:23:01 INFO [asnconverter]: currency = 784
06-05-2019 11:23:01 INFO [asnconverter]: dedicatedAccountValueAfter = 21481000 6 784
06-05-2019 11:23:01 INFO [asnconverter]: currency = 784
06-05-2019 11:23:01 INFO [asnconverter]: dedicatedAccountChange = 189000 6 784
06-05-2019 11:23:01 INFO [asnconverter]: amount = 0
06-05-2019 11:23:01 INFO [asnconverter]: decimals = 6
06-05-2019 11:23:01 INFO [asnconverter]: currency = 784
06-05-2019 11:23:01 INFO [asnconverter]: XXXXXXXXXXXXXXXXXXXXXXX             -E---N---D-             XXXXXXXXXXXXXXXXXXXXXX
