30-05-2019 11:59:27 INFO [asnconverter]: Starting execution at +:30-May-2019 11:58:16
30-05-2019 11:59:27 INFO [asnconverter]: ****************************************************************************************
30-05-2019 11:59:27 INFO [asnconverter]: ****************************************************************************************
30-05-2019 11:59:27 INFO [asnconverter]: $$$$$$$$$$$$$$$$$$$$$ Parsing File CHARGINGCDR-meytvvmocc01-190530-1153-02640.ber $$$$$$$$$$$$$$$$$$$$$$$$$
30-05-2019 11:59:27 INFO [asnconverter]: ****************************************************************************************
30-05-2019 11:59:27 INFO [asnconverter]: ****************************************************************************************
30-05-2019 11:59:28 INFO [asnconverter]: subscriptionIDValue = 971520002384
30-05-2019 11:59:28 INFO [asnconverter]: triggerTime = 32303139303533303131353630362B30343030
30-05-2019 11:59:28 INFO [asnconverter]: nodeName = meytvvmocc01
30-05-2019 11:59:28 INFO [asnconverter]: serviceContextID = SCAP_V.2.0@ericsson.com
30-05-2019 11:59:28 INFO [asnconverter]: chargingContextID = SCAP_V.2.0@ericsson.com
30-05-2019 11:59:28 INFO [asnconverter]: serviceSessionID = -:1002:1
30-05-2019 11:59:28 INFO [asnconverter]: recordIdentificationNumber = 1088
30-05-2019 11:59:28 INFO [asnconverter]: partialSequenceNumber = 0
30-05-2019 11:59:28 INFO [asnconverter]: lastPartialOutput = TRUE
30-05-2019 11:59:28 INFO [asnconverter]: subscriptionIDType = endUserE164
30-05-2019 11:59:28 INFO [asnconverter]: subscriptionIDValue = 971520002384
30-05-2019 11:59:28 INFO [asnconverter]: sessionId = 2530723156061
30-05-2019 11:59:28 INFO [asnconverter]: ccRequestNumber = 1
30-05-2019 11:59:28 INFO [asnconverter]: originRealm = 6369732E636F6D
30-05-2019 11:59:28 INFO [asnconverter]: originHost = 31302E39352E3231342E313337
30-05-2019 11:59:28 INFO [asnconverter]: serviceIdentifier = 1002
30-05-2019 11:59:28 INFO [asnconverter]: tariffChangeUsage = before
30-05-2019 11:59:28 INFO [asnconverter]: amount = 0
30-05-2019 11:59:28 INFO [asnconverter]: decimals = 6
30-05-2019 11:59:28 INFO [asnconverter]: currency = 784
30-05-2019 11:59:28 INFO [asnconverter]: eventTime = 32303139303533303131353535382B30343030
30-05-2019 11:59:28 INFO [asnconverter]: triggerTime = 32303139303533303131353630362B30343030
30-05-2019 11:59:28 INFO [asnconverter]: serviceScenario = mobileOriginating
30-05-2019 11:59:28 INFO [asnconverter]: roamingPosition = insideHPLMN
30-05-2019 11:59:28 INFO [asnconverter]: servedAccount = 81795102003248
30-05-2019 11:59:28 INFO [asnconverter]: serviceClassID = 1001
30-05-2019 11:59:28 INFO [asnconverter]: accountGroupID = 0
30-05-2019 11:59:28 INFO [asnconverter]: accountValueBefore = 0 6 784
30-05-2019 11:59:28 INFO [asnconverter]: amount = 0
30-05-2019 11:59:28 INFO [asnconverter]: decimals = 6
30-05-2019 11:59:28 INFO [asnconverter]: currency = 784
30-05-2019 11:59:28 INFO [asnconverter]: accountValueAfter = 0 6 784
30-05-2019 11:59:28 INFO [asnconverter]: amount = 0
30-05-2019 11:59:28 INFO [asnconverter]: decimals = 6
30-05-2019 11:59:28 INFO [asnconverter]: currency = 784
30-05-2019 11:59:29 INFO [asnconverter]: XXXXXXXXXXXXXXXXXXXXXXX             -E---N---D-             XXXXXXXXXXXXXXXXXXXXXX
