06-05-2019 11:11:17 INFO [asnconverter]: Starting execution at +:06-May-2019 11:11:17
06-05-2019 11:11:18 INFO [asnconverter]: ****************************************************************************************
06-05-2019 11:11:18 INFO [asnconverter]: ****************************************************************************************
06-05-2019 11:11:18 INFO [asnconverter]: $$$$$$$$$$$$$$$$$$$$$ Parsing File meydvvmccn01-CCNCDR44-01-Blk0Blk-0057-20181226083149-2 $$$$$$$$$$$$$$$$$$$$$$$$$
06-05-2019 11:11:18 INFO [asnconverter]: ****************************************************************************************
06-05-2019 11:11:18 INFO [asnconverter]: ****************************************************************************************
06-05-2019 11:11:18 INFO [asnconverter]: subscriptionIDValue = 971520000035
06-05-2019 11:11:18 INFO [asnconverter]: OfferID = 4501
06-05-2019 11:11:18 INFO [asnconverter]: inidividualPriceFactor = 105
06-05-2019 11:11:18 INFO [asnconverter]: timeUnit = 60
06-05-2019 11:11:18 INFO [asnconverter]: amount = 993116825
06-05-2019 11:11:19 INFO [asnconverter]: XXXXXXXXXXXXXXXXXXXXXXX             -E---N---D-             XXXXXXXXXXXXXXXXXXXXXX
06-05-2019 11:11:19 INFO [asnconverter]: ****************************************************************************************
06-05-2019 11:11:19 INFO [asnconverter]: ****************************************************************************************
06-05-2019 11:11:19 INFO [asnconverter]: $$$$$$$$$$$$$$$$$$$$$ Parsing File meydvvmccn01-CCNCDR44-01-Blk0Blk-3031-20190502162630-1 $$$$$$$$$$$$$$$$$$$$$$$$$
06-05-2019 11:11:19 INFO [asnconverter]: ****************************************************************************************
06-05-2019 11:11:19 INFO [asnconverter]: ****************************************************************************************
06-05-2019 11:11:19 INFO [asnconverter]: subscriptionIDValue = 971520001695
06-05-2019 11:11:19 INFO [asnconverter]: inidividualPriceFactor = 105
06-05-2019 11:11:19 INFO [asnconverter]: amount = 21670000
06-05-2019 11:11:19 INFO [asnconverter]: XXXXXXXXXXXXXXXXXXXXXXX             -E---N---D-             XXXXXXXXXXXXXXXXXXXXXX
06-05-2019 11:11:19 INFO [asnconverter]: ****************************************************************************************
06-05-2019 11:11:19 INFO [asnconverter]: ****************************************************************************************
06-05-2019 11:11:19 INFO [asnconverter]: $$$$$$$$$$$$$$$$$$$$$ Parsing File AIROUTPUTCDR_4011_3571_20190414-224417.AIR $$$$$$$$$$$$$$$$$$$$$$$$$
06-05-2019 11:11:19 INFO [asnconverter]: ****************************************************************************************
06-05-2019 11:11:19 INFO [asnconverter]: ****************************************************************************************
06-05-2019 11:11:20 INFO [asnconverter]: accountNumber = 971520000174
06-05-2019 11:11:20 INFO [asnconverter]: transactionAmount = 100.000000
06-05-2019 11:11:20 INFO [asnconverter]: XXXXXXXXXXXXXXXXXXXXXXX             -E---N---D-             XXXXXXXXXXXXXXXXXXXXXX
06-05-2019 11:11:20 INFO [asnconverter]: ****************************************************************************************
06-05-2019 11:11:20 INFO [asnconverter]: ****************************************************************************************
06-05-2019 11:11:20 INFO [asnconverter]: $$$$$$$$$$$$$$$$$$$$$ Parsing File AIROUTPUTCDR_4011_3572_20190414-225920.AIR $$$$$$$$$$$$$$$$$$$$$$$$$
06-05-2019 11:11:20 INFO [asnconverter]: ****************************************************************************************
06-05-2019 11:11:20 INFO [asnconverter]: ****************************************************************************************
06-05-2019 11:11:20 INFO [asnconverter]: accountNumber = 971520000174
06-05-2019 11:11:20 INFO [asnconverter]: transactionAmount = 100.000000
06-05-2019 11:11:20 INFO [asnconverter]: XXXXXXXXXXXXXXXXXXXXXXX             -E---N---D-             XXXXXXXXXXXXXXXXXXXXXX
06-05-2019 11:11:20 INFO [asnconverter]: ****************************************************************************************
06-05-2019 11:11:20 INFO [asnconverter]: ****************************************************************************************
06-05-2019 11:11:20 INFO [asnconverter]: $$$$$$$$$$$$$$$$$$$$$ Parsing File AIROUTPUTCDR_4011_3578_20190415-113150.AIR $$$$$$$$$$$$$$$$$$$$$$$$$
06-05-2019 11:11:20 INFO [asnconverter]: ****************************************************************************************
06-05-2019 11:11:20 INFO [asnconverter]: ****************************************************************************************
06-05-2019 11:11:20 INFO [asnconverter]: accountNumber = 971520000168
06-05-2019 11:11:20 INFO [asnconverter]: XXXXXXXXXXXXXXXXXXXXXXX             -E---N---D-             XXXXXXXXXXXXXXXXXXXXXX
06-05-2019 11:11:20 INFO [asnconverter]: ****************************************************************************************
06-05-2019 11:11:20 INFO [asnconverter]: ****************************************************************************************
06-05-2019 11:11:20 INFO [asnconverter]: $$$$$$$$$$$$$$$$$$$$$ Parsing File AIROUTPUTCDR_4011_3750_20190417-215829.AIR $$$$$$$$$$$$$$$$$$$$$$$$$
06-05-2019 11:11:20 INFO [asnconverter]: ****************************************************************************************
06-05-2019 11:11:20 INFO [asnconverter]: ****************************************************************************************
06-05-2019 11:11:21 INFO [asnconverter]: accountNumber = 971520000174
06-05-2019 11:11:21 INFO [asnconverter]: transactionAmount = 20.000000
06-05-2019 11:11:21 INFO [asnconverter]: XXXXXXXXXXXXXXXXXXXXXXX             -E---N---D-             XXXXXXXXXXXXXXXXXXXXXX
06-05-2019 11:11:21 INFO [asnconverter]: ****************************************************************************************
06-05-2019 11:11:21 INFO [asnconverter]: ****************************************************************************************
06-05-2019 11:11:21 INFO [asnconverter]: $$$$$$$$$$$$$$$$$$$$$ Parsing File AIR_USSD-Recharge.AIR $$$$$$$$$$$$$$$$$$$$$$$$$
06-05-2019 11:11:21 INFO [asnconverter]: ****************************************************************************************
06-05-2019 11:11:21 INFO [asnconverter]: ****************************************************************************************
06-05-2019 11:11:21 INFO [asnconverter]: accountNumber = 971520000189
06-05-2019 11:11:21 INFO [asnconverter]: transactionAmount = 100.000000
06-05-2019 11:11:21 INFO [asnconverter]: XXXXXXXXXXXXXXXXXXXXXXX             -E---N---D-             XXXXXXXXXXXXXXXXXXXXXX
06-05-2019 11:11:21 INFO [asnconverter]: ****************************************************************************************
06-05-2019 11:11:21 INFO [asnconverter]: ****************************************************************************************
06-05-2019 11:11:21 INFO [asnconverter]: $$$$$$$$$$$$$$$$$$$$$ Parsing File SDP-Voucher-Recharge.ASN $$$$$$$$$$$$$$$$$$$$$$$$$
06-05-2019 11:11:21 INFO [asnconverter]: ****************************************************************************************
06-05-2019 11:11:21 INFO [asnconverter]: ****************************************************************************************
06-05-2019 11:11:21 INFO [asnconverter]: accountNumber = 971520000127
06-05-2019 11:11:21 INFO [asnconverter]: accountValueBefore = 0.000000
06-05-2019 11:11:21 INFO [asnconverter]: accountValueAfter = 100.000000
06-05-2019 11:11:21 INFO [asnconverter]: adjustmentAmount = 100.000000
06-05-2019 11:11:21 INFO [asnconverter]: action = create
06-05-2019 11:11:22 INFO [asnconverter]: XXXXXXXXXXXXXXXXXXXXXXX             -E---N---D-             XXXXXXXXXXXXXXXXXXXXXX
