27-05-2019 11:58:17 INFO [asnconverter]: Starting execution at +:27-May-2019 11:55:56
27-05-2019 11:58:17 INFO [asnconverter]: ****************************************************************************************
27-05-2019 11:58:17 INFO [asnconverter]: ****************************************************************************************
27-05-2019 11:58:17 INFO [asnconverter]: $$$$$$$$$$$$$$$$$$$$$ Parsing File SDPOUTPUTCDR_4001_meytvvmsdp01_SUB_6081_20190527-113218.ASN $$$$$$$$$$$$$$$$$$$$$$$$$
27-05-2019 11:58:17 INFO [asnconverter]: ****************************************************************************************
27-05-2019 11:58:17 INFO [asnconverter]: ****************************************************************************************
27-05-2019 11:58:19 INFO [asnconverter]: accountNumber = 971520001028
27-05-2019 11:58:19 INFO [asnconverter]: action = set
27-05-2019 11:58:19 INFO [asnconverter]: XXXXXXXXXXXXXXXXXXXXXXX             -E---N---D-             XXXXXXXXXXXXXXXXXXXXXX
27-05-2019 11:58:19 INFO [asnconverter]: ****************************************************************************************
27-05-2019 11:58:19 INFO [asnconverter]: ****************************************************************************************
27-05-2019 11:58:19 INFO [asnconverter]: $$$$$$$$$$$$$$$$$$$$$ Parsing File CHARGINGCDR-meydvvmocc02-190527-1150-02235.ber $$$$$$$$$$$$$$$$$$$$$$$$$
27-05-2019 11:58:19 INFO [asnconverter]: ****************************************************************************************
27-05-2019 11:58:19 INFO [asnconverter]: ****************************************************************************************
27-05-2019 11:58:19 INFO [asnconverter]: subscriptionIDValue = 971552000209
27-05-2019 11:58:19 INFO [asnconverter]: triggerTime = 915072110542304000
27-05-2019 11:58:19 INFO [asnconverter]: nodeName = meydvvmocc02
27-05-2019 11:58:19 INFO [asnconverter]: serviceContextID = SCAP_V.2.0@ericsson.com
27-05-2019 11:58:20 INFO [asnconverter]: chargingContextID = SCAP_V.2.0@ericsson.com
27-05-2019 11:58:20 INFO [asnconverter]: serviceSessionID = -:1002:1
27-05-2019 11:58:20 INFO [asnconverter]: XXXXXXXXXXXXXXXXXXXXXXX             -E---N---D-             XXXXXXXXXXXXXXXXXXXXXX
27-05-2019 11:58:20 INFO [asnconverter]: ****************************************************************************************
27-05-2019 11:58:20 INFO [asnconverter]: ****************************************************************************************
27-05-2019 11:58:20 INFO [asnconverter]: $$$$$$$$$$$$$$$$$$$$$ Parsing File CHARGINGCDR-meytvvmocc01-190527-1015-02242.ber $$$$$$$$$$$$$$$$$$$$$$$$$
27-05-2019 11:58:20 INFO [asnconverter]: ****************************************************************************************
27-05-2019 11:58:20 INFO [asnconverter]: ****************************************************************************************
27-05-2019 11:58:20 INFO [asnconverter]: subscriptionIDValue = 971520001714
27-05-2019 11:58:20 INFO [asnconverter]: triggerTime = 915072016161304000
27-05-2019 11:58:20 INFO [asnconverter]: nodeName = meytvvmocc01
27-05-2019 11:58:20 INFO [asnconverter]: serviceContextID = SCAP_V.2.0@ericsson.com
27-05-2019 11:58:20 INFO [asnconverter]: chargingContextID = SCAP_V.2.0@ericsson.com
27-05-2019 11:58:20 INFO [asnconverter]: serviceSessionID = -:1001:1
27-05-2019 11:58:20 INFO [asnconverter]: XXXXXXXXXXXXXXXXXXXXXXX             -E---N---D-             XXXXXXXXXXXXXXXXXXXXXX
