10-01-2019 16:13:21 INFO [asnconverter]: Starting execution at +:10-Jan-2019 16:13:21
10-01-2019 16:13:22 INFO [asnconverter]: ****************************************************************************************
10-01-2019 16:13:22 INFO [asnconverter]: ****************************************************************************************
10-01-2019 16:13:22 INFO [asnconverter]: $$$$$$$$$$$$$$$$$$$$$ Parsing File meydvvmccn01-CCNCDR44-01-Blk0Blk-0057-20181226083149-2 $$$$$$$$$$$$$$$$$$$$$$$$$
10-01-2019 16:13:22 INFO [asnconverter]: ****************************************************************************************
10-01-2019 16:13:22 INFO [asnconverter]: ****************************************************************************************
10-01-2019 16:13:22 INFO [asnconverter]: subscriptionIDValue = 971520000035
10-01-2019 16:13:22 INFO [asnconverter]: OfferID = 4501
10-01-2019 16:13:22 INFO [asnconverter]: inidividualPriceFactor = 105
10-01-2019 16:13:22 INFO [asnconverter]: timeUnit = 60
10-01-2019 16:13:22 INFO [asnconverter]: amount = 993116825
10-01-2019 16:13:23 INFO [asnconverter]: XXXXXXXXXXXXXXXXXXXXXXX             -E---N---D-             XXXXXXXXXXXXXXXXXXXXXX
10-01-2019 16:13:23 INFO [asnconverter]: ****************************************************************************************
10-01-2019 16:13:23 INFO [asnconverter]: ****************************************************************************************
10-01-2019 16:13:23 INFO [asnconverter]: $$$$$$$$$$$$$$$$$$$$$ Parsing File AIR_USSD-Recharge.AIR $$$$$$$$$$$$$$$$$$$$$$$$$
10-01-2019 16:13:23 INFO [asnconverter]: ****************************************************************************************
10-01-2019 16:13:23 INFO [asnconverter]: ****************************************************************************************
10-01-2019 16:13:23 INFO [asnconverter]: accountNumber = 971520000189
10-01-2019 16:13:23 INFO [asnconverter]: transactionAmount = 100.000000
10-01-2019 16:13:23 INFO [asnconverter]: XXXXXXXXXXXXXXXXXXXXXXX             -E---N---D-             XXXXXXXXXXXXXXXXXXXXXX
10-01-2019 16:13:23 INFO [asnconverter]: ****************************************************************************************
10-01-2019 16:13:23 INFO [asnconverter]: ****************************************************************************************
10-01-2019 16:13:23 INFO [asnconverter]: $$$$$$$$$$$$$$$$$$$$$ Parsing File SDP-Voucher-Recharge.ASN $$$$$$$$$$$$$$$$$$$$$$$$$
10-01-2019 16:13:23 INFO [asnconverter]: ****************************************************************************************
10-01-2019 16:13:23 INFO [asnconverter]: ****************************************************************************************
10-01-2019 16:13:24 INFO [asnconverter]: accountNumber = 971520000127
10-01-2019 16:13:24 INFO [asnconverter]: accountValueBefore = 0.000000
10-01-2019 16:13:24 INFO [asnconverter]: accountValueAfter = 100.000000
10-01-2019 16:13:24 INFO [asnconverter]: adjustmentAmount = 100.000000
10-01-2019 16:13:24 INFO [asnconverter]: action = create
10-01-2019 16:13:24 INFO [asnconverter]: XXXXXXXXXXXXXXXXXXXXXXX             -E---N---D-             XXXXXXXXXXXXXXXXXXXXXX
