01-05-2019 16:56:25 INFO [asnconverter]: Starting execution at +:01-May-2019 16:56:24
01-05-2019 16:56:26 INFO [asnconverter]: ****************************************************************************************
01-05-2019 16:56:26 INFO [asnconverter]: ****************************************************************************************
01-05-2019 16:56:26 INFO [asnconverter]: $$$$$$$$$$$$$$$$$$$$$ Parsing File meydvvmccn01-CCNCDR44-01-Blk0Blk-0057-20181226083149-2 $$$$$$$$$$$$$$$$$$$$$$$$$
01-05-2019 16:56:26 INFO [asnconverter]: ****************************************************************************************
01-05-2019 16:56:26 INFO [asnconverter]: ****************************************************************************************
01-05-2019 16:56:26 INFO [asnconverter]: subscriptionIDValue = 971520000035
01-05-2019 16:56:26 INFO [asnconverter]: OfferID = 4501
01-05-2019 16:56:26 INFO [asnconverter]: inidividualPriceFactor = 105
01-05-2019 16:56:26 INFO [asnconverter]: timeUnit = 60
01-05-2019 16:56:26 INFO [asnconverter]: amount = 993116825
01-05-2019 16:56:26 INFO [asnconverter]: XXXXXXXXXXXXXXXXXXXXXXX             -E---N---D- of TC_001             XXXXXXXXXXXXXXXXXXXXXX
01-05-2019 16:56:26 INFO [asnconverter]: ****************************************************************************************
01-05-2019 16:56:26 INFO [asnconverter]: ****************************************************************************************
01-05-2019 16:56:26 INFO [asnconverter]: $$$$$$$$$$$$$$$$$$$$$ Parsing File AIR_USSD-Recharge.AIR $$$$$$$$$$$$$$$$$$$$$$$$$
01-05-2019 16:56:26 INFO [asnconverter]: ****************************************************************************************
01-05-2019 16:56:26 INFO [asnconverter]: ****************************************************************************************
01-05-2019 16:56:27 INFO [asnconverter]: accountNumber = 971520000189
01-05-2019 16:56:27 INFO [asnconverter]: transactionAmount = 100.000000
01-05-2019 16:56:27 INFO [asnconverter]: XXXXXXXXXXXXXXXXXXXXXXX             -E---N---D- of TC_002             XXXXXXXXXXXXXXXXXXXXXX
01-05-2019 16:56:27 INFO [asnconverter]: ****************************************************************************************
01-05-2019 16:56:27 INFO [asnconverter]: ****************************************************************************************
01-05-2019 16:56:27 INFO [asnconverter]: $$$$$$$$$$$$$$$$$$$$$ Parsing File SDP-Voucher-Recharge.ASN $$$$$$$$$$$$$$$$$$$$$$$$$
01-05-2019 16:56:27 INFO [asnconverter]: ****************************************************************************************
01-05-2019 16:56:27 INFO [asnconverter]: ****************************************************************************************
01-05-2019 16:56:27 INFO [asnconverter]: accountNumber = 971520000127
01-05-2019 16:56:27 INFO [asnconverter]: accountValueBefore = 0.000000
01-05-2019 16:56:27 INFO [asnconverter]: accountValueAfter = 100.000000
01-05-2019 16:56:27 INFO [asnconverter]: adjustmentAmount = 100.000000
01-05-2019 16:56:27 INFO [asnconverter]: action = create
01-05-2019 16:56:27 INFO [asnconverter]: XXXXXXXXXXXXXXXXXXXXXXX             -E---N---D- of TC_003             XXXXXXXXXXXXXXXXXXXXXX
