27-05-2019 17:25:27 INFO [asnconverter]: Starting execution at +:27-May-2019 17:25:26
27-05-2019 17:25:27 INFO [asnconverter]: ****************************************************************************************
27-05-2019 17:25:27 INFO [asnconverter]: ****************************************************************************************
27-05-2019 17:25:27 INFO [asnconverter]: $$$$$$$$$$$$$$$$$$$$$ Parsing File meydvvmccn01-CCNCDR44-01-Blk0Blk-2252-20190327084030-2 $$$$$$$$$$$$$$$$$$$$$$$$$
27-05-2019 17:25:27 INFO [asnconverter]: ****************************************************************************************
27-05-2019 17:25:27 INFO [asnconverter]: ****************************************************************************************
27-05-2019 17:25:27 INFO [asnconverter]: subscriptionIDValue = 971520000174
27-05-2019 17:25:27 INFO [asnconverter]: timeUnit = 41
27-05-2019 17:25:27 INFO [asnconverter]: amount = 0
27-05-2019 17:25:28 INFO [asnconverter]: XXXXXXXXXXXXXXXXXXXXXXX             -E---N---D-             XXXXXXXXXXXXXXXXXXXXXX
27-05-2019 17:25:28 INFO [asnconverter]: ****************************************************************************************
27-05-2019 17:25:28 INFO [asnconverter]: ****************************************************************************************
27-05-2019 17:25:28 INFO [asnconverter]: $$$$$$$$$$$$$$$$$$$$$ Parsing File SDPOUTPUTCDR_4001_meytvvmsdp01_SUB_6225_20190527-163349.ASN $$$$$$$$$$$$$$$$$$$$$$$$$
27-05-2019 17:25:28 INFO [asnconverter]: ****************************************************************************************
27-05-2019 17:25:28 INFO [asnconverter]: ****************************************************************************************
27-05-2019 17:25:28 INFO [asnconverter]: accountNumber = 971520001714
27-05-2019 17:25:28 INFO [asnconverter]: action = set
27-05-2019 17:25:28 INFO [asnconverter]: XXXXXXXXXXXXXXXXXXXXXXX             -E---N---D-             XXXXXXXXXXXXXXXXXXXXXX
27-05-2019 17:25:28 INFO [asnconverter]: ****************************************************************************************
27-05-2019 17:25:28 INFO [asnconverter]: ****************************************************************************************
27-05-2019 17:25:28 INFO [asnconverter]: $$$$$$$$$$$$$$$$$$$$$ Parsing File CHARGINGCDR-meytvvmocc01-190527-1630-02318.ber $$$$$$$$$$$$$$$$$$$$$$$$$
27-05-2019 17:25:28 INFO [asnconverter]: ****************************************************************************************
27-05-2019 17:25:28 INFO [asnconverter]: ****************************************************************************************
27-05-2019 17:25:28 INFO [asnconverter]: subscriptionIDValue = 971520001714
27-05-2019 17:25:28 INFO [asnconverter]: triggerTime = 915072611310304000
27-05-2019 17:25:28 INFO [asnconverter]: nodeName = meytvvmocc01
27-05-2019 17:25:28 INFO [asnconverter]: serviceContextID = SCAP_V.2.0@ericsson.com
27-05-2019 17:25:28 INFO [asnconverter]: chargingContextID = SCAP_V.2.0@ericsson.com
27-05-2019 17:25:28 INFO [asnconverter]: serviceSessionID = -:1001:1
27-05-2019 17:25:28 INFO [asnconverter]: XXXXXXXXXXXXXXXXXXXXXXX             -E---N---D-             XXXXXXXXXXXXXXXXXXXXXX
